"C:/Users/Rowdy/Documents/Unreal Projects/Board_The_Platforms/Board_The_Platforms.uproject" 1
"../../../Engine/Plugins/2D/Paper2D/Paper2D.uplugin" 2
"../../../Engine/Plugins/Blendables/LightPropagationVolume/LightPropagationVolume.uplugin" 3
"../../../Engine/Plugins/Developer/BlankPlugin/BlankPlugin.uplugin" 4
"../../../Engine/Plugins/Developer/CodeLiteSourceCodeAccess/CodeLiteSourceCodeAccess.uplugin" 5
"../../../Engine/Plugins/Developer/GitSourceControl/GitSourceControl.uplugin" 6
"../../../Engine/Plugins/Developer/KDevelopSourceCodeAccess/KDevelopSourceCodeAccess.uplugin" 7
"../../../Engine/Plugins/Developer/NullSourceCodeAccess/NullSourceCodeAccess.uplugin" 8
"../../../Engine/Plugins/Developer/OneSkyLocalizationService/OneSkyLocalizationService.uplugin" 9
"../../../Engine/Plugins/Developer/PerforceSourceControl/PerforceSourceControl.uplugin" 10
"../../../Engine/Plugins/Developer/SubversionSourceControl/SubversionSourceControl.uplugin" 11
"../../../Engine/Plugins/Developer/UObjectPlugin/UObjectPlugin.uplugin" 12
"../../../Engine/Plugins/Developer/VisualStudioSourceCodeAccess/VisualStudioSourceCodeAccess.uplugin" 13
"../../../Engine/Plugins/Developer/XCodeSourceCodeAccess/XCodeSourceCodeAccess.uplugin" 14
"../../../Engine/Plugins/Editor/EpicSurvey/EpicSurvey.uplugin" 15
"../../../Engine/Plugins/Editor/MacGraphicsSwitching/MacGraphicsSwitching.uplugin" 16
"../../../Engine/Plugins/Editor/PluginBrowser/PluginBrowser.uplugin" 17
"../../../Engine/Plugins/Editor/SpeedTreeImporter/SpeedTreeImporter.uplugin" 18
"../../../Engine/Plugins/Experimental/BlueprintStats/BlueprintStats.uplugin" 19
"../../../Engine/Plugins/Experimental/CharacterAI/CharacterAI.uplugin" 20
"../../../Engine/Plugins/Experimental/CodeEditor/CodeEditor.uplugin" 21
"../../../Engine/Plugins/Experimental/CodeView/CodeView.uplugin" 22
"../../../Engine/Plugins/Experimental/HTML5Networking/HTML5Networking.uplugin" 23
"../../../Engine/Plugins/Experimental/LiveEditor/LiveEditor.uplugin" 24
"../../../Engine/Plugins/Experimental/Phya/Phya.uplugin" 25
"../../../Engine/Plugins/Experimental/SimpleHMD/SimpleHMD.uplugin" 26
"../../../Engine/Plugins/Experimental/StructBox/StructBox.uplugin" 27
"../../../Engine/Plugins/Media/AndroidMedia/AndroidMedia.uplugin" 28
"../../../Engine/Plugins/Media/AvfMedia/AvfMedia.uplugin" 29
"../../../Engine/Plugins/Media/MediaPlayerEditor/MediaPlayerEditor.uplugin" 30
"../../../Engine/Plugins/Media/WmfMedia/WmfMedia.uplugin" 31
"../../../Engine/Plugins/Messaging/MessagingDebugger/MessagingDebugger.uplugin" 32
"../../../Engine/Plugins/Messaging/UdpMessaging/UdpMessaging.uplugin" 33
"../../../Engine/Plugins/MovieScene/LevelSequenceEditor/LevelSequenceEditor.uplugin" 34
"../../../Engine/Plugins/NetcodeUnitTest/NetcodeUnitTest/NetcodeUnitTest.uplugin" 35
"../../../Engine/Plugins/NetcodeUnitTest/NUTUnrealEngine4/NUTUnrealEngine4.uplugin" 36
"../../../Engine/Plugins/Runtime/Advertising/IOSTapJoy/IOSTapJoy.uplugin" 37
"../../../Engine/Plugins/Runtime/Analytics/AnalyticsBlueprintLibrary/AnalyticsBlueprintLibrary.uplugin" 38
"../../../Engine/Plugins/Runtime/Analytics/AnalyticsMulticast/AnalyticsMulticast.uplugin" 39
"../../../Engine/Plugins/Runtime/Analytics/Apsalar/IOSApsalar/IOSApsalar.uplugin" 40
"../../../Engine/Plugins/Runtime/Analytics/FileLogging/FileLogging.uplugin" 41
"../../../Engine/Plugins/Runtime/Analytics/Flurry/IOSFlurry/IOSFlurry.uplugin" 42
"../../../Engine/Plugins/Runtime/AndroidDeviceProfileSelector/AndroidDeviceProfileSelector.uplugin" 43
"../../../Engine/Plugins/Runtime/AndroidMoviePlayer/AndroidMoviePlayer.uplugin" 44
"../../../Engine/Plugins/Runtime/AppleMoviePlayer/AppleMoviePlayer.uplugin" 45
"../../../Engine/Plugins/Runtime/ArchVisCharacter/ArchVisCharacter.uplugin" 46
"../../../Engine/Plugins/Runtime/CableComponent/CableComponent.uplugin" 47
"../../../Engine/Plugins/Runtime/CustomMeshComponent/CustomMeshComponent.uplugin" 48
"../../../Engine/Plugins/Runtime/ExampleDeviceProfileSelector/ExampleDeviceProfileSelector.uplugin" 49
"../../../Engine/Plugins/Runtime/GearVR/GearVR.uplugin" 50
"../../../Engine/Plugins/Runtime/IOSDeviceProfileSelector/IOSDeviceProfileSelector.uplugin" 51
"../../../Engine/Plugins/Runtime/LeapMotionController/LeapMotionController.uplugin" 52
"../../../Engine/Plugins/Runtime/LinuxDeviceProfileSelector/LinuxDeviceProfileSelector.uplugin" 53
"../../../Engine/Plugins/Runtime/LiveEditorListenServer/LiveEditorListenServer.uplugin" 54
"../../../Engine/Plugins/Runtime/OculusAudio/OculusAudio.uplugin" 55
"../../../Engine/Plugins/Runtime/OculusInput/OculusInput.uplugin" 56
"../../../Engine/Plugins/Runtime/OculusLibrary/OculusLibrary.uplugin" 57
"../../../Engine/Plugins/Runtime/OculusRift/OculusRift.uplugin" 58
"../../../Engine/Plugins/Runtime/ProceduralMeshComponent/ProceduralMeshComponent.uplugin" 59
"../../../Engine/Plugins/Runtime/SoundMod/SoundMod.uplugin" 60
"../../../Engine/Plugins/Runtime/SoundVisualizations/SoundVisualizations.uplugin" 61
"../../../Engine/Plugins/Runtime/Steam/SteamController/SteamController.uplugin" 62
"../../../Engine/Plugins/Runtime/Steam/SteamVR/SteamVR.uplugin" 63
"../../../Engine/Plugins/Runtime/WebBrowserWidget/WebBrowserWidget.uplugin" 64
"../../../Engine/Plugins/Runtime/WindowsDeviceProfileSelector/WindowsDeviceProfileSelector.uplugin" 65
"../../../Engine/Plugins/Runtime/WindowsMoviePlayer/WindowsMoviePlayer.uplugin" 66
"../../../Engine/Plugins/ScriptGeneratorPlugin/ScriptGeneratorPlugin.uplugin" 67
"../../../Engine/Plugins/ScriptPlugin/ScriptPlugin.uplugin" 68
"../../../Engine/Plugins/Slate/SlateRemote/SlateRemote.uplugin" 69
"..\..\..\Engine\Content\Internationalization\icudt53l\cnvalias.icu" 70
"..\..\..\Engine\Content\Internationalization\icudt53l\en_US_POSIX.res" 71
"..\..\..\Engine\Content\Internationalization\icudt53l\pool.res" 72
"..\..\..\Engine\Content\Internationalization\icudt53l\en_US.res" 73
"..\..\..\Engine\Content\Internationalization\icudt53l\en.res" 74
"..\..\..\Engine\Content\Internationalization\icudt53l\root.res" 75
"C:/Users/Rowdy/AppData/Local/UnrealEngine/4.10/Saved/Config/Windows/Manifest.ini" 76
"../../../Engine/Config/Base.ini" 77
"../../../Engine/Config/BaseEngine.ini" 78
"C:/Users/Rowdy/Documents/Unreal Projects/Board_The_Platforms/Config/DefaultEngine.ini" 79
"../../../Engine/Config/Windows/WindowsEngine.ini" 80
"C:/Users/Rowdy/Documents/Unreal Projects/Board_The_Platforms/Saved/Config/Windows/Engine.ini" 81
"../../../../../../Users/Rowdy/Documents/Unreal Projects/Board_The_Platforms/Intermediate/Config/CoalescedSourceConfigs/Engine.ini" 82
"../../../Engine/Config/BaseGame.ini" 83
"C:/Users/Rowdy/Documents/Unreal Projects/Board_The_Platforms/Config/DefaultGame.ini" 84
"C:/Users/Rowdy/Documents/Unreal Projects/Board_The_Platforms/Saved/Config/Windows/Game.ini" 85
"../../../../../../Users/Rowdy/Documents/Unreal Projects/Board_The_Platforms/Intermediate/Config/CoalescedSourceConfigs/Game.ini" 86
"../../../Engine/Config/BaseInput.ini" 87
"C:/Users/Rowdy/Documents/Unreal Projects/Board_The_Platforms/Config/DefaultInput.ini" 88
"C:/Users/Rowdy/Documents/Unreal Projects/Board_The_Platforms/Saved/Config/Windows/Input.ini" 89
"../../../../../../Users/Rowdy/Documents/Unreal Projects/Board_The_Platforms/Intermediate/Config/CoalescedSourceConfigs/Input.ini" 90
"../../../Engine/Config/BaseEditor.ini" 91
"C:/Users/Rowdy/Documents/Unreal Projects/Board_The_Platforms/Config/DefaultEditor.ini" 92
"C:/Users/Rowdy/Documents/Unreal Projects/Board_The_Platforms/Saved/Config/Windows/Editor.ini" 93
"../../../../../../Users/Rowdy/Documents/Unreal Projects/Board_The_Platforms/Intermediate/Config/CoalescedSourceConfigs/Editor.ini" 94
"../../../Engine/Config/BaseEditorPerProjectUserSettings.ini" 95
"C:/Users/Rowdy/Documents/Unreal Projects/Board_The_Platforms/Config/DefaultEditorPerProjectUserSettings.ini" 96
"C:/Users/Rowdy/Documents/Unreal Projects/Board_The_Platforms/Saved/Config/Windows/EditorPerProjectUserSettings.ini" 97
"../../../../../../Users/Rowdy/Documents/Unreal Projects/Board_The_Platforms/Intermediate/Config/CoalescedSourceConfigs/EditorPerProjectUserSettings.ini" 98
"../../../Engine/Config/BaseEditorSettings.ini" 99
"C:/Users/Rowdy/AppData/Local/UnrealEngine/4.10/Saved/Config/Windows/EditorSettings.ini" 100
"../../../../../../Users/Rowdy/Documents/Unreal Projects/Board_The_Platforms/Intermediate/Config/CoalescedSourceConfigs/EditorSettings.ini" 101
"../../../Engine/Config/BaseEditorLayout.ini" 102
"C:/Users/Rowdy/AppData/Local/UnrealEngine/4.10/Saved/Config/Windows/EditorLayout.ini" 103
"../../../../../../Users/Rowdy/Documents/Unreal Projects/Board_The_Platforms/Intermediate/Config/CoalescedSourceConfigs/EditorLayout.ini" 104
"../../../Engine/Config/BaseEditorKeyBindings.ini" 105
"C:/Users/Rowdy/AppData/Local/UnrealEngine/4.10/Saved/Config/Windows/EditorKeyBindings.ini" 106
"../../../../../../Users/Rowdy/Documents/Unreal Projects/Board_The_Platforms/Intermediate/Config/CoalescedSourceConfigs/EditorKeyBindings.ini" 107
"../../../Engine/Config/BaseCompat.ini" 108
"C:/Users/Rowdy/Documents/Unreal Projects/Board_The_Platforms/Saved/Config/Windows/Compat.ini" 109
"../../../../../../Users/Rowdy/Documents/Unreal Projects/Board_The_Platforms/Intermediate/Config/CoalescedSourceConfigs/Compat.ini" 110
"../../../Engine/Config/BaseLightmass.ini" 111
"C:/Users/Rowdy/Documents/Unreal Projects/Board_The_Platforms/Saved/Config/Windows/Lightmass.ini" 112
"../../../../../../Users/Rowdy/Documents/Unreal Projects/Board_The_Platforms/Intermediate/Config/CoalescedSourceConfigs/Lightmass.ini" 113
"../../../Engine/Config/BaseScalability.ini" 114
"C:/Users/Rowdy/Documents/Unreal Projects/Board_The_Platforms/Saved/Config/Windows/Scalability.ini" 115
"../../../../../../Users/Rowdy/Documents/Unreal Projects/Board_The_Platforms/Intermediate/Config/CoalescedSourceConfigs/Scalability.ini" 116
"C:/Users/Rowdy/Documents/Unreal Projects/Board_The_Platforms/Saved/Config/Windows/GameUserSettings.ini" 117
"../../../../../../Users/Rowdy/Documents/Unreal Projects/Board_The_Platforms/Intermediate/Config/CoalescedSourceConfigs/GameUserSettings.ini" 118
"../../../Engine/Config/BaseDeviceProfiles.ini" 119
"C:/Users/Rowdy/Documents/Unreal Projects/Board_The_Platforms/Saved/Config/Windows/DeviceProfiles.ini" 120
"../../../../../../Users/Rowdy/Documents/Unreal Projects/Board_The_Platforms/Intermediate/Config/CoalescedSourceConfigs/DeviceProfiles.ini" 121
"../../../Engine/Config/ConsoleVariables.ini" 122
"..\..\..\Engine\Content\Internationalization\icudt53l\es.res" 123
"..\..\..\Engine\Content\Internationalization\icudt53l\ja.res" 124
"..\..\..\Engine\Content\Internationalization\icudt53l\ko.res" 125
"..\..\..\Engine\Content\Internationalization\icudt53l\pt_BR.res" 126
"..\..\..\Engine\Content\Internationalization\icudt53l\pt.res" 127
"..\..\..\Engine\Content\Internationalization\icudt53l\zh_CN.res" 128
"..\..\..\Engine\Content\Internationalization\icudt53l\zh_Hans_CN.res" 129
"..\..\..\Engine\Content\Internationalization\icudt53l\zh_Hans.res" 130
"..\..\..\Engine\Content\Internationalization\icudt53l\zh.res" 131
"C:/Program Files/Epic Games/4.10/Engine/Content/Localization/Editor/en/Editor.locres" 132
"C:/Program Files/Epic Games/4.10/Engine/Content/Localization/EditorTutorials/en/EditorTutorials.locres" 133
"C:/Program Files/Epic Games/4.10/Engine/Content/Localization/Keywords/en/Keywords.locres" 134
"C:/Program Files/Epic Games/4.10/Engine/Content/Localization/Category/en/Category.locres" 135
"C:/Program Files/Epic Games/4.10/Engine/Content/Localization/ToolTips/en/ToolTips.locres" 136
"C:/Program Files/Epic Games/4.10/Engine/Content/Localization/PropertyNames/en/PropertyNames.locres" 137
"C:/Program Files/Epic Games/4.10/Engine/Content/Localization/Engine/en/Engine.locres" 138
"../../../Engine/Content/Slate/Fonts/Roboto-Regular.ttf" 139
"../../../Engine/Content/Slate/Fonts/DroidSansMono.ttf" 140
"../../../Engine/Content/Slate/Fonts/Roboto-Bold.ttf" 141
"../../../Engine/Content/Slate/Fonts/Roboto-Light.ttf" 142
"C:/Program Files/Epic Games/4.10/Engine/Binaries/Win64/../../../Engine/Shaders/ParticleSpriteVertexFactory.usf" 143
"C:/Program Files/Epic Games/4.10/Engine/Binaries/Win64/../../../Engine/Shaders/VertexFactoryCommon.usf" 144
"C:/Program Files/Epic Games/4.10/Engine/Binaries/Win64/../../../Engine/Shaders/Common.usf" 145
"C:/Program Files/Epic Games/4.10/Engine/Binaries/Win64/../../../Engine/Shaders/MetalCommon.usf" 146
"C:/Program Files/Epic Games/4.10/Engine/Binaries/Win64/../../../Engine/Shaders/ShaderVersion.usf" 147
"C:/Program Files/Epic Games/4.10/Engine/Binaries/Win64/../../../Engine/Shaders/CommonViewUniformBuffer.usf" 148
"C:/Program Files/Epic Games/4.10/Engine/Binaries/Win64/../../../Engine/Shaders/Definitions.usf" 149
"C:/Program Files/Epic Games/4.10/Engine/Binaries/Win64/../../../Engine/Shaders/Random.usf" 150
"C:/Program Files/Epic Games/4.10/Engine/Binaries/Win64/../../../Engine/Shaders/ParticleVertexFactoryCommon.usf" 151
"C:/Program Files/Epic Games/4.10/Engine/Binaries/Win64/../../../Engine/Shaders/ParticleGPUSpriteVertexFactory.usf" 152
"C:/Program Files/Epic Games/4.10/Engine/Binaries/Win64/../../../Engine/Shaders/ParticleBeamTrailVertexFactory.usf" 153
"C:/Program Files/Epic Games/4.10/Engine/Binaries/Win64/../../../Engine/Shaders/LocalVertexFactory.usf" 154
"C:/Program Files/Epic Games/4.10/Engine/Binaries/Win64/../../../Engine/Shaders/LocalVertexFactoryCommon.usf" 155
"C:/Program Files/Epic Games/4.10/Engine/Binaries/Win64/../../../Engine/Shaders/VectorFieldVisualizationVertexFactory.usf" 156
"C:/Program Files/Epic Games/4.10/Engine/Binaries/Win64/../../../Engine/Shaders/MeshParticleVertexFactory.usf" 157
"C:/Program Files/Epic Games/4.10/Engine/Binaries/Win64/../../../Engine/Shaders/GpuSkinVertexFactory.usf" 158
"C:/Program Files/Epic Games/4.10/Engine/Binaries/Win64/../../../Engine/Shaders/GpuSkinCacheCommon.usf" 159
"C:/Program Files/Epic Games/4.10/Engine/Binaries/Win64/../../../Engine/Shaders/LandscapeVertexFactory.usf" 160
"C:/Program Files/Epic Games/4.10/Engine/Binaries/Win64/../../../Engine/Shaders/SlateElementPixelShader.usf" 161
"C:/Program Files/Epic Games/4.10/Engine/Binaries/Win64/../../../Engine/Shaders/GammaCorrectionCommon.usf" 162
"C:/Program Files/Epic Games/4.10/Engine/Binaries/Win64/../../../Engine/Shaders/MaterialTemplate.usf" 163
"C:/Program Files/Epic Games/4.10/Engine/Binaries/Win64/../../../Engine/Shaders/DepthOfFieldCommon.usf" 164
"C:/Program Files/Epic Games/4.10/Engine/Binaries/Win64/../../../Engine/Shaders/GlobalDistanceFieldShared.usf" 165
"C:/Program Files/Epic Games/4.10/Engine/Binaries/Win64/../../../Engine/Shaders/SpeedTreeCommon.usf" 166
"C:/Program Files/Epic Games/4.10/Engine/Binaries/Win64/../../../Engine/Shaders/AtmosphereCommon.usf" 167
"C:/Program Files/Epic Games/4.10/Engine/Binaries/Win64/../../../Engine/Shaders/PaniniProjection.usf" 168
"C:/Program Files/Epic Games/4.10/Engine/Binaries/Win64/../../../Engine/Shaders/EyeAdaptationCommon.usf" 169
"C:/Program Files/Epic Games/4.10/Engine/Binaries/Win64/../../../Engine/Shaders/PostProcessCommon.usf" 170
"C:/Program Files/Epic Games/4.10/Engine/Binaries/Win64/../../../Engine/Shaders/DeferredShadingCommon.usf" 171
"C:/Program Files/Epic Games/4.10/Engine/Binaries/Win64/../../../Engine/Shaders/LightAccumulator.usf" 172
"C:/Program Files/Epic Games/4.10/Engine/Binaries/Win64/../../../Engine/Shaders/SlateVertexShader.usf" 173
"C:/Program Files/Epic Games/4.10/Engine/Binaries/Win64/../../../Engine/Shaders/ParticleSortKeyGen.usf" 174
"C:/Program Files/Epic Games/4.10/Engine/Binaries/Win64/../../../Engine/Shaders/ParticleBoundsShader.usf" 175
"C:/Program Files/Epic Games/4.10/Engine/Binaries/Win64/../../../Engine/Shaders/ParticleSimVisualizeShader.usf" 176
"C:/Program Files/Epic Games/4.10/Engine/Binaries/Win64/../../../Engine/Shaders/ParticleInjectionShader.usf" 177
"C:/Program Files/Epic Games/4.10/Engine/Binaries/Win64/../../../Engine/Shaders/ParticleSimulationShader.usf" 178
"C:/Program Files/Epic Games/4.10/Engine/Binaries/Win64/../../../Engine/Shaders/ParticleCurveInjectionShader.usf" 179
"C:/Program Files/Epic Games/4.10/Engine/Binaries/Win64/../../../Engine/Shaders/VectorFieldCompositeShaders.usf" 180
"C:/Program Files/Epic Games/4.10/Engine/Binaries/Win64/../../../Engine/Shaders/UpdateTextureShaders.usf" 181
"C:/Program Files/Epic Games/4.10/Engine/Binaries/Win64/../../../Engine/Shaders/SimpleElementColorChannelMaskPixelShader.usf" 182
"C:/Program Files/Epic Games/4.10/Engine/Binaries/Win64/../../../Engine/Shaders/SimpleElementPixelShader.usf" 183
"C:/Program Files/Epic Games/4.10/Engine/Binaries/Win64/../../../Engine/Shaders/ColorUtils.usf" 184
"C:/Program Files/Epic Games/4.10/Engine/Binaries/Win64/../../../Engine/Shaders/IESLightProfilesCommon.usf" 185
"C:/Program Files/Epic Games/4.10/Engine/Binaries/Win64/../../../Engine/Shaders/SimpleElementHitProxyPixelShader.usf" 186
"C:/Program Files/Epic Games/4.10/Engine/Binaries/Win64/../../../Engine/Shaders/SimpleElementVertexShader.usf" 187
"C:/Program Files/Epic Games/4.10/Engine/Binaries/Win64/../../../Engine/Shaders/ScreenVertexShader.usf" 188
"C:/Program Files/Epic Games/4.10/Engine/Binaries/Win64/../../../Engine/Shaders/ScreenPixelShader.usf" 189
"C:/Program Files/Epic Games/4.10/Engine/Binaries/Win64/../../../Engine/Shaders/RadixSortShaders.usf" 190
"C:/Program Files/Epic Games/4.10/Engine/Binaries/Win64/../../../Engine/Shaders/GpuSkinCacheComputeShader.usf" 191
"C:/Program Files/Epic Games/4.10/Engine/Binaries/Win64/../../../Engine/Shaders/NullPixelShader.usf" 192
"C:/Program Files/Epic Games/4.10/Engine/Binaries/Win64/../../../Engine/Shaders/LandscapeGrassWeight.usf" 193
"C:/Program Files/Epic Games/4.10/Engine/Binaries/Win64/../../../Engine/Shaders/SimpleElementTexture2DPreviewPixelShader.usf" 194
"C:/Program Files/Epic Games/4.10/Engine/Binaries/Win64/../../../Engine/Shaders/SimpleElementNormalMapPixelShader.usf" 195
"C:/Program Files/Epic Games/4.10/Engine/Binaries/Win64/../../../Engine/Shaders/meshpaintdilatepixelshader.usf" 196
"C:/Program Files/Epic Games/4.10/Engine/Binaries/Win64/../../../Engine/Shaders/meshpaintdilatevertexshader.usf" 197
"C:/Program Files/Epic Games/4.10/Engine/Binaries/Win64/../../../Engine/Shaders/MeshPaintPixelShader.usf" 198
"C:/Program Files/Epic Games/4.10/Engine/Binaries/Win64/../../../Engine/Shaders/MeshPaintVertexShader.usf" 199
"C:/Program Files/Epic Games/4.10/Engine/Binaries/Win64/../../../Engine/Shaders/VisualizeTexture.usf" 200
"C:/Program Files/Epic Games/4.10/Engine/Binaries/Win64/../../../Engine/Shaders/ScreenSpaceReflections.usf" 201
"C:/Program Files/Epic Games/4.10/Engine/Binaries/Win64/../../../Engine/Shaders/BRDF.usf" 202
"C:/Program Files/Epic Games/4.10/Engine/Binaries/Win64/../../../Engine/Shaders/MonteCarlo.usf" 203
"C:/Program Files/Epic Games/4.10/Engine/Binaries/Win64/../../../Engine/Shaders/ScreenSpaceRayCast.usf" 204
"C:/Program Files/Epic Games/4.10/Engine/Binaries/Win64/../../../Engine/Shaders/FilterVertexShader.usf" 205
"C:/Program Files/Epic Games/4.10/Engine/Binaries/Win64/../../../Engine/Shaders/FilterPixelShader.usf" 206
"C:/Program Files/Epic Games/4.10/Engine/Binaries/Win64/../../../Engine/Shaders/PostProcessVisualizeHDR.usf" 207
"C:/Program Files/Epic Games/4.10/Engine/Binaries/Win64/../../../Engine/Shaders/PostProcessHistogramCommon.usf" 208
"C:/Program Files/Epic Games/4.10/Engine/Binaries/Win64/../../../Engine/Shaders/TonemapCommon.usf" 209
"C:/Program Files/Epic Games/4.10/Engine/Binaries/Win64/../../../Engine/Shaders/ACES.usf" 210
"C:/Program Files/Epic Games/4.10/Engine/Binaries/Win64/../../../Engine/Shaders/MiniFontCommon.usf" 211
"C:/Program Files/Epic Games/4.10/Engine/Binaries/Win64/../../../Engine/Shaders/PostProcessVisualizeBuffer.usf" 212
"C:/Program Files/Epic Games/4.10/Engine/Binaries/Win64/../../../Engine/Shaders/PostProcessUpscale.usf" 213
"C:/Program Files/Epic Games/4.10/Engine/Binaries/Win64/../../../Engine/Shaders/PostProcessTonemap.usf" 214
"C:/Program Files/Epic Games/4.10/Engine/Binaries/Win64/../../../Engine/Shaders/PostProcessTestImage.usf" 215
"C:/Program Files/Epic Games/4.10/Engine/Binaries/Win64/../../../Engine/Shaders/PostProcessTemporalAA.usf" 216
"C:/Program Files/Epic Games/4.10/Engine/Binaries/Win64/../../../Engine/Shaders/PostProcessTemporalCommon.usf" 217
"C:/Program Files/Epic Games/4.10/Engine/Binaries/Win64/../../../Engine/Shaders/PostProcessSubsurface.usf" 218
"C:/Program Files/Epic Games/4.10/Engine/Binaries/Win64/../../../Engine/Shaders/SeparableSSS.usf" 219
"C:/Program Files/Epic Games/4.10/Engine/Binaries/Win64/../../../Engine/Shaders/PostProcessSelectionOutline.usf" 220
"C:/Program Files/Epic Games/4.10/Engine/Binaries/Win64/../../../Engine/Shaders/PostProcessSceneColorFringe.usf" 221
"C:/Program Files/Epic Games/4.10/Engine/Binaries/Win64/../../../Engine/Shaders/PostProcessNoiseBlur.usf" 222
"C:/Program Files/Epic Games/4.10/Engine/Binaries/Win64/../../../Engine/Shaders/PostProcessMotionBlur.usf" 223
"C:/Program Files/Epic Games/4.10/Engine/Binaries/Win64/../../../Engine/Shaders/FastMath.usf" 224
"C:/Program Files/Epic Games/4.10/Engine/Binaries/Win64/../../../Engine/Shaders/PostProcessVelocityFlatten.usf" 225
"C:/Program Files/Epic Games/4.10/Engine/Binaries/Win64/../../../Engine/Shaders/PostProcessMobile.usf" 226
"C:/Program Files/Epic Games/4.10/Engine/Binaries/Win64/../../../Engine/Shaders/PostProcessMaterialShaders.usf" 227
"C:/Program Files/Epic Games/4.10/Engine/Binaries/Win64/../../../Engine/Shaders/PostProcessLensFlares.usf" 228
"C:/Program Files/Epic Games/4.10/Engine/Binaries/Win64/../../../Engine/Shaders/PostProcessLensBlur.usf" 229
"C:/Program Files/Epic Games/4.10/Engine/Binaries/Win64/../../../Engine/Shaders/PostProcessBloom.usf" 230
"C:/Program Files/Epic Games/4.10/Engine/Binaries/Win64/../../../Engine/Shaders/PostProcessHMD.usf" 231
"C:/Program Files/Epic Games/4.10/Engine/Binaries/Win64/../../../Engine/Shaders/PostProcessHistogramReduce.usf" 232
"C:/Program Files/Epic Games/4.10/Engine/Binaries/Win64/../../../Engine/Shaders/PostProcessHistogram.usf" 233
"C:/Program Files/Epic Games/4.10/Engine/Binaries/Win64/../../../Engine/Shaders/PostProcessHierarchical.usf" 234
"C:/Program Files/Epic Games/4.10/Engine/Binaries/Win64/../../../Engine/Shaders/PostProcessGBufferHints.usf" 235
"C:/Program Files/Epic Games/4.10/Engine/Binaries/Win64/../../../Engine/Shaders/PostProcessEyeAdaptation.usf" 236
"C:/Program Files/Epic Games/4.10/Engine/Binaries/Win64/../../../Engine/Shaders/PostProcessDownsample.usf" 237
"C:/Program Files/Epic Games/4.10/Engine/Binaries/Win64/../../../Engine/Shaders/PostProcessDOF.usf" 238
"C:/Program Files/Epic Games/4.10/Engine/Binaries/Win64/../../../Engine/Shaders/PostProcessCompositeEditorPrimitives.usf" 239
"C:/Program Files/Epic Games/4.10/Engine/Binaries/Win64/../../../Engine/Shaders/PostProcessCombineLUTs.usf" 240
"C:/Program Files/Epic Games/4.10/Engine/Binaries/Win64/../../../Engine/Shaders/PostProcessCircleDOF.usf" 241
"C:/Program Files/Epic Games/4.10/Engine/Binaries/Win64/../../../Engine/Shaders/CircleDOFCommon.usf" 242
"C:/Program Files/Epic Games/4.10/Engine/Binaries/Win64/../../../Engine/Shaders/PostProcessBusyWait.usf" 243
"C:/Program Files/Epic Games/4.10/Engine/Binaries/Win64/../../../Engine/Shaders/PostProcessBokehDOF.usf" 244
"C:/Program Files/Epic Games/4.10/Engine/Binaries/Win64/../../../Engine/Shaders/PostProcessVisualizeDOF.usf" 245
"C:/Program Files/Epic Games/4.10/Engine/Binaries/Win64/../../../Engine/Shaders/FXAAShader.usf" 246
"C:/Program Files/Epic Games/4.10/Engine/Binaries/Win64/../../../Engine/Shaders/Fxaa3_11.usf" 247
"C:/Program Files/Epic Games/4.10/Engine/Binaries/Win64/../../../Engine/Shaders/PostProcessPassThrough.usf" 248
"C:/Program Files/Epic Games/4.10/Engine/Binaries/Win64/../../../Engine/Shaders/PostProcessLpvIndirect.usf" 249
"C:/Program Files/Epic Games/4.10/Engine/Binaries/Win64/../../../Engine/Shaders/DeferredLightingCommon.usf" 250
"C:/Program Files/Epic Games/4.10/Engine/Binaries/Win64/../../../Engine/Shaders/DynamicLightingCommon.usf" 251
"C:/Program Files/Epic Games/4.10/Engine/Binaries/Win64/../../../Engine/Shaders/ShadingModels.usf" 252
"C:/Program Files/Epic Games/4.10/Engine/Binaries/Win64/../../../Engine/Shaders/LPVFinalPass.usf" 253
"C:/Program Files/Epic Games/4.10/Engine/Binaries/Win64/../../../Engine/Shaders/LPVCommon.usf" 254
"C:/Program Files/Epic Games/4.10/Engine/Binaries/Win64/../../../Engine/Shaders/DeferredDecal.usf" 255
"C:/Program Files/Epic Games/4.10/Engine/Binaries/Win64/../../../Engine/Shaders/PostProcessAmbientOcclusion.usf" 256
"C:/Program Files/Epic Games/4.10/Engine/Binaries/Win64/../../../Engine/Shaders/PostProcessAmbient.usf" 257
"C:/Program Files/Epic Games/4.10/Engine/Binaries/Win64/../../../Engine/Shaders/CubemapCommon.usf" 258
"C:/Program Files/Epic Games/4.10/Engine/Binaries/Win64/../../../Engine/Shaders/VelocityShader.usf" 259
"C:/Program Files/Epic Games/4.10/Engine/Binaries/Win64/../../../Engine/Shaders/VelocityCommon.usf" 260
"C:/Program Files/Epic Games/4.10/Engine/Binaries/Win64/../../../Engine/Shaders/Tessellation.usf" 261
"C:/Program Files/Epic Games/4.10/Engine/Binaries/Win64/../../../Engine/Shaders/FlatTessellation.usf" 262
"C:/Program Files/Epic Games/4.10/Engine/Binaries/Win64/../../../Engine/Shaders/PNTriangles.usf" 263
"C:/Program Files/Epic Games/4.10/Engine/Binaries/Win64/../../../Engine/Shaders/TranslucentLightingShaders.usf" 264
"C:/Program Files/Epic Games/4.10/Engine/Binaries/Win64/../../../Engine/Shaders/SHCommon.usf" 265
"C:/Program Files/Epic Games/4.10/Engine/Binaries/Win64/../../../Engine/Shaders/ShadowProjectionCommon.usf" 266
"C:/Program Files/Epic Games/4.10/Engine/Binaries/Win64/../../../Engine/Shaders/TranslucentLightInjectionShaders.usf" 267
"C:/Program Files/Epic Games/4.10/Engine/Binaries/Win64/../../../Engine/Shaders/LightFunctionCommon.usf" 268
"C:/Program Files/Epic Games/4.10/Engine/Binaries/Win64/../../../Engine/Shaders/TranslucentShadowDepthShaders.usf" 269
"C:/Program Files/Epic Games/4.10/Engine/Binaries/Win64/../../../Engine/Shaders/ShadowDepthCommon.usf" 270
"C:/Program Files/Epic Games/4.10/Engine/Binaries/Win64/../../../Engine/Shaders/TiledDeferredLightShaders.usf" 271
"C:/Program Files/Epic Games/4.10/Engine/Binaries/Win64/../../../Engine/Shaders/SurfelTree.usf" 272
"C:/Program Files/Epic Games/4.10/Engine/Binaries/Win64/../../../Engine/Shaders/DistanceFieldLightingShared.usf" 273
"C:/Program Files/Epic Games/4.10/Engine/Binaries/Win64/../../../Engine/Shaders/SurfelMaterialShared.usf" 274
"C:/Program Files/Epic Games/4.10/Engine/Binaries/Win64/../../../Engine/Shaders/DistanceFieldAOShared.usf" 275
"C:/Program Files/Epic Games/4.10/Engine/Binaries/Win64/../../../Engine/Shaders/ShadowProjectionPixelShader.usf" 276
"C:/Program Files/Epic Games/4.10/Engine/Binaries/Win64/../../../Engine/Shaders/ShadowFilteringCommon.usf" 277
"C:/Program Files/Epic Games/4.10/Engine/Binaries/Win64/../../../Engine/Shaders/ShadowProjectionVertexShader.usf" 278
"C:/Program Files/Epic Games/4.10/Engine/Binaries/Win64/../../../Engine/Shaders/ShadowDepthPixelShader.usf" 279
"C:/Program Files/Epic Games/4.10/Engine/Binaries/Win64/../../../Engine/Shaders/LPVWriteVplCommon.usf" 280
"C:/Program Files/Epic Games/4.10/Engine/Binaries/Win64/../../../Engine/Shaders/LPVWriteCommon.usf" 281
"C:/Program Files/Epic Games/4.10/Engine/Binaries/Win64/../../../Engine/Shaders/ShadowDepthVertexShader.usf" 282
"C:/Program Files/Epic Games/4.10/Engine/Binaries/Win64/../../../Engine/Shaders/ShaderComplexityApplyPixelShader.usf" 283
"C:/Program Files/Epic Games/4.10/Engine/Binaries/Win64/../../../Engine/Shaders/ShaderComplexityApplyVertexShader.usf" 284
"C:/Program Files/Epic Games/4.10/Engine/Binaries/Win64/../../../Engine/Shaders/ShaderComplexityAccumulatePixelShader.usf" 285
"C:/Program Files/Epic Games/4.10/Engine/Binaries/Win64/../../../Engine/Shaders/HZBOcclusion.usf" 286
"C:/Program Files/Epic Games/4.10/Engine/Binaries/Win64/../../../Engine/Shaders/OcclusionQueryVertexShader.usf" 287
"C:/Program Files/Epic Games/4.10/Engine/Binaries/Win64/../../../Engine/Shaders/HitProxyPixelShader.usf" 288
"C:/Program Files/Epic Games/4.10/Engine/Binaries/Win64/../../../Engine/Shaders/HitProxyVertexShader.usf" 289
"C:/Program Files/Epic Games/4.10/Engine/Binaries/Win64/../../../Engine/Shaders/ReflectionEnvironmentShaders.usf" 290
"C:/Program Files/Epic Games/4.10/Engine/Binaries/Win64/../../../Engine/Shaders/ReflectionEnvironmentShared.usf" 291
"C:/Program Files/Epic Games/4.10/Engine/Binaries/Win64/../../../Engine/Shaders/SkyLightingShared.usf" 292
"C:/Program Files/Epic Games/4.10/Engine/Binaries/Win64/../../../Engine/Shaders/ReflectionEnvironmentComputeShaders.usf" 293
"C:/Program Files/Epic Games/4.10/Engine/Binaries/Win64/../../../Engine/Shaders/LightShaftShader.usf" 294
"C:/Program Files/Epic Games/4.10/Engine/Binaries/Win64/../../../Engine/Shaders/StationaryLightOverlapShaders.usf" 295
"C:/Program Files/Epic Games/4.10/Engine/Binaries/Win64/../../../Engine/Shaders/DeferredLightPixelShaders.usf" 296
"C:/Program Files/Epic Games/4.10/Engine/Binaries/Win64/../../../Engine/Shaders/DeferredLightVertexShaders.usf" 297
"C:/Program Files/Epic Games/4.10/Engine/Binaries/Win64/../../../Engine/Shaders/LPVVisualise.usf" 298
"C:/Program Files/Epic Games/4.10/Engine/Binaries/Win64/../../../Engine/Shaders/LPVGeometryVolumeCommon.usf" 299
"C:/Program Files/Epic Games/4.10/Engine/Binaries/Win64/../../../Engine/Shaders/LPVDirectLightInject.usf" 300
"C:/Program Files/Epic Games/4.10/Engine/Binaries/Win64/../../../Engine/Shaders/LPVPropagate.usf" 301
"C:/Program Files/Epic Games/4.10/Engine/Binaries/Win64/../../../Engine/Shaders/LPVPacking.usf" 302
"C:/Program Files/Epic Games/4.10/Engine/Binaries/Win64/../../../Engine/Shaders/LPVBuildGeometryVolume.usf" 303
"C:/Program Files/Epic Games/4.10/Engine/Binaries/Win64/../../../Engine/Shaders/LpvDirectionalOcclusion.usf" 304
"C:/Program Files/Epic Games/4.10/Engine/Binaries/Win64/../../../Engine/Shaders/LPVInject_AccumulateVplLists.usf" 305
"C:/Program Files/Epic Games/4.10/Engine/Binaries/Win64/../../../Engine/Shaders/LPVInject_GenerateVplLists.usf" 306
"C:/Program Files/Epic Games/4.10/Engine/Binaries/Win64/../../../Engine/Shaders/LPVClearLists.usf" 307
"C:/Program Files/Epic Games/4.10/Engine/Binaries/Win64/../../../Engine/Shaders/LPVClear.usf" 308
"C:/Program Files/Epic Games/4.10/Engine/Binaries/Win64/../../../Engine/Shaders/LightMapDensityShader.usf" 309
"C:/Program Files/Epic Games/4.10/Engine/Binaries/Win64/../../../Engine/Shaders/LightFunctionPixelShader.usf" 310
"C:/Program Files/Epic Games/4.10/Engine/Binaries/Win64/../../../Engine/Shaders/LightFunctionVertexShader.usf" 311
"C:/Program Files/Epic Games/4.10/Engine/Binaries/Win64/../../../Engine/Shaders/HeightfieldLighting.usf" 312
"C:/Program Files/Epic Games/4.10/Engine/Binaries/Win64/../../../Engine/Shaders/DistanceFieldShadowingShared.usf" 313
"C:/Program Files/Epic Games/4.10/Engine/Binaries/Win64/../../../Engine/Shaders/HdrCustomResolveShaders.usf" 314
"C:/Program Files/Epic Games/4.10/Engine/Binaries/Win64/../../../Engine/Shaders/GPUBenchmark.usf" 315
"C:/Program Files/Epic Games/4.10/Engine/Binaries/Win64/../../../Engine/Shaders/GlobalDistanceField.usf" 316
"C:/Program Files/Epic Games/4.10/Engine/Binaries/Win64/../../../Engine/Shaders/GammaCorrection.usf" 317
"C:/Program Files/Epic Games/4.10/Engine/Binaries/Win64/../../../Engine/Shaders/BasePassForForwardShadingPixelShader.usf" 318
"C:/Program Files/Epic Games/4.10/Engine/Binaries/Win64/../../../Engine/Shaders/BasePassForForwardShadingCommon.usf" 319
"C:/Program Files/Epic Games/4.10/Engine/Binaries/Win64/../../../Engine/Shaders/LightmapCommon.usf" 320
"C:/Program Files/Epic Games/4.10/Engine/Binaries/Win64/../../../Engine/Shaders/BasePassForForwardShadingVertexShader.usf" 321
"C:/Program Files/Epic Games/4.10/Engine/Binaries/Win64/../../../Engine/Shaders/HeightFogCommon.usf" 322
"C:/Program Files/Epic Games/4.10/Engine/Binaries/Win64/../../../Engine/Shaders/HeightFogPixelShader.usf" 323
"C:/Program Files/Epic Games/4.10/Engine/Binaries/Win64/../../../Engine/Shaders/HeightFogVertexShader.usf" 324
"C:/Program Files/Epic Games/4.10/Engine/Binaries/Win64/../../../Engine/Shaders/DistortAccumulatePS.usf" 325
"C:/Program Files/Epic Games/4.10/Engine/Binaries/Win64/../../../Engine/Shaders/DistortAccumulateVS.usf" 326
"C:/Program Files/Epic Games/4.10/Engine/Binaries/Win64/../../../Engine/Shaders/DistortApplyScreenPS.usf" 327
"C:/Program Files/Epic Games/4.10/Engine/Binaries/Win64/../../../Engine/Shaders/DistanceFieldSurfaceCacheLighting.usf" 328
"C:/Program Files/Epic Games/4.10/Engine/Binaries/Win64/../../../Engine/Shaders/SkyLighting.usf" 329
"C:/Program Files/Epic Games/4.10/Engine/Binaries/Win64/../../../Engine/Shaders/DistanceFieldSurfaceCacheLightingCompute.usf" 330
"C:/Program Files/Epic Games/4.10/Engine/Binaries/Win64/../../../Engine/Shaders/DistanceFieldShadowing.usf" 331
"C:/Program Files/Epic Games/4.10/Engine/Binaries/Win64/../../../Engine/Shaders/DistanceFieldScreenGridLighting.usf" 332
"C:/Program Files/Epic Games/4.10/Engine/Binaries/Win64/../../../Engine/Shaders/DistanceFieldLightingPost.usf" 333
"C:/Program Files/Epic Games/4.10/Engine/Binaries/Win64/../../../Engine/Shaders/DistanceFieldGlobalIllumination.usf" 334
"C:/Program Files/Epic Games/4.10/Engine/Binaries/Win64/../../../Engine/Shaders/DepthOnlyPixelShader.usf" 335
"C:/Program Files/Epic Games/4.10/Engine/Binaries/Win64/../../../Engine/Shaders/DepthOnlyVertexShader.usf" 336
"C:/Program Files/Epic Games/4.10/Engine/Binaries/Win64/../../../Engine/Shaders/PositionOnlyDepthVertexShader.usf" 337
"C:/Program Files/Epic Games/4.10/Engine/Binaries/Win64/../../../Engine/Shaders/DownsampleDepthPixelShader.usf" 338
"C:/Program Files/Epic Games/4.10/Engine/Binaries/Win64/../../../Engine/Shaders/EvaluateSurfelMaterial.usf" 339
"C:/Program Files/Epic Games/4.10/Engine/Binaries/Win64/../../../Engine/Shaders/ConvertToUniformMesh.usf" 340
"C:/Program Files/Epic Games/4.10/Engine/Binaries/Win64/../../../Engine/Shaders/BasePassPixelShader.usf" 341
"C:/Program Files/Epic Games/4.10/Engine/Binaries/Win64/../../../Engine/Shaders/BasePassCommon.usf" 342
"C:/Program Files/Epic Games/4.10/Engine/Binaries/Win64/../../../Engine/Shaders/ForEachLight.usf" 343
"C:/Program Files/Epic Games/4.10/Engine/Binaries/Win64/../../../Engine/Shaders/BasePassVertexShader.usf" 344
"C:/Program Files/Epic Games/4.10/Engine/Binaries/Win64/../../../Engine/Shaders/BasePassVertexCommon.usf" 345
"C:/Program Files/Epic Games/4.10/Engine/Binaries/Win64/../../../Engine/Shaders/BasePassTessellationShaders.usf" 346
"C:/Program Files/Epic Games/4.10/Engine/Binaries/Win64/../../../Engine/Shaders/AtmospherePrecompute.usf" 347
"C:/Program Files/Epic Games/4.10/Engine/Binaries/Win64/../../../Engine/Shaders/AtmospherePrecomputeCommon.usf" 348
"C:/Program Files/Epic Games/4.10/Engine/Binaries/Win64/../../../Engine/Shaders/AtmospherePrecomputeInscatter.usf" 349
"C:/Program Files/Epic Games/4.10/Engine/Binaries/Win64/../../../Engine/Shaders/AtmosphericFogShader.usf" 350
"C:/Program Files/Epic Games/4.10/Engine/Binaries/Win64/../../../Engine/Shaders/ResolveVertexShader.usf" 351
"C:/Program Files/Epic Games/4.10/Engine/Binaries/Win64/../../../Engine/Shaders/ResolvePixelShader.usf" 352
"C:/Program Files/Epic Games/4.10/Engine/Binaries/Win64/../../../Engine/Shaders/OneColorShader.usf" 353
"C:/Program Files/Epic Games/4.10/Engine/Binaries/Win64/../../../Engine/Shaders/MediaShaders.usf" 354
"C:/Program Files/Epic Games/4.10/Engine/Binaries/Win64/../../../Engine/Shaders/ClearReplacementShaders.usf" 355
"../../../Engine/Config/Android/AndroidEngine.ini" 356
"../../../Engine/Config/IOS/IOSEngine.ini" 357
"../../../Engine/Config/Linux/LinuxEngine.ini" 358
"C:/Users/Rowdy/AppData/Local/UnrealEngine/4.10/DerivedDataCache/Boot.ddc" 359
"../../../Engine/DerivedDataCache/Compressed.ddp" 360
"../../../Engine/Content/EditorResources/S_Actor.uasset" 361
"C:/Users/Rowdy/Documents/Unreal Projects/Board_The_Platforms/Saved/Config/Windows/GameplayTags.ini" 362
"../../../../../../Users/Rowdy/Documents/Unreal Projects/Board_The_Platforms/Intermediate/Config/CoalescedSourceConfigs/GameplayTags.ini" 363
"C:/Users/Rowdy/Documents/Unreal Projects/Board_The_Platforms/Saved/Config/Windows/TemplateDefs.ini" 364
"../../../../../../Users/Rowdy/Documents/Unreal Projects/Board_The_Platforms/Intermediate/Config/CoalescedSourceConfigs/TemplateDefs.ini" 365
"../../../Engine/Content/Maps/Templates/Thumbnails/Default.uasset" 366
"../../../Engine/Content/EditorMaterials/ParticleSystems/PSysThumbnail_NoImage.uasset" 367
"../../../Engine/Content/EditorMaterials/ParticleSystems/PSysThumbnail_OOD.uasset" 368
"../../../Engine/Content/EditorLandscapeResources/DataLayer.uasset" 369
"../../../Engine/Content/EngineFonts/Roboto.uasset" 370
"../../../Engine/Content/EngineMaterials/Widget3DPassThrough_Translucent.uasset" 371
"../../../Engine/Content/EngineMaterials/Widget3DPassThrough.uasset" 372
"../../../Engine/Content/Functions/Engine_MaterialFunctions02/Texturing/ScreenAlignedUVs.uasset" 373
"../../../Engine/Content/EngineResources/WhiteSquareTexture.uasset" 374
"../../../Engine/Content/Functions/Engine_MaterialFunctions01/Shading/PowerToRoughness.uasset" 375
"../../../Engine/Content/Functions/Engine_MaterialFunctions01/Shading/ConvertFromDiffSpec.uasset" 376
"../../../Engine/Content/EngineMaterials/WorldGridMaterial.uasset" 377
"../../../Engine/Content/Functions/Engine_MaterialFunctions01/Opacity/CameraDepthFade.uasset" 378
"../../../Engine/Content/EngineMaterials/T_Default_Material_Grid_M.uasset" 379
"../../../Engine/Content/EngineMaterials/T_Default_Material_Grid_N.uasset" 380
"../../../Engine/Content/EngineMaterials/DefaultDeferredDecalMaterial.uasset" 381
"../../../Engine/Content/EngineMaterials/DefaultDiffuse.uasset" 382
"../../../Engine/Content/EngineMaterials/DefaultLightFunctionMaterial.uasset" 383
"../../../Engine/Content/EngineMaterials/DefaultPostProcessMaterial.uasset" 384
"../../../Engine/Content/Functions/Engine_MaterialFunctions02/Utility/BreakOutFloat2Components.uasset" 385
"../../../Engine/Content/EngineResources/DefaultTexture.uasset" 386
"../../../Engine/Content/EngineMaterials/Widget3DPassThrough_Translucent_OneSided.uasset" 387
"../../../Engine/Content/EngineMaterials/Widget3DPassThrough_Opaque.uasset" 388
"../../../Engine/Content/EngineMaterials/Widget3DPassThrough_Opaque_OneSided.uasset" 389
"../../../Engine/Content/EngineMaterials/Widget3DPassThrough_Masked.uasset" 390
"../../../Engine/Content/EngineMaterials/Widget3DPassThrough_Masked_OneSided.uasset" 391
"../../../Engine/Content/EngineDamageTypes/DmgTypeBP_Environmental.uasset" 392
"..\..\..\Engine\Content\Internationalization\icudt53l\numberingSystems.res" 393
"..\..\..\Engine\Content\Internationalization\icudt53l\curr\supplementalData.res" 394
"..\..\..\Engine\Content\Internationalization\icudt53l\curr\pool.res" 395
"..\..\..\Engine\Content\Internationalization\icudt53l\curr\en.res" 396
"..\..\..\Engine\Content\Internationalization\icudt53l\curr\root.res" 397
"../../../Engine/Content/EngineMeshes/Sphere.uasset" 398
"../../../Engine/Content/EngineFonts/RobotoDistanceField.uasset" 399
"../../../Engine/Content/EngineMaterials/DefaultTextMaterialOpaque.uasset" 400
"../../../Engine/Content/EditorResources/S_Trigger.uasset" 401
"../../../Engine/Content/EngineResources/GradientTexture0.uasset" 402
"../../../Engine/Content/EngineResources/Black.uasset" 403
"../../../Engine/Content/EditorMaterials/MatineeGroups/MAT_Groups_Float.uasset" 404
"../../../Engine/Content/EditorMaterials/MatineeGroups/MAT_Groups_Director.uasset" 405
"../../../Engine/Content/EditorMaterials/MatineeGroups/MAT_Groups_Event.uasset" 406
"../../../Engine/Content/EditorMaterials/MatineeGroups/MAT_Groups_Anim.uasset" 407
"../../../Engine/Content/EditorMaterials/MatineeGroups/MAT_Groups_Fade.uasset" 408
"../../../Engine/Content/EditorMaterials/MatineeGroups/MAT_Groups_Move.uasset" 409
"../../../Engine/Content/EditorMaterials/MatineeGroups/MAT_Groups_Slomo.uasset" 410
"../../../Engine/Content/EditorMaterials/MatineeGroups/MAT_ColorTrack.uasset" 411
"../../../Engine/Content/EditorMaterials/MAT_Groups_Toggle.uasset" 412
"../../../Engine/Content/EditorMaterials/MatineeGroups/MAT_Groups_AudioMaster.uasset" 413
"../../../Engine/Content/EditorMaterials/MatineeGroups/MAT_Groups_Sound.uasset" 414
"../../../Engine/Content/EditorMaterials/MatineeGroups/MAT_Groups_Vector.uasset" 415
"../../../Engine/Content/EditorMaterials/MAT_Groups_Visibility.uasset" 416
"../../../Engine/Content/EngineResources/DefaultTextureCube.uasset" 417
"../../../Engine/Content/EngineSounds/Master.uasset" 418
"../../../Engine/Content/EngineSounds/Music.uasset" 419
"../../../Engine/Content/EngineSounds/SFX.uasset" 420
"../../../Engine/Content/EngineSounds/Normal_Attack.uasset" 421
"../../../Engine/Content/EngineSounds/Special_Attack_PSM.uasset" 422
"../../../Engine/Content/EngineSounds/Duck_Normal_Attack_MixMod.uasset" 423
"../../../Engine/Content/EngineSounds/Voice.uasset" 424
"../../../Engine/Content/EngineMeshes/Cylinder.uasset" 425
"../../../Engine/Content/EngineMaterials/DefaultMaterial.uasset" 426
"../../../Engine/Content/EngineTireTypes/DefaultTireType.uasset" 427
"../../../Engine/Content/Editor/Slate/Fonts/FontAwesome.ttf" 428
"../../../Engine/Content/Editor/Slate/Fonts/DroidSansMono.ttf" 429
"../../../Engine/Content/Editor/Slate/Fonts/Roboto-BoldCondensed.ttf" 430
"../../../Engine/Content/Editor/Slate/Fonts/Roboto-Black.ttf" 431
"../../../Engine/Content/Editor/Slate/Fonts/Roboto-Italic.ttf" 432
"../../../Engine/Content/Editor/Slate/Fonts/Roboto-BoldCondensedItalic.ttf" 433
"..\..\..\Engine\Content\Internationalization\icudt53l\coll\ucadata.icu" 434
"..\..\..\Engine\Content\Internationalization\icudt53l\nfc.nrm" 435
"..\..\..\Engine\Content\Internationalization\icudt53l\coll\en_US.res" 436
"..\..\..\Engine\Content\Internationalization\icudt53l\coll\en.res" 437
"..\..\..\Engine\Content\Internationalization\icudt53l\coll\root.res" 438
"../../../Engine/Content/EngineResources/AICON-Red.uasset" 439
"../../../Engine/Content/EngineResources/AICON-Green.uasset" 440
"../../../Engine/Content/Tutorial/Basics/LevelEditorOverview.uasset" 441
"../../../Engine/Content/Tutorial/Basics/TutorialAssets/icon_tab_Levels_40x.uasset" 442
"../../../Engine/Content/Tutorial/Basics/LevelEditorAttract.uasset" 443
"../../../Engine/Content/Tutorial/ContentIntroCurve.uasset" 444
"../../../Engine/Plugins/2D/Paper2D/Content/MaskedUnlitSpriteMaterial.uasset" 445
"../../../Engine/Plugins/2D/Paper2D/Content/DefaultSpriteMaterial.uasset" 446
"../../../Engine/Plugins/2D/Paper2D/Content/PlaceholderTextures/DummySpriteTexture.uasset" 447
"../../../Engine/Plugins/2D/Paper2D/Content/OpaqueUnlitSpriteMaterial.uasset" 448
"../../../Engine/Plugins/2D/Paper2D/Content/DefaultPaperTerrainMaterial.uasset" 449
"../../../Engine/Plugins/2D/Paper2D/Content/DummySprite.uasset" 450
"../../../Engine/Plugins/2D/Paper2D/Content/DummySpriteTexture.uasset" 451
"C:/Users/Rowdy/AppData/Local/UnrealEngine/4.10/Saved/Config/Windows/SourceControlSettings.ini" 452
"../../../../../../Users/Rowdy/Documents/Unreal Projects/Board_The_Platforms/Intermediate/Config/CoalescedSourceConfigs/SourceControlSettings.ini" 453
"C:/Users/Rowdy/Documents/Unreal Projects/Board_The_Platforms/Saved/Config/Windows/SourceControlSettings.ini" 454
"../../../Engine/Plugins/Runtime/LeapMotionController/Content/LM_CapsuleMesh.uasset" 455
"../../../Engine/Plugins/Runtime/LeapMotionController/Content/LM_TorusMesh.uasset" 456
"../../../Engine/Plugins/Runtime/LeapMotionController/Content/LM_HandColor.uasset" 457
"../../../Engine/Plugins/Runtime/LeapMotionController/Content/LM_PassthroughMaterial.uasset" 458
"../../../Engine/Plugins/Runtime/LeapMotionController/Content/LM_SampleDistortion.uasset" 459
"../../../Engine/Plugins/Runtime/LeapMotionController/Content/LM_TestTexture.uasset" 460
"../../../Engine/Content/BasicShapes/Cube.uasset" 461
"../../../Engine/Content/EngineMaterials/RemoveSurfaceMaterial.uasset" 462
"../../../Engine/Content/EngineDebugMaterials/DebugMeshMaterial.uasset" 463
"../../../Engine/Content/EngineMaterials/M_InvalidLightmapSettings.uasset" 464
"../../../Engine/Content/EngineMaterials/InvalidLightmapSettings.uasset" 465
"../../../Engine/Content/EditorMaterials/GizmoMaterial.uasset" 466
"../../../Engine/Content/EngineMaterials/Good64x64TilingNoiseHighFreq.uasset" 467
"../../../Engine/Content/EngineMaterials/DefaultBokeh.uasset" 468
"../../../Engine/Content/EngineMaterials/PreintegratedSkinBRDF.uasset" 469
"../../../Engine/Content/EngineMaterials/MiniFont.uasset" 470
"../../../Engine/Content/EngineMaterials/WeightMapPlaceholderTexture.uasset" 471
"../../../Engine/Content/EngineMaterials/DefaultWhiteGrid.uasset" 472
"../../../Engine/Content/EngineMaterials/DefaultPhysicalMaterial.uasset" 473
"../../../Engine/Content/EngineFonts/RobotoTiny.uasset" 474
"../../../../../../Users/Rowdy/Documents/Unreal Projects/Board_The_Platforms/Intermediate/CachedAssetRegistry.bin" 475
"../../../../../../Users/Rowdy/Documents/Unreal Projects/Board_The_Platforms/Saved/Autosaves/Game/Custom_Content/BluePrints/BarkDecidious0194_1_S_Auto1.uasset" 476
"../../../../../../Users/Rowdy/Documents/Unreal Projects/Board_The_Platforms/Saved/Autosaves/Game/Custom_Content/BluePrints/BarkDecidious0194_1_S_Auto2.uasset" 477
"../../../../../../Users/Rowdy/Documents/Unreal Projects/Board_The_Platforms/Saved/Autosaves/Game/Custom_Content/BluePrints/blinn1_Auto1.uasset" 478
"../../../../../../Users/Rowdy/Documents/Unreal Projects/Board_The_Platforms/Saved/Autosaves/Game/Custom_Content/BluePrints/BP_Passable_Wood_Platform_Auto2.uasset" 479
"../../../../../../Users/Rowdy/Documents/Unreal Projects/Board_The_Platforms/Saved/Autosaves/Game/Custom_Content/BluePrints/BP_Platform_Auto1.uasset" 480
"../../../../../../Users/Rowdy/Documents/Unreal Projects/Board_The_Platforms/Saved/Autosaves/Game/Custom_Content/BluePrints/Platform_Auto1.uasset" 481
"../../../../../../Users/Rowdy/Documents/Unreal Projects/Board_The_Platforms/Saved/Autosaves/Game/Custom_Content/BluePrints/Sandy_Top_Auto1.uasset" 482
"../../../../../../Users/Rowdy/Documents/Unreal Projects/Board_The_Platforms/Saved/Autosaves/Game/Custom_Content/BluePrints/Sandy_Top_Auto2.uasset" 483
"../../../../../../Users/Rowdy/Documents/Unreal Projects/Board_The_Platforms/Saved/Autosaves/Game/Custom_Content/BluePrints/SoilSand0204_1_S_Auto1.uasset" 484
"../../../../../../Users/Rowdy/Documents/Unreal Projects/Board_The_Platforms/Saved/Autosaves/Game/Custom_Content/BluePrints/SoilSand0204_1_S_Auto2.uasset" 485
"../../../../../../Users/Rowdy/Documents/Unreal Projects/Board_The_Platforms/Saved/Autosaves/Game/Custom_Content/BluePrints/Wood_Platform_Passthrough_Auto1.uasset" 486
"../../../../../../Users/Rowdy/Documents/Unreal Projects/Board_The_Platforms/Saved/Autosaves/Game/Custom_Content/BluePrints/Wood_Wall_Auto1.uasset" 487
"../../../../../../Users/Rowdy/Documents/Unreal Projects/Board_The_Platforms/Saved/Autosaves/Game/Custom_Content/BluePrints/Wood_Wall_Auto2.uasset" 488
"../../../../../../Users/Rowdy/Documents/Unreal Projects/Board_The_Platforms/Saved/Autosaves/Game/Custom_Content/Material/Wood_Platform/Sandy_Top_Auto3.uasset" 489
"../../../../../../Users/Rowdy/Documents/Unreal Projects/Board_The_Platforms/Saved/Autosaves/Game/Custom_Content/Material/Wood_Platform/Wood_Wall_Auto3.uasset" 490
"../../../../../../Users/Rowdy/Documents/Unreal Projects/Board_The_Platforms/Saved/Autosaves/Game/Custom_Content/Mesh/BarkDecidious0194_1_S_Auto2.uasset" 491
"../../../../../../Users/Rowdy/Documents/Unreal Projects/Board_The_Platforms/Saved/Autosaves/Game/Custom_Content/Mesh/BarkDecidious0194_1_S_Auto4.uasset" 492
"../../../../../../Users/Rowdy/Documents/Unreal Projects/Board_The_Platforms/Saved/Autosaves/Game/Custom_Content/Mesh/BarkDecidious0194_1_S_Auto5.uasset" 493
"../../../../../../Users/Rowdy/Documents/Unreal Projects/Board_The_Platforms/Saved/Autosaves/Game/Custom_Content/Mesh/lambert2_Auto4.uasset" 494
"../../../../../../Users/Rowdy/Documents/Unreal Projects/Board_The_Platforms/Saved/Autosaves/Game/Custom_Content/Mesh/lambert2_Auto5.uasset" 495
"../../../../../../Users/Rowdy/Documents/Unreal Projects/Board_The_Platforms/Saved/Autosaves/Game/Custom_Content/Mesh/Sandy_Top_Auto2.uasset" 496
"../../../../../../Users/Rowdy/Documents/Unreal Projects/Board_The_Platforms/Saved/Autosaves/Game/Custom_Content/Mesh/SoilSand0204_1_S_Auto2.uasset" 497
"../../../../../../Users/Rowdy/Documents/Unreal Projects/Board_The_Platforms/Saved/Autosaves/Game/Custom_Content/Mesh/Square_Tree_Block_Auto4.uasset" 498
"../../../../../../Users/Rowdy/Documents/Unreal Projects/Board_The_Platforms/Saved/Autosaves/Game/Custom_Content/Mesh/Square_Tree_Block_Auto5.uasset" 499
"../../../../../../Users/Rowdy/Documents/Unreal Projects/Board_The_Platforms/Saved/Autosaves/Game/Custom_Content/Mesh/Wood_Platform_Auto2.uasset" 500
"../../../../../../Users/Rowdy/Documents/Unreal Projects/Board_The_Platforms/Saved/Autosaves/Game/Custom_Content/Mesh/Wood_Wall_Auto2.uasset" 501
"../../../../../../Users/Rowdy/Documents/Unreal Projects/Board_The_Platforms/Saved/Autosaves/Game/Custom_Content/Textures/Platform/Platform_1_Auto1.uasset" 502
"../../../../../../Users/Rowdy/Documents/Unreal Projects/Board_The_Platforms/Saved/Autosaves/Game/Custom_Content/Textures/Platform/Platform_2_Auto1.uasset" 503
"../../../../../../Users/Rowdy/Documents/Unreal Projects/Board_The_Platforms/Saved/Autosaves/Game/Custom_Content/Textures/Platform/Platform_3_Auto1.uasset" 504
"../../../../../../Users/Rowdy/Documents/Unreal Projects/Board_The_Platforms/Saved/Autosaves/Game/SideScrollerBP/Maps/SideScrollerExampleMap_Auto1.umap" 505
"../../../../../../Users/Rowdy/Documents/Unreal Projects/Board_The_Platforms/Saved/Autosaves/Game/SideScrollerBP/Maps/SideScrollerExampleMap_Auto2.umap" 506
"../../../../../../Users/Rowdy/Documents/Unreal Projects/Board_The_Platforms/Saved/Autosaves/Game/SideScrollerBP/Maps/SideScrollerExampleMap_Auto3.umap" 507
"../../../../../../Users/Rowdy/Documents/Unreal Projects/Board_The_Platforms/Saved/Autosaves/Game/SideScrollerBP/Maps/SideScrollerExampleMap_Auto4.umap" 508
"../../../../../../Users/Rowdy/Documents/Unreal Projects/Board_The_Platforms/Saved/Autosaves/Game/SideScrollerBP/Maps/SideScrollerExampleMap_Auto5.umap" 509
"../../../Engine/Config/HTML5/HTML5Engine.ini" 510
"../../../Engine/Content/MobileResources/HUD/VirtualJoystick_Thumb.uasset" 511
"../../../Engine/Content/EditorResources/BSPVertex.uasset" 512
"../../../Engine/Content/EngineDebugMaterials/GeomMaterial.uasset" 513
"../../../Engine/Content/EngineDebugMaterials/BoneWeightMaterial.uasset" 514
"../../../Engine/Content/EngineDebugMaterials/HeatmapGradient.uasset" 515
"../../../Engine/Content/EditorMaterials/PhAT_JointLimitMaterial.uasset" 516
"../../../Engine/Content/EditorMaterials/PreviewShadowIndicatorMaterial.uasset" 517
"../../../Engine/Content/EditorMaterials/PreviewShadowIndicator.uasset" 518
"../../../Engine/Content/EngineMaterials/EditorBrushMaterial.uasset" 519
"../../../Engine/Content/EditorMeshes/ColorCalibrator/SM_ColorCalibrator.uasset" 520
"../../../Engine/Content/EditorMeshes/ColorCalibrator/M_ChromeBall.uasset" 521
"../../../Engine/Content/EditorMeshes/ColorCalibrator/M_ClearCoat.uasset" 522
"../../../Engine/Content/EditorMeshes/ColorCalibrator/M_ClearCoatBlack.uasset" 523
"../../../Engine/Content/EditorMeshes/ColorCalibrator/M_ColorGrid.uasset" 524
"../../../Engine/Content/EditorMeshes/ColorCalibrator/T_ColorGrid.uasset" 525
"../../../Engine/Content/EditorMeshes/ColorCalibrator/M_GreyBall.uasset" 526
"../../../Engine/Content/MobileResources/HUD/LeftVirtualJoystickOnly.uasset" 527
"../../../Engine/Content/MobileResources/HUD/VirtualJoystick_Background.uasset" 528
"../../../Engine/Content/Tutorial/BlueprintTutorials/TutorialAssets/Blueprint_64x.uasset" 529
"../../../Engine/Content/Tutorial/SubEditors/TutorialAssets/icon_Editor_Preferences_General_40x.uasset" 530
"../../../Engine/Content/Tutorial/Paper2D/TutorialAssets/Paper2DSprite_TutorialIcon.uasset" 531
"../../../Engine/Content/Tutorial/SubEditors/TutorialAssets/icon_ShowSkeletalMeshes_40x.uasset" 532
"../../../Engine/Content/Tutorial/Landscape/TutorialAssets/Landscape.uasset" 533
"../../../Engine/Content/Tutorial/Foliage/TutorialAssets/Foliage.uasset" 534
"../../../Engine/Content/Tutorial/SubEditors/StaticMeshEditorTutorial.uasset" 535
"../../../Engine/Content/EngineMeshes/Cube.uasset" 536
"../../../Engine/Content/Tutorial/BlueprintTutorials/BlueprintEditorTutorial.uasset" 537
"../../../Engine/Content/Tutorial/BlueprintTutorials/BlueprintMacroLibrariesEditorOverview.uasset" 538
"../../../Engine/Content/Tutorial/BlueprintTutorials/TutorialAssets/BlueprintMacroLibrary_64x.uasset" 539
"../../../Engine/Content/Tutorial/BlueprintTutorials/TutorialAssets/Tutorial_BP_MacroLib.uasset" 540
"../../../Engine/Content/Tutorial/BlueprintTutorials/BlueprintInterfacesEditorOverview.uasset" 541
"../../../Engine/Content/Tutorial/BlueprintTutorials/TutorialAssets/BlueprintInterface_64x.uasset" 542
"../../../Engine/Content/Tutorial/BlueprintTutorials/TutorialAssets/Tutorial_BP_Interface.uasset" 543
"../../../Engine/Content/Tutorial/BlueprintTutorials/LevelBlueprintEditorOverview.uasset" 544
"../../../Engine/Content/Tutorial/SubEditors/DestructibleMeshEditorTutorial.uasset" 545
"../../../Engine/Content/Tutorial/SubEditors/TutorialAssets/Tutorial_DM.uasset" 546
"../../../Engine/Content/EditorMeshes/EditorCube.uasset" 547
"../../../Engine/Content/Tutorial/SubEditors/MaterialEditorTutorial.uasset" 548
"../../../Engine/Content/Tutorial/SubEditors/TutorialAssets/TutorialMaterial.uasset" 549
"../../../Engine/Content/Tutorial/SubEditors/ParticleSystemEditorTutorial.uasset" 550
"../../../Engine/Content/Tutorial/SubEditors/TutorialAssets/TutorialParticleSystem.uasset" 551
"../../../Engine/Content/Tutorial/SubEditors/TutorialAssets/M_smoke_subUV_blackbody.uasset" 552
"../../../Engine/Content/Tutorial/SubEditors/TutorialAssets/T_SmokeSubUV_8X8.uasset" 553
"../../../Engine/Content/Tutorial/SubEditors/TutorialAssets/T_soft_smoke.uasset" 554
"../../../Engine/Content/Tutorial/SubEditors/PersonaAnimEditorWalkThrough.uasset" 555
"../../../Engine/Content/Tutorial/SubEditors/TutorialAssets/Character/NewBlendSpace1D.uasset" 556
"../../../Engine/Content/Tutorial/SubEditors/TutorialAssets/Character/Tutorial_Idle.uasset" 557
"../../../Engine/Content/Tutorial/SubEditors/TutorialAssets/Character/TutorialTPP_Skeleton.uasset" 558
"../../../Engine/Content/Tutorial/SubEditors/TutorialAssets/Character/Tutorial_Walk_Fwd.uasset" 559
"../../../Engine/Content/Tutorial/SubEditors/TutorialAssets/Character/TutorialTPP.uasset" 560
"../../../Engine/Content/Tutorial/SubEditors/TutorialAssets/Character/TutorialTPP_Mat.uasset" 561
"../../../Engine/Content/Tutorial/SubEditors/TutorialAssets/Character/TutorialTPP_PhysicsAsset.uasset" 562
"../../../Engine/Content/Tutorial/SubEditors/PersonaAnimBlueprintEditorWalkthrough.uasset" 563
"../../../Engine/Content/Tutorial/SubEditors/TutorialAssets/Character/TutorialTPP_AnimBlueprint.uasset" 564
"../../../Engine/Content/EditorBlueprintResources/StandardMacros.uasset" 565
"../../../Engine/Content/Tutorial/SubEditors/TutorialAssets/Character/TutorialCharacter.uasset" 566
"../../../Engine/Content/Tutorial/Paper2D/SpriteEditorTutorial.uasset" 567
"../../../Engine/Content/Tutorial/Paper2D/FlipbookEditorTutorial.uasset" 568
"../../../Engine/Content/Tutorial/Paper2D/TutorialAssets/Paper2DFlipbook_TutorialIcon.uasset" 569
"../../../Engine/Content/Tutorial/Landscape/Landscape_Manage_Mode.uasset" 570
"../../../Engine/Content/Tutorial/Landscape/Landscape_Sculpt_Mode.uasset" 571
"../../../Engine/Content/Tutorial/Landscape/Landscape_Painting_Mode.uasset" 572
"../../../Engine/Content/Tutorial/Foliage/Foliage_Intro_Tutorial.uasset" 573
"../../../Engine/Content/Tutorial/Foliage/Foliage_Using_The_Tool_Tutorial.uasset" 574
"../../../Engine/Content/Tutorial/Foliage/Foliage_Settings_Tutorial.uasset" 575
"../../../Engine/Content/MobileResources/HUD/AnalogHat.uasset" 576
"../../../../../../Users/Rowdy/Documents/Unreal Projects/Board_The_Platforms/Content/Mannequin/Character/Mesh/UE4_Mannequin_Skeleton.uasset" 577
"../../../../../../Users/Rowdy/Documents/Unreal Projects/Board_The_Platforms/Content/Mannequin/Character/Mesh/SK_Mannequin.uasset" 578
"../../../../../../Users/Rowdy/Documents/Unreal Projects/Board_The_Platforms/Content/Mannequin/Character/Materials/M_UE4Man_Body.uasset" 579
"../../../Engine/Content/Functions/Engine_MaterialFunctions02/Utility/BlendAngleCorrectedNormals.uasset" 580
"../../../Engine/Content/Functions/MaterialLayerFunctions/MatLayerBlend_NormalBlend.uasset" 581
"../../../Engine/Content/Functions/MaterialLayerFunctions/MatLayerBlend_Simple.uasset" 582
"../../../../../../Users/Rowdy/Documents/Unreal Projects/Board_The_Platforms/Content/Mannequin/Character/Materials/MaterialLayers/ML_GlossyBlack_Latex_UE4.uasset" 583
"../../../../../../Users/Rowdy/Documents/Unreal Projects/Board_The_Platforms/Content/Mannequin/Character/Materials/MaterialLayers/T_ML_Rubber_Blue_01_D.uasset" 584
"../../../../../../Users/Rowdy/Documents/Unreal Projects/Board_The_Platforms/Content/Mannequin/Character/Materials/MaterialLayers/T_ML_Rubber_Blue_01_N.uasset" 585
"../../../../../../Users/Rowdy/Documents/Unreal Projects/Board_The_Platforms/Content/Mannequin/Character/Materials/MaterialLayers/ML_Plastic_Shiny_Beige.uasset" 586
"../../../../../../Users/Rowdy/Documents/Unreal Projects/Board_The_Platforms/Content/Mannequin/Character/Materials/MaterialLayers/ML_Plastic_Shiny_Beige_LOGO.uasset" 587
"../../../../../../Users/Rowdy/Documents/Unreal Projects/Board_The_Platforms/Content/Mannequin/Character/Textures/UE4_LOGO_CARD.uasset" 588
"../../../../../../Users/Rowdy/Documents/Unreal Projects/Board_The_Platforms/Content/Mannequin/Character/Materials/MaterialLayers/ML_SoftMetal_UE4.uasset" 589
"../../../../../../Users/Rowdy/Documents/Unreal Projects/Board_The_Platforms/Content/Mannequin/Character/Materials/MaterialLayers/T_ML_Aluminum01.uasset" 590
"../../../../../../Users/Rowdy/Documents/Unreal Projects/Board_The_Platforms/Content/Mannequin/Character/Materials/MaterialLayers/T_ML_Aluminum01_N.uasset" 591
"../../../../../../Users/Rowdy/Documents/Unreal Projects/Board_The_Platforms/Content/Mannequin/Character/Textures/UE4_Mannequin__normals.uasset" 592
"../../../../../../Users/Rowdy/Documents/Unreal Projects/Board_The_Platforms/Content/Mannequin/Character/Textures/UE4_Mannequin_MAT_MASKA.uasset" 593
"../../../../../../Users/Rowdy/Documents/Unreal Projects/Board_The_Platforms/Content/Mannequin/Character/Materials/M_UE4Man_ChestLogo.uasset" 594
"../../../../../../Users/Rowdy/Documents/Unreal Projects/Board_The_Platforms/Content/Mannequin/Character/Textures/UE4Man_Logo_N.uasset" 595
"../../../../../../Users/Rowdy/Documents/Unreal Projects/Board_The_Platforms/Content/Mannequin/Character/Mesh/SK_Mannequin_PhysicsAsset.uasset" 596
"../../../Engine/Content/MobileResources/HUD/DefaultVirtualJoysticks.uasset" 597
"../../../Engine/Content/MobileResources/T_MobileMenu2.uasset" 598
"../../../../../../Users/Rowdy/Documents/Unreal Projects/Board_The_Platforms/Content/Mannequin/Animations/ThirdPerson_Jump.uasset" 599
"../../../../../../Users/Rowdy/Documents/Unreal Projects/Board_The_Platforms/Content/Mannequin/Animations/ThirdPerson_IdleRun_2D.uasset" 600
"../../../../../../Users/Rowdy/Documents/Unreal Projects/Board_The_Platforms/Content/Mannequin/Animations/ThirdPersonIdle.uasset" 601
"../../../../../../Users/Rowdy/Documents/Unreal Projects/Board_The_Platforms/Content/Mannequin/Animations/ThirdPersonRun.uasset" 602
"../../../../../../Users/Rowdy/Documents/Unreal Projects/Board_The_Platforms/Content/Mannequin/Animations/ThirdPersonWalk.uasset" 603
"../../../../../../Users/Rowdy/Documents/Unreal Projects/Board_The_Platforms/Content/Mannequin/Animations/ThirdPerson_AnimBP.uasset" 604
"../../../../../../Users/Rowdy/Documents/Unreal Projects/Board_The_Platforms/Content/Mannequin/Animations/ThirdPersonJump_Loop.uasset" 605
"../../../../../../Users/Rowdy/Documents/Unreal Projects/Board_The_Platforms/Content/Mannequin/Animations/ThirdPersonJump_Start.uasset" 606
"../../../../../../Users/Rowdy/Documents/Unreal Projects/Board_The_Platforms/Content/Mannequin/Animations/ThirdPersonJump_End.uasset" 607
"../../../../../../Users/Rowdy/Documents/Unreal Projects/Board_The_Platforms/Content/Geometry/Meshes/TemplateFloor.uasset" 608
"../../../../../../Users/Rowdy/Documents/Unreal Projects/Board_The_Platforms/Content/Geometry/Meshes/CubeMaterial.uasset" 609
"../../../../../../Users/Rowdy/Documents/Unreal Projects/Board_The_Platforms/Content/Geometry/Meshes/1M_Cube_Chamfer.uasset" 610
"../../../../../../Users/Rowdy/Documents/Unreal Projects/Board_The_Platforms/Content/Geometry/Meshes/1M_Cube.uasset" 611
"../../../../../../Users/Rowdy/Documents/Unreal Projects/Board_The_Platforms/Content/Custom_Content/Textures/Wood_Platform/T_SoilSand0204_1_S.uasset" 612
"C:/Users/Rowdy/AppData/Local/UnrealEngine/Common/DerivedDataCache/4/0/8/TEXTURE_814DCC3DC72143F49509781513CB9855_AUTODXT_6403F8A849B0D3DA0458C2B39A1B0__06C76637E37F5EBDC073DEF7E55A79B36520C4FC.udd" 613
"C:/Users/Rowdy/AppData/Local/UnrealEngine/Common/DerivedDataCache/3/7/8/TEXTURE_814DCC3DC72143F49509781513CB9855_AUTODXT_6403F8A849B0D3DA0458C2B39A1B0__8F24D294233AA793628D29124F8C93F0643551A8.udd" 614
"C:/Users/Rowdy/AppData/Local/UnrealEngine/Common/DerivedDataCache/7/2/2/TEXTURE_814DCC3DC72143F49509781513CB9855_AUTODXT_6403F8A849B0D3DA0458C2B39A1B0__B7AB93E436FDC03518AB9B9A0858873804382284.udd" 615
"C:/Users/Rowdy/AppData/Local/UnrealEngine/Common/DerivedDataCache/9/6/9/TEXTURE_814DCC3DC72143F49509781513CB9855_AUTODXT_6403F8A849B0D3DA0458C2B39A1B0__CAC4EE9A6AB2BFC84F1173C039042A7C7D67A6E2.udd" 616
"C:/Users/Rowdy/AppData/Local/UnrealEngine/Common/DerivedDataCache/4/8/6/TEXTURE_814DCC3DC72143F49509781513CB9855_AUTODXT_6403F8A849B0D3DA0458C2B39A1B0__747C2979BA744FED952FB3624A2A9C3BC663925C.udd" 617
"../../../Engine/Content/MobileResources/T_MobileControls_texture.uasset" 618
"../../../Engine/Content/MobileResources/HUD/MobileHUDButton1_off.uasset" 619
"../../../../../../Users/Rowdy/Documents/Unreal Projects/Board_The_Platforms/Content/Custom_Content/BluePrints/Platform.uasset" 620
"../../../../../../Users/Rowdy/Documents/Unreal Projects/Board_The_Platforms/Content/Custom_Content/BluePrints/HUD.uasset" 621
"../../../../../../Users/Rowdy/Documents/Unreal Projects/Board_The_Platforms/Content/Custom_Content/BluePrints/SideScrollerCharacter.uasset" 622
"../../../../../../Users/Rowdy/Documents/Unreal Projects/Board_The_Platforms/Content/Custom_Content/BluePrints/BP_Platform.uasset" 623
"../../../../../../Users/Rowdy/Documents/Unreal Projects/Board_The_Platforms/Content/Custom_Content/Mesh/Me_Platform.uasset" 624
"../../../../../../Users/Rowdy/Documents/Unreal Projects/Board_The_Platforms/Content/Custom_Content/Material/Platform/Ma_Platform_2_Body.uasset" 625
"../../../../../../Users/Rowdy/Documents/Unreal Projects/Board_The_Platforms/Content/Custom_Content/Material/Platform/Ma_Platform_3_Light.uasset" 626
"../../../../../../Users/Rowdy/Documents/Unreal Projects/Board_The_Platforms/Content/Custom_Content/Material/Platform/Ma_Platform_Top.uasset" 627
"C:/Users/Rowdy/AppData/Local/UnrealEngine/Common/DerivedDataCache/4/7/3/STATICMESH_46A8778361B442A9523C54440EA1E9D_8C68575CEF434CA8A9E1DA4AED8A47BB_21__67A4E78E8DB4A3C547778A13818725081C23775A.udd" 628
"C:/Users/Rowdy/AppData/Local/UnrealEngine/Common/DerivedDataCache/5/5/2/PHYSX_1D9C17C451EA4FB88CB7A27536A65DB0_PHYSXPC_3F7AAB654A471EEF0A5A618A8C243EA__0EF7F402EC68A2BE723554FF9946DE43495C288F.udd" 629
"C:/Users/Rowdy/AppData/Local/UnrealEngine/Common/DerivedDataCache/4/7/9/NAVCOLLISION_B89838347A4348138EE337A847529C5C_NAVCOLLISION_X_3F7AAB654A471EEF0__DA880321D04905A6D88A41B9C1511A0AF397811D.udd" 630
"C:/Users/Rowdy/AppData/Local/UnrealEngine/Common/DerivedDataCache/2/7/6/MATSM_984AFA3849534FAA8491540B994BD32E_PCD3D_SM5_3__BC5N_DEV_SL_NODBUFBDA96D48__333AFBEF1DE49CC7AC8047EE040237C0A8CECE0D.udd" 631
"C:/Users/Rowdy/AppData/Local/UnrealEngine/Common/DerivedDataCache/5/1/1/MATSM_984AFA3849534FAA8491540B994BD32E_PCD3D_SM5_3__BC5N_DEV_SL_NODBUF2C381534__C8A8DB49F2F0D6078584DD5BAD383CABDC8A5F29.udd" 632
"C:/Users/Rowdy/AppData/Local/UnrealEngine/Common/DerivedDataCache/6/3/8/MATSM_984AFA3849534FAA8491540B994BD32E_PCD3D_SM5_3__BC5N_DEV_SL_NODBUF929FDDAF__E5A90AC7E7CA1D3034E3902BC08A98145B46FB8E.udd" 633
"../../../../../../Users/Rowdy/Documents/Unreal Projects/Board_The_Platforms/Content/Custom_Content/BluePrints/BP_Passable_Wood_Platform.uasset" 634
"../../../../../../Users/Rowdy/Documents/Unreal Projects/Board_The_Platforms/Content/Custom_Content/Mesh/Me_Passable_Wood_Platform.uasset" 635
"../../../../../../Users/Rowdy/Documents/Unreal Projects/Board_The_Platforms/Content/Custom_Content/Material/Passable_Wood_Platform/Ma_Sandy_Top.uasset" 636
"../../../../../../Users/Rowdy/Documents/Unreal Projects/Board_The_Platforms/Content/Custom_Content/Textures/Passable_Wood_Platform/T_SoilSand0204_1_S.uasset" 637
"../../../../../../Users/Rowdy/Documents/Unreal Projects/Board_The_Platforms/Content/Custom_Content/Material/Passable_Wood_Platform/Ma_Wood_Wall.uasset" 638
"../../../../../../Users/Rowdy/Documents/Unreal Projects/Board_The_Platforms/Content/Custom_Content/Textures/Passable_Wood_Platform/T_BarkDecidious0194_1_S.uasset" 639
"C:/Users/Rowdy/AppData/Local/UnrealEngine/Common/DerivedDataCache/9/9/6/MATSM_984AFA3849534FAA8491540B994BD32E_PCD3D_SM5_3__BC5N_DEV_SL_NODBUF98A813D2__4C5A2414D3F121BC6D933217422ED807845ACD6D.udd" 640
"C:/Users/Rowdy/AppData/Local/UnrealEngine/Common/DerivedDataCache/5/2/6/STATICMESH_46A8778361B442A9523C54440EA1E9D_8C68575CEF434CA8A9E1DA4AED8A47BB_60__1E17F8A15719C9659CA01BEA990ADCDB58C2F392.udd" 641
"C:/Users/Rowdy/AppData/Local/UnrealEngine/Common/DerivedDataCache/8/2/2/NAVCOLLISION_B89838347A4348138EE337A847529C5C_NAVCOLLISION_X_590C2E9F475263B34__0897515F286FF827E60633C186002FA6162C50AB.udd" 642
"C:/Users/Rowdy/AppData/Local/UnrealEngine/Common/DerivedDataCache/0/7/6/PHYSX_1D9C17C451EA4FB88CB7A27536A65DB0_PHYSXPC_590C2E9F475263B34F3532976703E76__488316B7FDFC4BEEBAA055B44F85B9237F26129D.udd" 643
"C:/Users/Rowdy/AppData/Local/UnrealEngine/Common/DerivedDataCache/4/0/1/MATSM_984AFA3849534FAA8491540B994BD32E_PCD3D_SM5_3__BC5N_DEV_SL_NODBUF96A5D953__5F80BC3A692C9EEB623201299F2B8A0F8E7F76AC.udd" 644
"../../../../../../Users/Rowdy/Documents/Unreal Projects/Board_The_Platforms/Content/Custom_Content/BluePrints/blinn1.uasset" 645
"../../../../../../Users/Rowdy/Documents/Unreal Projects/Board_The_Platforms/Content/Custom_Content/BluePrints/BarkDecidious0194_1_S.uasset" 646
"../../../Engine/Content/MobileResources/HUD/MobileHUDDirectionPad2.uasset" 647
"../../../../../../Users/Rowdy/Documents/Unreal Projects/Board_The_Platforms/Content/Custom_Content/Mesh/BarkDecidious0194_1_S.uasset" 648
"../../../../../../Users/Rowdy/Documents/Unreal Projects/Board_The_Platforms/Content/Custom_Content/Material/Wood_Platform/MA_Wood_Wall.uasset" 649
"../../../../../../Users/Rowdy/Documents/Unreal Projects/Board_The_Platforms/Content/Custom_Content/Textures/Wood_Platform/T_BarkDecidious0194_1_S.uasset" 650
"C:/Users/Rowdy/AppData/Local/UnrealEngine/Common/DerivedDataCache/5/8/4/MATSM_984AFA3849534FAA8491540B994BD32E_PCD3D_SM5_3__BC5N_DEV_SL_NODBUFE69374A9__14F2E53846172329CEDD2FC505E085CFA915CC11.udd" 651
"C:/Users/Rowdy/AppData/Local/Temp/UnrealShaderWorkingDir/6DCE57F34E64112C70F93C9B994F9876/0/WorkerOutputOnly.out" 652
"C:/Users/Rowdy/AppData/Local/Temp/UnrealShaderWorkingDir/6DCE57F34E64112C70F93C9B994F9876/1/WorkerOutputOnly.out" 653
"C:/Users/Rowdy/AppData/Local/Temp/UnrealShaderWorkingDir/6DCE57F34E64112C70F93C9B994F9876/2/WorkerOutputOnly.out" 654
"../../../../../../Users/Rowdy/Documents/Unreal Projects/Board_The_Platforms/Content/Custom_Content/BluePrints/Sandy_Top.uasset" 655
"../../../Engine/Content/MobileResources/HUD/T_Castle_ThumbstickOutter.uasset" 656
"../../../Engine/Content/MobileResources/HUD/MobileHUDDirectionStick.uasset" 657
"../../../Engine/Content/MobileResources/HUD/MobileHUDDirectionPad.uasset" 658
"../../../../../../Users/Rowdy/Documents/Unreal Projects/Board_The_Platforms/Content/Custom_Content/BluePrints/Wood_Wall.uasset" 659
"../../../../../../Users/Rowdy/Documents/Unreal Projects/Board_The_Platforms/Content/Custom_Content/BluePrints/Wood_Platform_Passthrough.uasset" 660
"../../../../../../Users/Rowdy/Documents/Unreal Projects/Board_The_Platforms/Content/Custom_Content/BluePrints/SoilSand0204_1_S.uasset" 661
"../../../../../../Users/Rowdy/Documents/Unreal Projects/Board_The_Platforms/Content/Custom_Content/BluePrints/SideScrollerGameMode.uasset" 662
"../../../Engine/Content/MobileResources/HUD/T_Castle_ThumbstickInner.uasset" 663
"../../../Engine/Content/MobileResources/HUD/MobileHUDButtonFire.uasset" 664
"../../../Engine/Content/MobileResources/HUD/MobileHUDButton3.uasset" 665
"../../../Engine/Content/MobileResources/HUD/MobileHUDButton2_off.uasset" 666
"C:/Users/Rowdy/AppData/Local/UnrealEngine/Common/DerivedDataCache/8/2/8/TEXTURE_814DCC3DC72143F49509781513CB9855_AUTODXT_928210164D3474091FD7CDABE434E__DC1F6B670B37B470346C0AB7C109D8AFBB39345F.udd" 667
"C:/Users/Rowdy/AppData/Local/UnrealEngine/Common/DerivedDataCache/7/7/2/TEXTURE_814DCC3DC72143F49509781513CB9855_AUTODXT_928210164D3474091FD7CDABE434E__7AF0D450B2941C84EBC256189FF20B3A54B5821F.udd" 668
"C:/Users/Rowdy/AppData/Local/UnrealEngine/Common/DerivedDataCache/2/5/2/TEXTURE_814DCC3DC72143F49509781513CB9855_AUTODXT_928210164D3474091FD7CDABE434E__FED8989E403071F208AC17AD331A4AD908C8AAAB.udd" 669
"C:/Users/Rowdy/AppData/Local/UnrealEngine/Common/DerivedDataCache/6/5/9/TEXTURE_814DCC3DC72143F49509781513CB9855_AUTODXT_928210164D3474091FD7CDABE434E__5807880675EE26FA2CE3E2095A86AF5D1AD0CD9B.udd" 670
"C:/Users/Rowdy/AppData/Local/UnrealEngine/Common/DerivedDataCache/5/4/7/TEXTURE_814DCC3DC72143F49509781513CB9855_AUTODXT_928210164D3474091FD7CDABE434E__C243DBB7F5ABD1C31B25E0B853D5A98B36F1647C.udd" 671
"../../../../../../Users/Rowdy/Documents/Unreal Projects/Board_The_Platforms/Content/Custom_Content/Material/Wood_Platform/Ma_Sandy_Top.uasset" 672
"C:/Users/Rowdy/AppData/Local/UnrealEngine/Common/DerivedDataCache/5/9/7/MATSM_984AFA3849534FAA8491540B994BD32E_PCD3D_SM5_3__BC5N_DEV_SL_NODBUFA110DE8E__6854C7F4E8384C16863BA9D9709E782AFA332640.udd" 673
"../../../../../../Users/Rowdy/Documents/Unreal Projects/Board_The_Platforms/Content/Custom_Content/Mesh/SoilSand0204_1_S.uasset" 674
"../../../../../../Users/Rowdy/Documents/Unreal Projects/Board_The_Platforms/Content/Custom_Content/Mesh/Sandy_Top.uasset" 675
"../../../../../../Users/Rowdy/Documents/Unreal Projects/Board_The_Platforms/Content/Custom_Content/Mesh/Me_Wood_Platform.uasset" 676
"C:/Users/Rowdy/AppData/Local/UnrealEngine/Common/DerivedDataCache/4/7/0/STATICMESH_46A8778361B442A9523C54440EA1E9D_8C68575CEF434CA8A9E1DA4AED8A47BB_44__9C3C7F41C8503147368107E5CF342F55F5D5B0DA.udd" 677
"C:/Users/Rowdy/AppData/Local/UnrealEngine/Common/DerivedDataCache/1/1/1/NAVCOLLISION_B89838347A4348138EE337A847529C5C_NAVCOLLISION_X_82492DEF4E6771E11__CD96E812B9E0D1269EF8E5C32013A458D8C84433.udd" 678
"C:/Users/Rowdy/AppData/Local/UnrealEngine/Common/DerivedDataCache/3/2/2/PHYSX_1D9C17C451EA4FB88CB7A27536A65DB0_PHYSXPC_82492DEF4E6771E115C1A89A1F9AFA2__D9DA8F5D90500C786AFEC540B4643DE07CF24449.udd" 679
"../../../Engine/Content/MobileResources/HUD/MobileHUDDirectionPad3.uasset" 680
"../../../../../../Users/Rowdy/Documents/Unreal Projects/Board_The_Platforms/Content/Custom_Content/Mesh/Wood_Platform.uasset" 681
"../../../../../../Users/Rowdy/Documents/Unreal Projects/Board_The_Platforms/Content/Custom_Content/Mesh/Square_Tree_Block.uasset" 682
"../../../Engine/Content/MobileResources/HUD/MobileHUDButton2_on.uasset" 683
"../../../../../../Users/Rowdy/Documents/Unreal Projects/Board_The_Platforms/Content/SideScrollerBP/Blueprints/SideScrollerCharacter.uasset" 684
"../../../../../../Users/Rowdy/Documents/Unreal Projects/Board_The_Platforms/Content/SideScrollerBP/Animations/SideScrollerJump_Start.uasset" 685
"../../../../../../Users/Rowdy/Documents/Unreal Projects/Board_The_Platforms/Content/SideScrollerBP/Animations/SideScrollerJump_Loop.uasset" 686
"../../../../../../Users/Rowdy/Documents/Unreal Projects/Board_The_Platforms/Content/SideScrollerBP/Animations/SideScrollerJump_End.uasset" 687
"../../../../../../Users/Rowdy/Documents/Unreal Projects/Board_The_Platforms/Content/SideScrollerBP/SideScrollerOverview.uasset" 688
"../../../Engine/Content/Maps/Entry.umap" 689
"../../../Engine/Content/EngineMaterials/DefaultNormal.uasset" 690
"../../../../../../Users/Rowdy/Documents/Unreal Projects/Board_The_Platforms/Content/SideScrollerBP/Maps/SideScrollerExampleMap.umap" 691
"../../../Engine/Content/EngineSky/BP_Sky_Sphere.uasset" 692
"../../../Engine/Content/EngineSky/C_Sky_Cloud_Color.uasset" 693
"../../../Engine/Content/EngineSky/C_Sky_Horizon_Color.uasset" 694
"../../../Engine/Content/EngineSky/C_Sky_Zenith_Color.uasset" 695
"../../../Engine/Content/EngineSky/M_Sky_Panning_Clouds2.uasset" 696
"../../../Engine/Content/EngineSky/T_Sky_Blue.uasset" 697
"../../../Engine/Content/EngineSky/T_Sky_Clouds_M.uasset" 698
"../../../Engine/Content/EngineSky/T_Sky_Stars.uasset" 699
"../../../Engine/Content/EngineSky/SM_SkySphere.uasset" 700
"C:/Users/Rowdy/AppData/Local/UnrealEngine/Common/DerivedDataCache/1/4/7/PHYSX_1D9C17C451EA4FB88CB7A27536A65DB0_PHYSXPC_6BADE0A445EBEB129F61B2A704557C92__1_0_13123_0.udd" 701
"C:/Users/Rowdy/AppData/Local/UnrealEngine/Common/DerivedDataCache/9/8/1/PHYSX_1D9C17C451EA4FB88CB7A27536A65DB0_PHYSXPC_E0722F9A4E0A2FE760A03684D274973C__1_0_13123_0.udd" 702
"C:/Users/Rowdy/AppData/Local/UnrealEngine/Common/DerivedDataCache/8/1/9/REFL_ENC_96DFC022836B48889143E9DF484C3296_39618C8E49EFCCB1B3F4ACBC527CCAF1.udd" 703
"C:/Users/Rowdy/AppData/Local/UnrealEngine/Common/DerivedDataCache/9/9/0/TEXTURE_814DCC3DC72143F49509781513CB9855_AUTODXT_1CF94C064A1E7835319D80A7BD32A__EFE96B27EFA072BA0717F10C7A9D2406871979FA.udd" 704
"C:/Users/Rowdy/AppData/Local/UnrealEngine/Common/DerivedDataCache/8/9/4/TEXTURE_814DCC3DC72143F49509781513CB9855_AUTODXT_4527A5344ECB3821DCA01DBFD873D__C889776175A82B0143DE9D0FDAA23D7593A94326.udd" 705
"C:/Users/Rowdy/AppData/Local/UnrealEngine/Common/DerivedDataCache/6/9/1/TEXTURE_814DCC3DC72143F49509781513CB9855_AUTODXT_6FCDBADF4DE7FB90B87BDC9A9359B__43577BB59DF2DAD1CFC4E5872CB5FFD33AA007E8.udd" 706
"C:/Users/Rowdy/AppData/Local/UnrealEngine/Common/DerivedDataCache/1/6/1/TEXTURE_814DCC3DC72143F49509781513CB9855_AUTODXT_4527A5344ECB3821DCA01DBFD873D__9AB1C2DD75EAE6553F96001F4A28FD16D81448E5.udd" 707
"C:/Users/Rowdy/AppData/Local/UnrealEngine/Common/DerivedDataCache/6/6/2/TEXTURE_814DCC3DC72143F49509781513CB9855_AUTODXT_6FCDBADF4DE7FB90B87BDC9A9359B__E40977DD9999FF806F265F62E8B6A04EDF6862C3.udd" 708
"C:/Users/Rowdy/AppData/Local/UnrealEngine/Common/DerivedDataCache/5/6/9/TEXTURE_814DCC3DC72143F49509781513CB9855_AUTODXT_4527A5344ECB3821DCA01DBFD873D__8E80098DBA49E7FD0DA05BAA50A67F236783D748.udd" 709
"C:/Users/Rowdy/AppData/Local/UnrealEngine/Common/DerivedDataCache/8/8/3/TEXTURE_814DCC3DC72143F49509781513CB9855_AUTODXT_6FCDBADF4DE7FB90B87BDC9A9359B__1B821036761F7853C5F6721F9F1E13232DE306AE.udd" 710
"C:/Users/Rowdy/AppData/Local/UnrealEngine/Common/DerivedDataCache/8/2/7/TEXTURE_814DCC3DC72143F49509781513CB9855_DXT1_6CC123434A3325C72452CEB6CB0193B0__B4FD5F8050B6B9DEE29B85D1B35CCFE9AE1E0394.udd" 711
"C:/Users/Rowdy/AppData/Local/UnrealEngine/Common/DerivedDataCache/1/6/6/TEXTURE_814DCC3DC72143F49509781513CB9855_AUTODXT_B27F3AAD438AC7589F6B2FAB79D64__BD7DF283B92249876C49922F6AAF469A070B6D49.udd" 712
"C:/Users/Rowdy/AppData/Local/UnrealEngine/Common/DerivedDataCache/6/4/1/TEXTURE_814DCC3DC72143F49509781513CB9855_DXT1_F4B5458F482A83F73667FD9458FB421D__E610E154638DFEBF5FD9B20C703FA3C2BF0D6E98.udd" 713
"C:/Users/Rowdy/AppData/Local/UnrealEngine/Common/DerivedDataCache/6/2/8/TEXTURE_814DCC3DC72143F49509781513CB9855_DXT1_EFC3D03E4427D2586EFACD80A1BA6818__951865679CF6D6C6C399EE1EE0BA7832669A85CC.udd" 714
"C:/Users/Rowdy/AppData/Local/UnrealEngine/Common/DerivedDataCache/7/9/7/TEXTURE_814DCC3DC72143F49509781513CB9855_AUTODXT_B27F3AAD438AC7589F6B2FAB79D64__6C06F9396FC0F6EE89922D04851D5D0FCB813C5D.udd" 715
"C:/Users/Rowdy/AppData/Local/UnrealEngine/Common/DerivedDataCache/8/2/8/TEXTURE_814DCC3DC72143F49509781513CB9855_AUTODXT_B27F3AAD438AC7589F6B2FAB79D64__C26731F13AB36C723C8A72E47171D6B508F7DB67.udd" 716
"C:/Users/Rowdy/AppData/Local/UnrealEngine/Common/DerivedDataCache/9/5/1/TEXTURE_814DCC3DC72143F49509781513CB9855_DXT1_BBD4C0DD443841C822947CA2E0160F90__461F7A743C492707B024CF499523AB1CCC4831C2.udd" 717
"C:/Users/Rowdy/AppData/Local/UnrealEngine/Common/DerivedDataCache/6/9/5/TEXTURE_814DCC3DC72143F49509781513CB9855_DXT1_F4B5458F482A83F73667FD9458FB421D__FA81933321673DFAACA0ACAF03BDC7B7F09F6CFF.udd" 718
"C:/Users/Rowdy/AppData/Local/UnrealEngine/Common/DerivedDataCache/3/5/2/TEXTURE_814DCC3DC72143F49509781513CB9855_DXT1_F4B5458F482A83F73667FD9458FB421D__A920E23E5136004DAC09A8182EAB3E2E95E4D256.udd" 719
"C:/Users/Rowdy/AppData/Local/UnrealEngine/Common/DerivedDataCache/4/5/7/TEXTURE_814DCC3DC72143F49509781513CB9855_G8_48B49A6C44E12F837F4BBD83365C4A57_0__BD60439E3CC4CC40583E324BFE5A8376B93201DF.udd" 720
"C:/Users/Rowdy/AppData/Local/UnrealEngine/Common/DerivedDataCache/1/6/3/TEXTURE_814DCC3DC72143F49509781513CB9855_G8_48B49A6C44E12F837F4BBD83365C4A57_0__CD699A2D4992EDB9A3902DDC9CD8B5ADC0F70261.udd" 721
"C:/Users/Rowdy/AppData/Local/UnrealEngine/Common/DerivedDataCache/2/7/2/TEXTURE_814DCC3DC72143F49509781513CB9855_G8_48B49A6C44E12F837F4BBD83365C4A57_0__04043FCA639775162DC7CB4C991333E8A6C4B02E.udd" 722
"C:/Users/Rowdy/AppData/Local/UnrealEngine/Common/DerivedDataCache/2/2/9/TEXTURE_814DCC3DC72143F49509781513CB9855_G8_CFF08E64429B2BD10EB14088FCCF3EDE_0__8C26896F7CCECCDF3812EDEECD0046CEDC906F06.udd" 723
"C:/Users/Rowdy/AppData/Local/UnrealEngine/Common/DerivedDataCache/8/8/6/TEXTURE_814DCC3DC72143F49509781513CB9855_G8_CFF08E64429B2BD10EB14088FCCF3EDE_0__2D3EE6D0926FD7BF815FBB59C488CAE749ADB283.udd" 724
"C:/Users/Rowdy/AppData/Local/UnrealEngine/Common/DerivedDataCache/5/1/0/TEXTURE_814DCC3DC72143F49509781513CB9855_G8_CFF08E64429B2BD10EB14088FCCF3EDE_0__239BB35B18C78E30776F4790529612AE8442E7F9.udd" 725
"C:/Users/Rowdy/AppData/Local/UnrealEngine/Common/DerivedDataCache/2/7/9/TEXTURE_814DCC3DC72143F49509781513CB9855_G8_9665B85F4C64B544C37812BFF3D5AEB5_0__5C524C08FFF500258477391CBF86D4DB015BCD7D.udd" 726
"C:/Users/Rowdy/AppData/Local/UnrealEngine/Common/DerivedDataCache/0/4/3/TEXTURE_814DCC3DC72143F49509781513CB9855_G8_9665B85F4C64B544C37812BFF3D5AEB5_0__0EC7F8C644DC0A113C0DB074D55951467F18F0FC.udd" 727
"C:/Users/Rowdy/AppData/Local/UnrealEngine/Common/DerivedDataCache/5/3/0/TEXTURE_814DCC3DC72143F49509781513CB9855_G8_9665B85F4C64B544C37812BFF3D5AEB5_0__47A517DEA28A45FA01193BFFA6D156867CD73463.udd" 728
"C:/Users/Rowdy/AppData/Local/UnrealEngine/Common/DerivedDataCache/6/3/6/TEXTURE_814DCC3DC72143F49509781513CB9855_G8_0C9D7D7B42F4EAE6E97EFC85792F9D41_0__48DE9F24D6C6B774A0AE6869313ED42DA88D0590.udd" 729
"C:/Users/Rowdy/AppData/Local/UnrealEngine/Common/DerivedDataCache/7/8/0/TEXTURE_814DCC3DC72143F49509781513CB9855_AUTODXT_35D0B8E6467B520B1305B69EE1151__1814B508E829141D4BDA89C2C56C843BCD5E6390.udd" 730
"C:/Users/Rowdy/AppData/Local/UnrealEngine/Common/DerivedDataCache/3/6/1/TEXTURE_814DCC3DC72143F49509781513CB9855_AUTODXT_1E822D2F47DEC3C3282382950CA3F__9CEB3BF1BBC010572891E79D486587F77C9E59D5.udd" 731
"C:/Users/Rowdy/AppData/Local/UnrealEngine/Common/DerivedDataCache/4/9/4/TEXTURE_814DCC3DC72143F49509781513CB9855_AUTODXT_1E822D2F47DEC3C3282382950CA3F__05DC5D653AACAEF9DA5AB76470DD7E4F6EC72834.udd" 732
"C:/Users/Rowdy/AppData/Local/UnrealEngine/Common/DerivedDataCache/5/9/2/TEXTURE_814DCC3DC72143F49509781513CB9855_AUTODXT_1E822D2F47DEC3C3282382950CA3F__E312A7AE72ECDA55FE1193F7457C7611FB03D727.udd" 733
"C:/Users/Rowdy/AppData/Local/UnrealEngine/Common/DerivedDataCache/8/1/8/TEXTURE_814DCC3DC72143F49509781513CB9855_DXT1_EFC3D03E4427D2586EFACD80A1BA6818__34D7E430EC07767099747750290D6FEADC9D846E.udd" 734
"C:/Users/Rowdy/AppData/Local/UnrealEngine/Common/DerivedDataCache/7/0/2/TEXTURE_814DCC3DC72143F49509781513CB9855_AUTODXT_9710C4394009E8A5096615980C1BC__98A8C717BE1C49587E86947EF77B095BE15DC7E1.udd" 735
"C:/Users/Rowdy/AppData/Local/UnrealEngine/Common/DerivedDataCache/4/8/0/TEXTURE_814DCC3DC72143F49509781513CB9855_AUTODXT_9710C4394009E8A5096615980C1BC__982B3C64368C0768DDFC7A8A57A1D34E2CC85BF7.udd" 736
"C:/Users/Rowdy/AppData/Local/UnrealEngine/Common/DerivedDataCache/3/0/5/TEXTURE_814DCC3DC72143F49509781513CB9855_AUTODXT_9710C4394009E8A5096615980C1BC__2AC5FDE012B6DC89ED4C55DF3B0FD60A40105C54.udd" 737
"C:/Users/Rowdy/AppData/Local/UnrealEngine/Common/DerivedDataCache/7/9/4/TEXTURE_814DCC3DC72143F49509781513CB9855_AUTODXT_0AED3B8B4DBEB1F2F48A46BBA02D2__49D38977CC57A78923AB8D7B6A034FDCA664FD82.udd" 738
"C:/Users/Rowdy/AppData/Local/UnrealEngine/Common/DerivedDataCache/3/6/6/TEXTURE_814DCC3DC72143F49509781513CB9855_AUTODXT_0AED3B8B4DBEB1F2F48A46BBA02D2__2B330052BEF7062D3F631FFE8149EA1FDB3E2830.udd" 739
"C:/Users/Rowdy/AppData/Local/UnrealEngine/Common/DerivedDataCache/8/7/6/TEXTURE_814DCC3DC72143F49509781513CB9855_AUTODXT_0AED3B8B4DBEB1F2F48A46BBA02D2__D20330BE80DDFA648481EFA671D7B6B1E772D285.udd" 740
"C:/Users/Rowdy/AppData/Local/UnrealEngine/Common/DerivedDataCache/7/9/7/TEXTURE_814DCC3DC72143F49509781513CB9855_DXT1_BBD4C0DD443841C822947CA2E0160F90__5656D8E1935DCC57854ECE0E7ED2363EE4F35724.udd" 741
"C:/Users/Rowdy/AppData/Local/UnrealEngine/Common/DerivedDataCache/4/8/7/TEXTURE_814DCC3DC72143F49509781513CB9855_DXT1_EFC3D03E4427D2586EFACD80A1BA6818__C1C5B6F5791E8F6576ABDF74CB43DBF931B8C68B.udd" 742
"C:/Users/Rowdy/AppData/Local/UnrealEngine/Common/DerivedDataCache/7/1/4/TEXTURE_814DCC3DC72143F49509781513CB9855_DXT1_BBD4C0DD443841C822947CA2E0160F90__1F80FF235EEFBD2DAF6919496B3828542D2D191D.udd" 743
"../../../Engine/Content/EditorResources/EmptyActor.uasset" 744
"../../../../../../Users/Rowdy/Documents/Unreal Projects/Board_The_Platforms/Content/SideScrollerBP/Character/SideScrollerSkeletalMesh.uasset" 745
"../../../../../../Users/Rowdy/Documents/Unreal Projects/Board_The_Platforms/Content/SideScrollerBP/Meshes/CubeMaterial.uasset" 746
"C:/Users/Rowdy/AppData/Local/UnrealEngine/Common/DerivedDataCache/9/5/5/TEXTURE_814DCC3DC72143F49509781513CB9855_AUTODXT_CB18D98742C79B102AFB3DA09B2B5__7AAD56EFA9688BEF189E830FAFC27B819D0F4323.udd" 747
"C:/Users/Rowdy/AppData/Local/UnrealEngine/Common/DerivedDataCache/7/0/8/TEXTURE_814DCC3DC72143F49509781513CB9855_AUTODXT_CB18D98742C79B102AFB3DA09B2B5__852306EE7DFDD1DF5617B958D334D52D1EF1FB11.udd" 748
"C:/Users/Rowdy/AppData/Local/UnrealEngine/Common/DerivedDataCache/7/6/2/TEXTURE_814DCC3DC72143F49509781513CB9855_AUTODXT_CB18D98742C79B102AFB3DA09B2B5__E2EAEC7CF88315979F4EEBFF0E75A0DA36F1A694.udd" 749
"C:/Users/Rowdy/AppData/Local/UnrealEngine/Common/DerivedDataCache/3/2/1/TEXTURE_814DCC3DC72143F49509781513CB9855_AUTODXT_CB18D98742C79B102AFB3DA09B2B5__0916466EA5FDD0927B06209A1340B992085711F8.udd" 750
"C:/Users/Rowdy/AppData/Local/UnrealEngine/Common/DerivedDataCache/3/5/8/TEXTURE_814DCC3DC72143F49509781513CB9855_AUTODXT_CB18D98742C79B102AFB3DA09B2B5__B4FD0DF556AF54F802C6F9BF0B4EA421C4A598A8.udd" 751
"C:/Users/Rowdy/AppData/Local/UnrealEngine/Common/DerivedDataCache/5/7/0/TEXTURE_814DCC3DC72143F49509781513CB9855_AUTODXT_401B75F94D8799B9D699448472C6D__4994B4C9A9411409EDA55C6495F650D85AB0F056.udd" 752
"C:/Users/Rowdy/AppData/Local/UnrealEngine/Common/DerivedDataCache/1/7/5/TEXTURE_814DCC3DC72143F49509781513CB9855_AUTODXT_401B75F94D8799B9D699448472C6D__E0FF7796E90EE13BC8F6AAEFEBE32739F29DBF8D.udd" 753
"C:/Users/Rowdy/AppData/Local/UnrealEngine/Common/DerivedDataCache/8/4/6/TEXTURE_814DCC3DC72143F49509781513CB9855_AUTODXT_401B75F94D8799B9D699448472C6D__250CA78B1D665CC19079A9C81EAEC7F6676B6BDB.udd" 754
"C:/Users/Rowdy/AppData/Local/UnrealEngine/Common/DerivedDataCache/8/8/5/TEXTURE_814DCC3DC72143F49509781513CB9855_AUTODXT_401B75F94D8799B9D699448472C6D__EB7B5F7C06465EC0062E8F1BD46427ACB1C9947D.udd" 755
"C:/Users/Rowdy/AppData/Local/UnrealEngine/Common/DerivedDataCache/6/8/7/TEXTURE_814DCC3DC72143F49509781513CB9855_AUTODXT_401B75F94D8799B9D699448472C6D__1A1B0A1C6667FAE6AF058BA7835C8216B8D031E1.udd" 756
"../../../../../../Users/Rowdy/Documents/Unreal Projects/Board_The_Platforms/Content/Custom_Content/Mesh/Wood_Wall.uasset" 757
"../../../Engine/Content/MobileResources/HUD/MobileHUDButton1_on.uasset" 758
"../../../../../../Users/Rowdy/Documents/Unreal Projects/Board_The_Platforms/Content/SideScrollerBP/Meshes/Ramp_Mesh.uasset" 759
"..\..\..\Engine\Content\Internationalization\icudt53l\windowsZones.res" 760
"..\..\..\Engine\Content\Internationalization\icudt53l\zoneinfo64.res" 761
"..\..\..\Engine\Content\Internationalization\icudt53l\keyTypeData.res" 762
"..\..\..\Engine\Content\Internationalization\icudt53l\timezoneTypes.res" 763
"..\..\..\Engine\Content\Internationalization\icudt53l\supplementalData.res" 764
"..\..\..\Engine\Content\Internationalization\icudt53l\likelySubtags.res" 765
