[2015.12.19-06.37.24:381][  0]Log file open, 12/19/15 01:37:24
[2015.12.19-06.37.24:381][  0]LogInit:Display: Running engine for game: Board_The_Platforms
[2015.12.19-06.37.24:381][  0]LogPlatformFile: Not using cached read wrapper
[2015.12.19-06.37.24:381][  0]LogInit:Display: RandInit(-807762700) SRandInit(-807762699).
[2015.12.19-06.37.24:381][  0]LogTaskGraph: Started task graph with 4 named threads and 7 total threads.
[2015.12.19-06.37.24:381][  0]LogStats: Stats thread started at 0.071035
[2015.12.19-06.37.24:381][  0]LogInit: Version: 4.10.1-2791327+++depot+UE4-Releases+4.10
[2015.12.19-06.37.24:381][  0]LogInit: API Version: 2758231
[2015.12.19-06.37.24:381][  0]LogInit: Compiled (64-bit): Dec  4 2015 19:44:40
[2015.12.19-06.37.24:381][  0]LogInit: Compiled with Visual C++: 19.00.23026.00
[2015.12.19-06.37.24:381][  0]LogInit: Build Configuration: Development
[2015.12.19-06.37.24:381][  0]LogInit: Branch Name: ++depot+UE4-Releases+4.10
[2015.12.19-06.37.24:381][  0]LogInit: Command line: 
[2015.12.19-06.37.24:381][  0]LogInit: Base directory: F:/Program Files (x86)/Epic Games/4.10/Engine/Binaries/Win64/
[2015.12.19-06.37.24:381][  0]LogInit: Rocket: 1
[2015.12.19-06.37.24:386][  0]LogInit: Using libcurl 7.41.0
[2015.12.19-06.37.24:386][  0]LogInit:  - built for x86_64-pc-win32
[2015.12.19-06.37.24:386][  0]LogInit:  - supports SSL with WinSSL
[2015.12.19-06.37.24:386][  0]LogInit:  - other features:
[2015.12.19-06.37.24:386][  0]LogInit:      CURL_VERSION_SSL
[2015.12.19-06.37.24:386][  0]LogInit:      CURL_VERSION_IPV6
[2015.12.19-06.37.24:386][  0]LogInit:      CURL_VERSION_ASYNCHDNS
[2015.12.19-06.37.24:386][  0]LogInit:      CURL_VERSION_LARGEFILE
[2015.12.19-06.37.24:386][  0]LogInit:      CURL_VERSION_IDN
[2015.12.19-06.37.24:386][  0]LogInit:  CurlRequestOptions (configurable via config and command line):
[2015.12.19-06.37.24:386][  0]LogInit:  - bVerifyPeer = true  - Libcurl will verify peer certificate
[2015.12.19-06.37.24:386][  0]LogInit:  - bUseHttpProxy = false  - Libcurl will NOT use HTTP proxy
[2015.12.19-06.37.24:386][  0]LogInit:  - bDontReuseConnections = false  - Libcurl will reuse connections
[2015.12.19-06.37.24:386][  0]LogInit:  - CertBundlePath = nullptr  - Libcurl will use whatever was configured at build time.
[2015.12.19-06.37.24:393][  0]LogInit: Presizing for 0 objects not considered by GC, pre-allocating 0 bytes.
[2015.12.19-06.37.24:397][  0]LogInit: Object subsystem initialized
[2015.12.19-06.37.24:398][  0]LogInit: Selected Device Profile: [Windows]
[2015.12.19-06.37.24:398][  0]LogInit: Applying CVar settings loaded from the selected device profile: [Windows]
[2015.12.19-06.37.24:406][  0]LogInit: Computer: KAZTALEK
[2015.12.19-06.37.24:406][  0]LogInit: User: Keeta
[2015.12.19-06.37.24:406][  0]LogInit: CPU Page size=4096, Cores=4
[2015.12.19-06.37.24:406][  0]LogInit: High frequency timer resolution =3.320313 MHz
[2015.12.19-06.37.24:406][  0]LogMemory: Memory total: Physical=7.8GB (8GB approx)
[2015.12.19-06.37.24:406][  0]LogMemory: Platform Memory Stats for Windows
[2015.12.19-06.37.24:406][  0]LogMemory: Process Physical Memory: 55.99 MB used, 55.99 MB peak
[2015.12.19-06.37.24:406][  0]LogMemory: Process Virtual Memory: 58.89 MB used, 58.89 MB peak
[2015.12.19-06.37.24:406][  0]LogMemory: Physical Memory: 4302.73 MB used, 8011.18 MB total
[2015.12.19-06.37.24:406][  0]LogMemory: Virtual Memory: 385.30 MB used, 134217728.00 MB total
[2015.12.19-06.37.24:432][  0]LogTextLocalizationManager: No specific translations for ('en-US') exist, so ('en') translations will be used.
[2015.12.19-06.37.24:731][  0]LogD3D11RHI: Found D3D11 adapter 0: AMD Radeon R7 200 Series (Feature Level 11_0)
[2015.12.19-06.37.24:731][  0]LogD3D11RHI: Adapter has 1002MB of dedicated video memory, 0MB of dedicated system memory, and 4005MB of shared system memory, 1 output[s]
[2015.12.19-06.37.24:736][  0]LogD3D11RHI: Found D3D11 adapter 1: Intel(R) HD Graphics 4600 (Feature Level 11_0)
[2015.12.19-06.37.24:736][  0]LogD3D11RHI: Adapter has 112MB of dedicated video memory, 0MB of dedicated system memory, and 4005MB of shared system memory, 1 output[s]
[2015.12.19-06.37.24:737][  0]LogD3D11RHI: Found D3D11 adapter 2: Microsoft Basic Render Driver (Feature Level 11_0)
[2015.12.19-06.37.24:737][  0]LogD3D11RHI: Adapter has 0MB of dedicated video memory, 0MB of dedicated system memory, and 4005MB of shared system memory, 0 output[s]
[2015.12.19-06.37.24:737][  0]LogD3D11RHI: Chosen D3D11 Adapter Id = 0
[2015.12.19-06.37.24:740][  0]LogD3D11RHI: !Direct3DDevice
[2015.12.19-06.37.24:740][  0]LogRHI: Texture pool is 701 MB (70% of 1002 MB)
[2015.12.19-06.37.24:745][  0]LogD3D11RHI: Async texture creation disabled: no driver support
[2015.12.19-06.37.24:755][  0]LogShaderCompilers: Guid format shader working directory is -21 characters bigger than the processId version (../../../../../../Keeta/Documents/Unreal Projects/BoardThePlatforms/Intermediate/Shaders/WorkingDirectory/7036/).
[2015.12.19-06.37.24:755][  0]LogShaderCompilers: Cleaned the shader compiler working directory 'C:/Users/Keeta/AppData/Local/Temp/UnrealShaderWorkingDir/13193C8742FF6E613DDAD899B9D20913/'.
[2015.12.19-06.37.24:755][  0]LogShaderCompilers:Display: Using Local Shader Compiler.
[2015.12.19-06.37.25:337][  0]LogTemp:Display: Loaded TP AllDesktopTargetPlatform
[2015.12.19-06.37.25:341][  0]LogTemp:Display: Loaded TP WindowsClientTargetPlatform
[2015.12.19-06.37.25:344][  0]LogTemp:Display: Loaded TP WindowsNoEditorTargetPlatform
[2015.12.19-06.37.25:348][  0]LogTemp:Display: Loaded TP WindowsServerTargetPlatform
[2015.12.19-06.37.25:352][  0]LogTemp:Display: Loaded TP WindowsTargetPlatform
[2015.12.19-06.37.25:354][  0]LogTemp:Display: Loaded TP AndroidTargetPlatform
[2015.12.19-06.37.25:357][  0]LogTemp:Display: Loaded TP Android_ASTCTargetPlatform
[2015.12.19-06.37.25:359][  0]LogTemp:Display: Loaded TP Android_ATCTargetPlatform
[2015.12.19-06.37.25:361][  0]LogTemp:Display: Loaded TP Android_DXTTargetPlatform
[2015.12.19-06.37.25:364][  0]LogTemp:Display: Loaded TP Android_ETC1TargetPlatform
[2015.12.19-06.37.25:366][  0]LogTemp:Display: Loaded TP Android_ETC2TargetPlatform
[2015.12.19-06.37.25:372][  0]LogTemp:Display: Loaded TP Android_MultiTargetPlatform
[2015.12.19-06.37.25:372][  0]LogTemp:Display: Loaded TP Android_PVRTCTargetPlatform
[2015.12.19-06.37.25:372][  0]LogTemp:Display: Loaded TP HTML5TargetPlatform
[2015.12.19-06.37.25:388][  0]LogTemp:Display: Loaded TP IOSTargetPlatform
[2015.12.19-06.37.25:390][  0]LogTemp:Display: Loaded TP LinuxNoEditorTargetPlatform
[2015.12.19-06.37.25:393][  0]LogTemp:Display: Loaded TP LinuxServerTargetPlatform
[2015.12.19-06.37.25:395][  0]LogTemp:Display: Loaded TP LinuxTargetPlatform
[2015.12.19-06.37.25:395][  0]LogTargetPlatformManager:Display: Building Assets For Windows
[2015.12.19-06.37.25:469][  0]LogDerivedDataCache:Display: Max Cache Size: 512 MB
[2015.12.19-06.37.25:505][  0]LogDerivedDataCache: Loaded boot cache 0.04s 41MB C:/Users/Keeta/AppData/Local/UnrealEngine/4.10/DerivedDataCache/Boot.ddc.
[2015.12.19-06.37.25:505][  0]LogDerivedDataCache:Display: Loaded Boot cache: C:/Users/Keeta/AppData/Local/UnrealEngine/4.10/DerivedDataCache/Boot.ddc
[2015.12.19-06.37.25:505][  0]LogDerivedDataCache: FDerivedDataBackendGraph:  Pak pak cache file ../../../../../../Keeta/Documents/Unreal Projects/BoardThePlatforms/DerivedDataCache/DDC.ddp not found, will not use a pak cache.
[2015.12.19-06.37.25:505][  0]LogDerivedDataCache: Unable to find inner node Pak for hierarchical cache Hierarchy.
[2015.12.19-06.37.25:505][  0]LogDerivedDataCache: FDerivedDataBackendGraph:  CompressedPak pak cache file ../../../../../../Keeta/Documents/Unreal Projects/BoardThePlatforms/DerivedDataCache/Compressed.ddp not found, will not use a pak cache.
[2015.12.19-06.37.25:505][  0]LogDerivedDataCache: Unable to find inner node CompressedPak for hierarchical cache Hierarchy.
[2015.12.19-06.37.25:552][  0]LogDerivedDataCache:Display: Pak cache opened for reading ../../../Engine/DerivedDataCache/Compressed.ddp.
[2015.12.19-06.37.25:563][  0]LogDerivedDataCache: Using Local data cache path C:/Users/Keeta/AppData/Local/UnrealEngine/Common/DerivedDataCache: Writable
[2015.12.19-06.37.25:707][  0]LogInit: Selected Device Profile: [Windows]
[2015.12.19-06.37.25:709][  0]LogContentStreaming: Texture pool size is 0.000000MB
[2015.12.19-06.37.25:802][  0]LogMeshUtilities: No automatic mesh reduction module available
[2015.12.19-06.37.25:802][  0]LogMeshUtilities: No automatic mesh merging module available
[2015.12.19-06.37.25:987][  0]LogInit: WinSock: version 1.1 (2.2), MaxSocks=32767, MaxUdp=65467
[2015.12.19-06.37.26:648][  0]UdpMessaging: Initializing bridge on interface 0.0.0.0:0 to multicast group 230.0.0.1:6666.
[2015.12.19-06.37.26:740][  0]LogAssetRegistry: FAssetRegistry took 0.0105 seconds to start up
[2015.12.19-06.37.26:880][  0]SourceControl: Info Source control is disabled
[2015.12.19-06.37.26:885][  0]SourceControl: Info Source control is disabled
[2015.12.19-06.37.26:897][  0]SourceControl: Info Source control is disabled
[2015.12.19-06.37.26:909][  0]SourceControl: Info Source control is disabled
[2015.12.19-06.37.27:152][  0]LogObj: 28633 objects as part of root set at end of initial load.
[2015.12.19-06.37.27:152][  0]LogUObjectAllocator: 6099752 out of 0 bytes used by permanent object pool.
[2015.12.19-06.37.27:198][  0]LogEngine: Initializing Engine...
[2015.12.19-06.37.27:199][  0]LogHMD: Can't find Oculus library dev build: is proper Runtime installed? Version: 0.8.0.0
[2015.12.19-06.37.27:200][  0]LogHMD: SteamVR failed to initialize.  Err: 110
[2015.12.19-06.37.27:293][  0]LogAIModule: Creating AISystem for world NewWorld
[2015.12.19-06.37.27:298][  0]LogInit: XAudio2 using 'Speakers (Siberia V2 Illuminated)' : 2 channels at 44.1 kHz using 16 bits per sample (channel mask 0x3)
[2015.12.19-06.37.27:305][  0]LogInit: FAudioDevice initialized.
[2015.12.19-06.37.27:323][  0]LogDerivedDataCache: Saved boot cache 0.02s 41MB C:/Users/Keeta/AppData/Local/UnrealEngine/4.10/DerivedDataCache/Boot.ddc.
[2015.12.19-06.37.27:327][  0]LogInit: Texture streaming: Enabled
[2015.12.19-06.37.27:332][  0]LogAnalytics: Creating configured Analytics provider AnalyticsET
[2015.12.19-06.37.27:332][  0]LogAnalytics: [UEEditor.Rocket.Release] APIServer = http://et2.epicgames.com/ET2/. AppVersion = 4.10.1-2791327+++depot+UE4-Releases+4.10
[2015.12.19-06.37.27:332][  0]LogAnalytics: [UEEditor.Rocket.Release] SetUserId e1feced44e5fda1943a21484aada0dd6|5d86d4b372a54d4a9b66f840dd1a65f1|2f5ab5c1-6eb5-48f0-b3a0-d2dc22ed149c
[2015.12.19-06.37.27:332][  0]LogAnalytics: [UEEditor.Rocket.Release] AnalyticsET::StartSession
[2015.12.19-06.37.27:359][  0]LogInit: Transaction tracking system initialized
[2015.12.19-06.37.27:381][  0]BlueprintLog: New page: Editor Load
[2015.12.19-06.37.27:544][  0]LocalizationService: Info Localization service is disabled
[2015.12.19-06.37.27:598][  0]LogLinker:Warning: Can't find file '/Game/2DSideScrollerBP/2DSideScrollerOverview'
[2015.12.19-06.37.27:598][  0]LogLinker:Warning: Can't find file '/Game/2DSideScrollerBP/2DSideScrollerOverview'
[2015.12.19-06.37.27:598][  0]LogUObjectGlobals:Warning: Failed to find object 'Class /Game/2DSideScrollerBP/2DSideScrollerOverview.2DSideScrollerOverview_C'
[2015.12.19-06.37.27:612][  0]LogConsoleResponse:Display: 
[2015.12.19-06.37.27:715][  0]LogCook:Display: Done creating registry. It took  0.00s.
[2015.12.19-06.37.27:769][  0]LogFileCache: Scanning file cache for directory 'F:/Keeta/Documents/Unreal Projects/BoardThePlatforms/Content/' took 0.01s
[2015.12.19-06.37.27:769][  0]SourceControl: Info Source control is disabled
[2015.12.19-06.37.27:769][  0]Cmd: MAP LOAD FILE="../../../../../../Keeta/Documents/Unreal Projects/BoardThePlatforms/Content/SideScrollerBP/Maps/SideScrollerExampleMap.umap" TEMPLATE=0 SHOWPROGRESS=1 FEATURELEVEL=3
[2015.12.19-06.37.27:769][  0]LightingResults: New page: Lighting Build
[2015.12.19-06.37.27:772][  0]MapCheck: New page: Map Check
[2015.12.19-06.37.27:772][  0]LightingResults: New page: Lighting Build
[2015.12.19-06.37.27:781][  0]LogParticles: Destroying 0 GPU particle simulations for FXSystem 0x0000019D3EFB7B00
[2015.12.19-06.37.28:073][  0]LogAIModule: Creating AISystem for world SideScrollerExampleMap
[2015.12.19-06.37.28:079][  0]LogEditorServer: Finished looking for orphan Actors (0.000 secs)
[2015.12.19-06.37.28:080][  0]Cmd: MAP CHECKDEP NOCLEARLOG
[2015.12.19-06.37.28:150][  0]MapCheck: Info Map check complete: 0 Error(s), 0 Warning(s), took 70.089ms to complete.
[2015.12.19-06.37.28:150][  0]LogFileHelpers: Loading map 'SideScrollerExampleMap' took 0.382
[2015.12.19-06.37.28:239][  0]LogCollectionManager: Loaded 0 collections in 0.001836 seconds
[2015.12.19-06.37.28:281][  0]LogFileCache: Scanning file cache for directory 'F:/Keeta/Documents/Unreal Projects/BoardThePlatforms/Saved/Collections/' took 0.01s
[2015.12.19-06.37.28:281][  0]LogFileCache: Scanning file cache for directory 'F:/Keeta/Documents/Unreal Projects/BoardThePlatforms/Content/Developers/Keeta/Collections/' took 0.01s
[2015.12.19-06.37.28:281][  0]LogFileCache: Scanning file cache for directory 'F:/Keeta/Documents/Unreal Projects/BoardThePlatforms/Content/Collections/' took 0.01s
[2015.12.19-06.37.28:281][  0]LogCollectionManager: Rebuilt the GUID cache for 0 collections in 0.000002 seconds
[2015.12.19-06.37.28:287][  0]LogContentBrowser: Native class hierarchy populated in 0.0057 seconds. Added 1893 classes and 338 folders.
[2015.12.19-06.37.28:292][  0]LogContentBrowser: Native class hierarchy updated for 'WidgetCarousel' in 0.0004 seconds. Added 0 classes and 0 folders.
[2015.12.19-06.37.28:341][  0]LogContentBrowser: Native class hierarchy updated for 'AddContentDialog' in 0.0004 seconds. Added 0 classes and 0 folders.
[2015.12.19-06.37.28:344][  0]LogContentBrowser: Native class hierarchy updated for 'SceneOutliner' in 0.0004 seconds. Added 1 classes and 2 folders.
[2015.12.19-06.37.28:360][  0]LogCrashTracker: Crashtracker disabled due to settings.
[2015.12.19-06.37.28:363][  0]LogUObjectGlobals:Warning: Failed to find object 'Class None.'
[2015.12.19-06.37.28:385][  0]LogLoad: Full Startup: 4.34 seconds (BP compile: 0.07 seconds)
[2015.12.19-06.37.28:396][  0]LogOcInput: Can't find Oculus library dev build: is proper Runtime installed? Version: 0.8.0.0
[2015.12.19-06.37.28:435][  0]LogContentStreaming: Texture pool size now 1000 MB
[2015.12.19-06.37.28:548][  0]LogRenderer: Reallocating scene render targets to support 1208x572 (Frame:2).
[2015.12.19-06.37.28:788][  3]LogAssetRegistry: Asset discovery search completed in 2.0586 seconds
[2015.12.19-06.37.28:788][  3]LogCollectionManager: Rebuilt the object cache for 0 collections in 0.000001 seconds (found 0 objects)
[2015.12.19-06.37.28:788][  3]LogCollectionManager: Fixed up redirectors for 0 collections in 0.000017 seconds (updated 0 objects)
[2015.12.19-06.37.34:978][613]LogActorFactory: Actor Factory created Cube
[2015.12.19-06.37.44:387][549]LogActorFactory: Actor Factory created Cube
[2015.12.19-06.38.07:201][826]MapCheck: New page: Map Check
[2015.12.19-06.38.07:225][826]Cmd: MAP REBUILD ALLVISIBLE
[2015.12.19-06.38.07:225][826]LogEditorServer: Rebuildmap Clear paths rebuilt
[2015.12.19-06.38.07:237][826]LightingResults: New page: Lighting Build - Dec 18, 2015, 8:38:07 PM
[2015.12.19-06.38.10:304][826]LogStaticLightingSystem: Running Lightmass w/ ImmediateImport mode ENABLED
[2015.12.19-06.38.10:304][826]LogStaticLightingSystem: Running Lightmass w/ ImmediateProcess mode ENABLED
[2015.12.19-06.38.10:304][826]LogStaticLightingSystem: Running Lightmass w/ Sorting mode ENABLED
[2015.12.19-06.38.10:304][826]LogStaticLightingSystem: Running Lightmass w/ Mapping paddings ENABLED
[2015.12.19-06.38.10:304][826]LogStaticLightingSystem: Running Lightmass w/ Mapping debug paddings DISABLED
[2015.12.19-06.38.10:418][826]LogEditorBuildUtils: Build time 0:00:03
[2015.12.19-06.38.17:303][464]Job is a success!
[2015.12.19-06.38.17:770][465]LogTexture:Display: Building textures: SkyOcclusion1_1 (AutoDXT)
[2015.12.19-06.38.18:018][465]LogTexture:Display: Building textures: LQ_Lightmap_1_6 (DXT1)
[2015.12.19-06.38.18:021][465]LogTexture:Display: Building textures: HQ_Lightmap1_6 (AutoDXT)
[2015.12.19-06.38.18:022][465]LogTexture:Display: Building textures: SkyOcclusion1_6 (AutoDXT)
[2015.12.19-06.38.18:024][465]LogTexture:Display: Building textures: LQ_Lightmap_0_5 (DXT1)
[2015.12.19-06.38.18:029][465]LogTexture:Display: Building textures: HQ_Lightmap0_5 (AutoDXT)
[2015.12.19-06.38.18:041][465]LogTexture:Display: Building textures: SkyOcclusion0_5 (AutoDXT)
[2015.12.19-06.38.18:052][465]LogTexture:Display: Building textures: LQ_Lightmap_0_4 (DXT1)
[2015.12.19-06.38.18:057][465]LogTexture:Display: Building textures: HQ_Lightmap0_4 (AutoDXT)
[2015.12.19-06.38.18:067][465]LogTexture:Display: Building textures: SkyOcclusion0_4 (AutoDXT)
[2015.12.19-06.38.18:078][465]LogTexture:Display: Building textures: LQ_Lightmap_0_3 (DXT1)
[2015.12.19-06.38.18:083][465]LogTexture:Display: Building textures: HQ_Lightmap0_3 (AutoDXT)
[2015.12.19-06.38.18:099][465]LogTexture:Display: Building textures: SkyOcclusion0_3 (AutoDXT)
[2015.12.19-06.38.18:114][465]LogTexture:Display: Building textures: LQ_Lightmap_0_2 (DXT1)
[2015.12.19-06.38.18:163][465]LogTexture:Display: Building textures: HQ_Lightmap0_2 (AutoDXT)
[2015.12.19-06.38.18:284][465]LogTexture:Display: Building textures: SkyOcclusion0_2 (AutoDXT)
[2015.12.19-06.38.18:349][465]LogTexture:Display: Building textures: LQ_Lightmap_1_1 (DXT1)
[2015.12.19-06.38.18:540][465]LogTexture:Display: Building textures: HQ_Lightmap1_1 (AutoDXT)
[2015.12.19-06.38.19:422][465]LogTexture:Display: Building textures: ShadowMapTexture2D_1 (G8)
[2015.12.19-06.38.19:578][465]LogTexture:Display: Building textures: ShadowMapTexture2D_2 (G8)
[2015.12.19-06.38.19:598][465]LogTexture:Display: Building textures: ShadowMapTexture2D_3 (G8)
[2015.12.19-06.38.19:605][465]LogTexture:Display: Building textures: ShadowMapTexture2D_4 (G8)
[2015.12.19-06.38.19:612][465]LogTexture:Display: Building textures: ShadowMapTexture2D_6 (G8)
[2015.12.19-06.38.19:613][465]LogTexture:Display: Building textures: ShadowMapTexture2D_11 (G8)
[2015.12.19-06.38.19:643][465]Lightmass on KAZTALEK: 8.86 sec total, 84 ms importing, 0 ms setup, 772 ms photons, 7.98 sec processing, 0 ms extra exporting [17/17 mappings]. Threads: 31.9 sec total, 8.07 sec processing.
[2015.12.19-06.38.19:650][465]LogStaticLightingSystem: Illumination: 12.3 sec (2.18 sec encoding lightmaps)
[2015.12.19-06.38.19:650][465]LogStaticLightingSystem: Lightmap texture memory:  6.9 MB (6.9 MB streaming, 0.0 MB non-streaming), 12 textures
[2015.12.19-06.38.19:650][465]LogStaticLightingSystem: Shadowmap texture memory: 3.5 MB (3.5 MB streaming, 0.0 MB non-streaming), 6 textures
[2015.12.19-06.38.20:313][466]Cmd: MAP CHECK NOTIFYRESULTS
[2015.12.19-06.38.20:313][466]MapCheck: New page: SideScrollerExampleMap - Dec 18, 2015, 8:38:20 PM
[2015.12.19-06.38.20:382][466]MapCheck: Info Map check complete: 0 Error(s), 0 Warning(s), took 69.335ms to complete.
[2015.12.19-06.38.24:883][909]LogBlueprintUserMessages: Early PlayInEditor Detection: Level '/Game/SideScrollerBP/Maps/SideScrollerExampleMap.SideScrollerExampleMap:PersistentLevel' has LevelScriptBlueprint '/Game/SideScrollerBP/Maps/SideScrollerExampleMap.SideScrollerExampleMap:PersistentLevel.SideScrollerExampleMap' with GeneratedClass '/Game/SideScrollerBP/Maps/SideScrollerExampleMap.SideScrollerExampleMap_C' with ClassGeneratedBy '/Game/SideScrollerBP/Maps/SideScrollerExampleMap.SideScrollerExampleMap:PersistentLevel.SideScrollerExampleMap'
[2015.12.19-06.38.24:884][909]LogPlayLevel: PlayLevel: No blueprints needed recompiling
[2015.12.19-06.38.24:884][909]PIE: New page: PIE session: SideScrollerExampleMap (Dec 18, 2015, 8:38:24 PM)
[2015.12.19-06.38.24:884][909]LogPlayLevel: Creating play world package: /Game/SideScrollerBP/Maps/UEDPIE_0_SideScrollerExampleMap
[2015.12.19-06.38.24:895][909]LogPlayLevel: PIE: StaticDuplicateObject took: (0.011507s)
[2015.12.19-06.38.24:896][909]LogAIModule: Creating AISystem for world SideScrollerExampleMap
[2015.12.19-06.38.24:896][909]LogPlayLevel: PIE: World Init took: (0.000821s)
[2015.12.19-06.38.24:896][909]LogPlayLevel: PIE: Created PIE world by copying editor world from /Game/SideScrollerBP/Maps/SideScrollerExampleMap.SideScrollerExampleMap to /Game/SideScrollerBP/Maps/UEDPIE_0_SideScrollerExampleMap.SideScrollerExampleMap (0.012544s)
[2015.12.19-06.38.24:912][909]LogInit: XAudio2 using 'Speakers (Siberia V2 Illuminated)' : 2 channels at 44.1 kHz using 16 bits per sample (channel mask 0x3)
[2015.12.19-06.38.24:919][909]LogInit: FAudioDevice initialized.
[2015.12.19-06.38.24:965][909]LogWorld: Game class is 'SideScrollerGameMode_C'
[2015.12.19-06.38.24:971][909]LogWorld: Bringing World /Game/SideScrollerBP/Maps/UEDPIE_0_SideScrollerExampleMap.SideScrollerExampleMap up for play (max tick rate 0) at 2015.12.19-01.38.24
[2015.12.19-06.38.24:971][909]LogActor:Warning: GameSession /Game/SideScrollerBP/Maps/UEDPIE_0_SideScrollerExampleMap.SideScrollerExampleMap:PersistentLevel.GameSession_0 has natively added scene component(s), but none of them were set as the actor's RootComponent - picking one arbitrarily
[2015.12.19-06.38.24:972][909]LogActor:Warning: GameNetworkManager /Game/SideScrollerBP/Maps/UEDPIE_0_SideScrollerExampleMap.SideScrollerExampleMap:PersistentLevel.GameNetworkManager_0 has natively added scene component(s), but none of them were set as the actor's RootComponent - picking one arbitrarily
[2015.12.19-06.38.24:972][909]LogWorld: Bringing up level for play took: 0.006456
[2015.12.19-06.38.24:973][909]PIE: Info Play in editor start time for /Game/SideScrollerBP/Maps/UEDPIE_0_SideScrollerExampleMap -0.582
[2015.12.19-06.38.24:973][909]LogBlueprintUserMessages: Late PlayInEditor Detection: Level '/Game/SideScrollerBP/Maps/SideScrollerExampleMap.SideScrollerExampleMap:PersistentLevel' has LevelScriptBlueprint '/Game/SideScrollerBP/Maps/SideScrollerExampleMap.SideScrollerExampleMap:PersistentLevel.SideScrollerExampleMap' with GeneratedClass '/Game/SideScrollerBP/Maps/SideScrollerExampleMap.SideScrollerExampleMap_C' with ClassGeneratedBy '/Game/SideScrollerBP/Maps/SideScrollerExampleMap.SideScrollerExampleMap:PersistentLevel.SideScrollerExampleMap'
[2015.12.19-06.38.52:419][187]LogBlueprintUserMessages: Early EndPlayMap Detection: Level '/Game/SideScrollerBP/Maps/SideScrollerExampleMap.SideScrollerExampleMap:PersistentLevel' has LevelScriptBlueprint '/Game/SideScrollerBP/Maps/SideScrollerExampleMap.SideScrollerExampleMap:PersistentLevel.SideScrollerExampleMap' with GeneratedClass '/Game/SideScrollerBP/Maps/SideScrollerExampleMap.SideScrollerExampleMap_C' with ClassGeneratedBy '/Game/SideScrollerBP/Maps/SideScrollerExampleMap.SideScrollerExampleMap:PersistentLevel.SideScrollerExampleMap'
[2015.12.19-06.38.52:463][187]LogBlueprintUserMessages: Late EndPlayMap Detection: Level '/Game/SideScrollerBP/Maps/SideScrollerExampleMap.SideScrollerExampleMap:PersistentLevel' has LevelScriptBlueprint '/Game/SideScrollerBP/Maps/SideScrollerExampleMap.SideScrollerExampleMap:PersistentLevel.SideScrollerExampleMap' with GeneratedClass '/Game/SideScrollerBP/Maps/SideScrollerExampleMap.SideScrollerExampleMap_C' with ClassGeneratedBy '/Game/SideScrollerBP/Maps/SideScrollerExampleMap.SideScrollerExampleMap:PersistentLevel.SideScrollerExampleMap'
[2015.12.19-06.38.52:489][188]LogParticles: Destroying 0 GPU particle simulations for FXSystem 0x0000019D30DDB600
[2015.12.19-06.39.32:903][331]LogEditorViewport: Clicking Background
[2015.12.19-06.39.36:410][741]LogEditorViewport: Clicking Background
[2015.12.19-06.39.43:542][588]LogEditorViewport: Clicking Background
[2015.12.19-06.40.04:086][ 27]LogEditorViewport: Clicking Background
[2015.12.19-06.40.07:730][455]LogEditorViewport: Clicking on Actor (LMB): StaticMeshActor (Cube)
[2015.12.19-06.40.27:202][688]LogBlueprintUserMessages: Early PlayInEditor Detection: Level '/Game/SideScrollerBP/Maps/SideScrollerExampleMap.SideScrollerExampleMap:PersistentLevel' has LevelScriptBlueprint '/Game/SideScrollerBP/Maps/SideScrollerExampleMap.SideScrollerExampleMap:PersistentLevel.SideScrollerExampleMap' with GeneratedClass '/Game/SideScrollerBP/Maps/SideScrollerExampleMap.SideScrollerExampleMap_C' with ClassGeneratedBy '/Game/SideScrollerBP/Maps/SideScrollerExampleMap.SideScrollerExampleMap:PersistentLevel.SideScrollerExampleMap'
[2015.12.19-06.40.27:202][688]LogPlayLevel: PlayLevel: No blueprints needed recompiling
[2015.12.19-06.40.27:202][688]PIE: New page: PIE session: SideScrollerExampleMap (Dec 18, 2015, 8:40:27 PM)
[2015.12.19-06.40.27:202][688]LogPlayLevel: Creating play world package: /Game/SideScrollerBP/Maps/UEDPIE_0_SideScrollerExampleMap
[2015.12.19-06.40.27:426][688]LogPlayLevel: PIE: StaticDuplicateObject took: (0.223916s)
[2015.12.19-06.40.27:426][688]LogAIModule: Creating AISystem for world SideScrollerExampleMap
[2015.12.19-06.40.27:427][688]LogPlayLevel: PIE: World Init took: (0.000897s)
[2015.12.19-06.40.27:427][688]LogPlayLevel: PIE: Created PIE world by copying editor world from /Game/SideScrollerBP/Maps/SideScrollerExampleMap.SideScrollerExampleMap to /Game/SideScrollerBP/Maps/UEDPIE_0_SideScrollerExampleMap.SideScrollerExampleMap (0.225049s)
[2015.12.19-06.40.27:440][688]LogInit: XAudio2 using 'Speakers (Siberia V2 Illuminated)' : 2 channels at 44.1 kHz using 16 bits per sample (channel mask 0x3)
[2015.12.19-06.40.27:446][688]LogInit: FAudioDevice initialized.
[2015.12.19-06.40.27:478][688]LogWorld: Game class is 'SideScrollerGameMode_C'
[2015.12.19-06.40.27:485][688]LogWorld: Bringing World /Game/SideScrollerBP/Maps/UEDPIE_0_SideScrollerExampleMap.SideScrollerExampleMap up for play (max tick rate 0) at 2015.12.19-01.40.27
[2015.12.19-06.40.27:485][688]LogActor:Warning: GameSession /Game/SideScrollerBP/Maps/UEDPIE_0_SideScrollerExampleMap.SideScrollerExampleMap:PersistentLevel.GameSession_1 has natively added scene component(s), but none of them were set as the actor's RootComponent - picking one arbitrarily
[2015.12.19-06.40.27:485][688]LogActor:Warning: GameNetworkManager /Game/SideScrollerBP/Maps/UEDPIE_0_SideScrollerExampleMap.SideScrollerExampleMap:PersistentLevel.GameNetworkManager_1 has natively added scene component(s), but none of them were set as the actor's RootComponent - picking one arbitrarily
[2015.12.19-06.40.27:485][688]LogWorld: Bringing up level for play took: 0.006525
[2015.12.19-06.40.27:502][688]PIE: Info Play in editor start time for /Game/SideScrollerBP/Maps/UEDPIE_0_SideScrollerExampleMap -0.052
[2015.12.19-06.40.27:502][688]LogBlueprintUserMessages: Late PlayInEditor Detection: Level '/Game/SideScrollerBP/Maps/SideScrollerExampleMap.SideScrollerExampleMap:PersistentLevel' has LevelScriptBlueprint '/Game/SideScrollerBP/Maps/SideScrollerExampleMap.SideScrollerExampleMap:PersistentLevel.SideScrollerExampleMap' with GeneratedClass '/Game/SideScrollerBP/Maps/SideScrollerExampleMap.SideScrollerExampleMap_C' with ClassGeneratedBy '/Game/SideScrollerBP/Maps/SideScrollerExampleMap.SideScrollerExampleMap:PersistentLevel.SideScrollerExampleMap'
[2015.12.19-06.40.31:682][186]LogBlueprintUserMessages: Early EndPlayMap Detection: Level '/Game/SideScrollerBP/Maps/SideScrollerExampleMap.SideScrollerExampleMap:PersistentLevel' has LevelScriptBlueprint '/Game/SideScrollerBP/Maps/SideScrollerExampleMap.SideScrollerExampleMap:PersistentLevel.SideScrollerExampleMap' with GeneratedClass '/Game/SideScrollerBP/Maps/SideScrollerExampleMap.SideScrollerExampleMap_C' with ClassGeneratedBy '/Game/SideScrollerBP/Maps/SideScrollerExampleMap.SideScrollerExampleMap:PersistentLevel.SideScrollerExampleMap'
[2015.12.19-06.40.31:720][186]LogBlueprintUserMessages: Late EndPlayMap Detection: Level '/Game/SideScrollerBP/Maps/SideScrollerExampleMap.SideScrollerExampleMap:PersistentLevel' has LevelScriptBlueprint '/Game/SideScrollerBP/Maps/SideScrollerExampleMap.SideScrollerExampleMap:PersistentLevel.SideScrollerExampleMap' with GeneratedClass '/Game/SideScrollerBP/Maps/SideScrollerExampleMap.SideScrollerExampleMap_C' with ClassGeneratedBy '/Game/SideScrollerBP/Maps/SideScrollerExampleMap.SideScrollerExampleMap:PersistentLevel.SideScrollerExampleMap'
[2015.12.19-06.40.31:730][186]LogParticles: Destroying 0 GPU particle simulations for FXSystem 0x0000019D6062A020
[2015.12.19-06.40.34:817][512]MapCheck: New page: Map Check
[2015.12.19-06.40.34:832][512]Cmd: MAP REBUILD ALLVISIBLE
[2015.12.19-06.40.34:832][512]LogEditorServer: Rebuildmap Clear paths rebuilt
[2015.12.19-06.40.34:842][512]LightingResults: New page: Lighting Build - Dec 18, 2015, 8:40:34 PM
[2015.12.19-06.40.39:366][512]LogStaticLightingSystem: Running Lightmass w/ ImmediateImport mode ENABLED
[2015.12.19-06.40.39:366][512]LogStaticLightingSystem: Running Lightmass w/ ImmediateProcess mode ENABLED
[2015.12.19-06.40.39:366][512]LogStaticLightingSystem: Running Lightmass w/ Sorting mode ENABLED
[2015.12.19-06.40.39:366][512]LogStaticLightingSystem: Running Lightmass w/ Mapping paddings ENABLED
[2015.12.19-06.40.39:366][512]LogStaticLightingSystem: Running Lightmass w/ Mapping debug paddings DISABLED
[2015.12.19-06.40.39:477][512]LogEditorBuildUtils: Build time 0:00:04
[2015.12.19-06.40.42:007][732]LogBlueprintUserMessages: Early PlayInEditor Detection: Level '/Game/SideScrollerBP/Maps/SideScrollerExampleMap.SideScrollerExampleMap:PersistentLevel' has LevelScriptBlueprint '/Game/SideScrollerBP/Maps/SideScrollerExampleMap.SideScrollerExampleMap:PersistentLevel.SideScrollerExampleMap' with GeneratedClass '/Game/SideScrollerBP/Maps/SideScrollerExampleMap.SideScrollerExampleMap_C' with ClassGeneratedBy '/Game/SideScrollerBP/Maps/SideScrollerExampleMap.SideScrollerExampleMap:PersistentLevel.SideScrollerExampleMap'
[2015.12.19-06.40.42:007][732]LogPlayLevel: PlayLevel: No blueprints needed recompiling
[2015.12.19-06.40.42:007][732]PIE: New page: PIE session: SideScrollerExampleMap (Dec 18, 2015, 8:40:42 PM)
[2015.12.19-06.40.42:007][732]LogPlayLevel: Creating play world package: /Game/SideScrollerBP/Maps/UEDPIE_0_SideScrollerExampleMap
[2015.12.19-06.40.42:020][732]LogPlayLevel: PIE: StaticDuplicateObject took: (0.012758s)
[2015.12.19-06.40.42:021][732]LogAIModule: Creating AISystem for world SideScrollerExampleMap
[2015.12.19-06.40.42:021][732]LogPlayLevel: PIE: World Init took: (0.001096s)
[2015.12.19-06.40.42:021][732]LogPlayLevel: PIE: Created PIE world by copying editor world from /Game/SideScrollerBP/Maps/SideScrollerExampleMap.SideScrollerExampleMap to /Game/SideScrollerBP/Maps/UEDPIE_0_SideScrollerExampleMap.SideScrollerExampleMap (0.014098s)
[2015.12.19-06.40.42:036][732]LogInit: XAudio2 using 'Speakers (Siberia V2 Illuminated)' : 2 channels at 44.1 kHz using 16 bits per sample (channel mask 0x3)
[2015.12.19-06.40.42:041][732]LogInit: FAudioDevice initialized.
[2015.12.19-06.40.42:074][732]LogWorld: Game class is 'SideScrollerGameMode_C'
[2015.12.19-06.40.42:081][732]LogWorld: Bringing World /Game/SideScrollerBP/Maps/UEDPIE_0_SideScrollerExampleMap.SideScrollerExampleMap up for play (max tick rate 0) at 2015.12.19-01.40.42
[2015.12.19-06.40.42:081][732]LogActor:Warning: GameSession /Game/SideScrollerBP/Maps/UEDPIE_0_SideScrollerExampleMap.SideScrollerExampleMap:PersistentLevel.GameSession_2 has natively added scene component(s), but none of them were set as the actor's RootComponent - picking one arbitrarily
[2015.12.19-06.40.42:081][732]LogActor:Warning: GameNetworkManager /Game/SideScrollerBP/Maps/UEDPIE_0_SideScrollerExampleMap.SideScrollerExampleMap:PersistentLevel.GameNetworkManager_2 has natively added scene component(s), but none of them were set as the actor's RootComponent - picking one arbitrarily
[2015.12.19-06.40.42:081][732]LogWorld: Bringing up level for play took: 0.006832
[2015.12.19-06.40.42:082][732]PIE: Info Play in editor start time for /Game/SideScrollerBP/Maps/UEDPIE_0_SideScrollerExampleMap 0.528
[2015.12.19-06.40.42:083][732]LogBlueprintUserMessages: Late PlayInEditor Detection: Level '/Game/SideScrollerBP/Maps/SideScrollerExampleMap.SideScrollerExampleMap:PersistentLevel' has LevelScriptBlueprint '/Game/SideScrollerBP/Maps/SideScrollerExampleMap.SideScrollerExampleMap:PersistentLevel.SideScrollerExampleMap' with GeneratedClass '/Game/SideScrollerBP/Maps/SideScrollerExampleMap.SideScrollerExampleMap_C' with ClassGeneratedBy '/Game/SideScrollerBP/Maps/SideScrollerExampleMap.SideScrollerExampleMap:PersistentLevel.SideScrollerExampleMap'
[2015.12.19-06.40.46:223][224]Job is a success!
[2015.12.19-06.40.55:952][363]LogBlueprintUserMessages: Early EndPlayMap Detection: Level '/Game/SideScrollerBP/Maps/SideScrollerExampleMap.SideScrollerExampleMap:PersistentLevel' has LevelScriptBlueprint '/Game/SideScrollerBP/Maps/SideScrollerExampleMap.SideScrollerExampleMap:PersistentLevel.SideScrollerExampleMap' with GeneratedClass '/Game/SideScrollerBP/Maps/SideScrollerExampleMap.SideScrollerExampleMap_C' with ClassGeneratedBy '/Game/SideScrollerBP/Maps/SideScrollerExampleMap.SideScrollerExampleMap:PersistentLevel.SideScrollerExampleMap'
[2015.12.19-06.40.55:993][363]LogBlueprintUserMessages: Late EndPlayMap Detection: Level '/Game/SideScrollerBP/Maps/SideScrollerExampleMap.SideScrollerExampleMap:PersistentLevel' has LevelScriptBlueprint '/Game/SideScrollerBP/Maps/SideScrollerExampleMap.SideScrollerExampleMap:PersistentLevel.SideScrollerExampleMap' with GeneratedClass '/Game/SideScrollerBP/Maps/SideScrollerExampleMap.SideScrollerExampleMap_C' with ClassGeneratedBy '/Game/SideScrollerBP/Maps/SideScrollerExampleMap.SideScrollerExampleMap:PersistentLevel.SideScrollerExampleMap'
[2015.12.19-06.40.56:020][364]LogParticles: Destroying 0 GPU particle simulations for FXSystem 0x0000019D6BF2EDE0
[2015.12.19-06.41.01:550][900]LogEditorViewport: Clicking on Actor (LMB): StaticMeshActor (Wall3)
[2015.12.19-06.41.12:592][  0]LogSavePackage: Save=474.838074ms
[2015.12.19-06.41.12:592][  0]LogSavePackage: Moving '../../../../../../Keeta/Documents/Unreal Projects/BoardThePlatforms/Saved/SideScrollerExampleMapEDC738FF486127C03389EF93DE5EC7B7.tmp' to '../../../../../../Keeta/Documents/Unreal Projects/BoardThePlatforms/Content/SideScrollerBP/Maps/SideScrollerExampleMap.umap'
[2015.12.19-06.41.12:596][  0]LogSavePackage: Total save time: 491.467219ms
[2015.12.19-06.41.12:596][  0]LogSavePackage:Display: Finished SavePackage ../../../../../../Keeta/Documents/Unreal Projects/BoardThePlatforms/Content/SideScrollerBP/Maps/SideScrollerExampleMap.umap
[2015.12.19-06.41.22:683][885]LogTexture:Display: Building textures: SkyOcclusion0_1 (AutoDXT)
[2015.12.19-06.41.22:928][885]LogTexture:Display: Building textures: LQ_Lightmap_0_6 (DXT1)
[2015.12.19-06.41.22:931][885]LogTexture:Display: Building textures: HQ_Lightmap0_6 (AutoDXT)
[2015.12.19-06.41.22:931][885]LogTexture:Display: Building textures: SkyOcclusion0_6 (AutoDXT)
[2015.12.19-06.41.22:934][885]LogTexture:Display: Building textures: LQ_Lightmap_1_5 (DXT1)
[2015.12.19-06.41.22:941][885]LogTexture:Display: Building textures: HQ_Lightmap1_5 (AutoDXT)
[2015.12.19-06.41.22:952][885]LogTexture:Display: Building textures: SkyOcclusion1_5 (AutoDXT)
[2015.12.19-06.41.22:963][885]LogTexture:Display: Building textures: LQ_Lightmap_1_4 (DXT1)
[2015.12.19-06.41.22:968][885]LogTexture:Display: Building textures: HQ_Lightmap1_4 (AutoDXT)
[2015.12.19-06.41.22:981][885]LogTexture:Display: Building textures: SkyOcclusion1_4 (AutoDXT)
[2015.12.19-06.41.22:991][885]LogTexture:Display: Building textures: LQ_Lightmap_1_3 (DXT1)
[2015.12.19-06.41.22:996][885]LogTexture:Display: Building textures: HQ_Lightmap1_3 (AutoDXT)
[2015.12.19-06.41.23:012][885]LogTexture:Display: Building textures: SkyOcclusion1_3 (AutoDXT)
[2015.12.19-06.41.23:025][885]LogTexture:Display: Building textures: LQ_Lightmap_1_2 (DXT1)
[2015.12.19-06.41.23:075][885]LogTexture:Display: Building textures: HQ_Lightmap1_2 (AutoDXT)
[2015.12.19-06.41.23:196][885]LogTexture:Display: Building textures: SkyOcclusion1_2 (AutoDXT)
[2015.12.19-06.41.23:262][885]LogTexture:Display: Building textures: LQ_Lightmap_0_1 (DXT1)
[2015.12.19-06.41.23:458][885]LogTexture:Display: Building textures: HQ_Lightmap0_1 (AutoDXT)
[2015.12.19-06.41.24:339][885]LogTexture:Display: Building textures: ShadowMapTexture2D_12 (G8)
[2015.12.19-06.41.24:492][885]LogTexture:Display: Building textures: ShadowMapTexture2D_13 (G8)
[2015.12.19-06.41.24:512][885]LogTexture:Display: Building textures: ShadowMapTexture2D_14 (G8)
[2015.12.19-06.41.24:518][885]LogTexture:Display: Building textures: ShadowMapTexture2D_15 (G8)
[2015.12.19-06.41.24:525][885]LogTexture:Display: Building textures: ShadowMapTexture2D_16 (G8)
[2015.12.19-06.41.24:526][885]LogTexture:Display: Building textures: ShadowMapTexture2D_17 (G8)
[2015.12.19-06.41.24:542][885]Lightmass on KAZTALEK: 44.7 sec total, 81 ms importing, 1 ms setup, 764 ms photons, 43.8 sec processing, 0 ms extra exporting [17/17 mappings]. Threads: 2:55 min total, 7.83 sec processing.
[2015.12.19-06.41.24:549][885]LogStaticLightingSystem: Illumination: 13.6 sec (2.18 sec encoding lightmaps)
[2015.12.19-06.41.24:549][885]LogStaticLightingSystem: Lightmap texture memory:  6.9 MB (6.9 MB streaming, 0.0 MB non-streaming), 12 textures
[2015.12.19-06.41.24:549][885]LogStaticLightingSystem: Shadowmap texture memory: 6.9 MB (6.9 MB streaming, 0.0 MB non-streaming), 12 textures
[2015.12.19-06.41.25:389][886]Cmd: MAP CHECK NOTIFYRESULTS
[2015.12.19-06.41.25:389][886]MapCheck: New page: SideScrollerExampleMap - Dec 18, 2015, 8:41:25 PM
[2015.12.19-06.41.25:468][886]MapCheck: Info Map check complete: 0 Error(s), 0 Warning(s), took 78.992ms to complete.
[2015.12.19-06.41.30:192][293]LogBlueprintUserMessages: Early PlayInEditor Detection: Level '/Game/SideScrollerBP/Maps/SideScrollerExampleMap.SideScrollerExampleMap:PersistentLevel' has LevelScriptBlueprint '/Game/SideScrollerBP/Maps/SideScrollerExampleMap.SideScrollerExampleMap:PersistentLevel.SideScrollerExampleMap' with GeneratedClass '/Game/SideScrollerBP/Maps/SideScrollerExampleMap.SideScrollerExampleMap_C' with ClassGeneratedBy '/Game/SideScrollerBP/Maps/SideScrollerExampleMap.SideScrollerExampleMap:PersistentLevel.SideScrollerExampleMap'
[2015.12.19-06.41.30:192][293]LogPlayLevel: PlayLevel: No blueprints needed recompiling
[2015.12.19-06.41.30:192][293]PIE: New page: PIE session: SideScrollerExampleMap (Dec 18, 2015, 8:41:30 PM)
[2015.12.19-06.41.30:192][293]LogPlayLevel: Creating play world package: /Game/SideScrollerBP/Maps/UEDPIE_0_SideScrollerExampleMap
[2015.12.19-06.41.30:204][293]LogPlayLevel: PIE: StaticDuplicateObject took: (0.011568s)
[2015.12.19-06.41.30:205][293]LogAIModule: Creating AISystem for world SideScrollerExampleMap
[2015.12.19-06.41.30:205][293]LogPlayLevel: PIE: World Init took: (0.000996s)
[2015.12.19-06.41.30:205][293]LogPlayLevel: PIE: Created PIE world by copying editor world from /Game/SideScrollerBP/Maps/SideScrollerExampleMap.SideScrollerExampleMap to /Game/SideScrollerBP/Maps/UEDPIE_0_SideScrollerExampleMap.SideScrollerExampleMap (0.012870s)
[2015.12.19-06.41.30:218][293]LogInit: XAudio2 using 'Speakers (Siberia V2 Illuminated)' : 2 channels at 44.1 kHz using 16 bits per sample (channel mask 0x3)
[2015.12.19-06.41.30:223][293]LogInit: FAudioDevice initialized.
[2015.12.19-06.41.30:256][293]LogWorld: Game class is 'SideScrollerGameMode_C'
[2015.12.19-06.41.30:263][293]LogWorld: Bringing World /Game/SideScrollerBP/Maps/UEDPIE_0_SideScrollerExampleMap.SideScrollerExampleMap up for play (max tick rate 0) at 2015.12.19-01.41.30
[2015.12.19-06.41.30:263][293]LogActor:Warning: GameSession /Game/SideScrollerBP/Maps/UEDPIE_0_SideScrollerExampleMap.SideScrollerExampleMap:PersistentLevel.GameSession_3 has natively added scene component(s), but none of them were set as the actor's RootComponent - picking one arbitrarily
[2015.12.19-06.41.30:263][293]LogActor:Warning: GameNetworkManager /Game/SideScrollerBP/Maps/UEDPIE_0_SideScrollerExampleMap.SideScrollerExampleMap:PersistentLevel.GameNetworkManager_3 has natively added scene component(s), but none of them were set as the actor's RootComponent - picking one arbitrarily
[2015.12.19-06.41.30:263][293]LogWorld: Bringing up level for play took: 0.006542
[2015.12.19-06.41.30:264][293]PIE: Info Play in editor start time for /Game/SideScrollerBP/Maps/UEDPIE_0_SideScrollerExampleMap 0.71
[2015.12.19-06.41.30:265][293]LogBlueprintUserMessages: Late PlayInEditor Detection: Level '/Game/SideScrollerBP/Maps/SideScrollerExampleMap.SideScrollerExampleMap:PersistentLevel' has LevelScriptBlueprint '/Game/SideScrollerBP/Maps/SideScrollerExampleMap.SideScrollerExampleMap:PersistentLevel.SideScrollerExampleMap' with GeneratedClass '/Game/SideScrollerBP/Maps/SideScrollerExampleMap.SideScrollerExampleMap_C' with ClassGeneratedBy '/Game/SideScrollerBP/Maps/SideScrollerExampleMap.SideScrollerExampleMap:PersistentLevel.SideScrollerExampleMap'
[2015.12.19-06.41.36:713][ 47]LogBlueprintUserMessages: Early EndPlayMap Detection: Level '/Game/SideScrollerBP/Maps/SideScrollerExampleMap.SideScrollerExampleMap:PersistentLevel' has LevelScriptBlueprint '/Game/SideScrollerBP/Maps/SideScrollerExampleMap.SideScrollerExampleMap:PersistentLevel.SideScrollerExampleMap' with GeneratedClass '/Game/SideScrollerBP/Maps/SideScrollerExampleMap.SideScrollerExampleMap_C' with ClassGeneratedBy '/Game/SideScrollerBP/Maps/SideScrollerExampleMap.SideScrollerExampleMap:PersistentLevel.SideScrollerExampleMap'
[2015.12.19-06.41.36:754][ 47]LogBlueprintUserMessages: Late EndPlayMap Detection: Level '/Game/SideScrollerBP/Maps/SideScrollerExampleMap.SideScrollerExampleMap:PersistentLevel' has LevelScriptBlueprint '/Game/SideScrollerBP/Maps/SideScrollerExampleMap.SideScrollerExampleMap:PersistentLevel.SideScrollerExampleMap' with GeneratedClass '/Game/SideScrollerBP/Maps/SideScrollerExampleMap.SideScrollerExampleMap_C' with ClassGeneratedBy '/Game/SideScrollerBP/Maps/SideScrollerExampleMap.SideScrollerExampleMap:PersistentLevel.SideScrollerExampleMap'
[2015.12.19-06.41.36:783][ 48]LogParticles: Destroying 0 GPU particle simulations for FXSystem 0x0000019D25539EE0
[2015.12.19-06.41.42:277][554]LogSavePackage: Save=311.082123ms
[2015.12.19-06.41.42:277][554]LogSavePackage: Moving '../../../../../../Keeta/Documents/Unreal Projects/BoardThePlatforms/Saved/SideScrollerExampleMap665E4E944DB45D8D6F1D6D9F0289878C.tmp' to '../../../../../../Keeta/Documents/Unreal Projects/BoardThePlatforms/Content/SideScrollerBP/Maps/SideScrollerExampleMap.umap'
[2015.12.19-06.41.42:287][554]LogSavePackage: Total save time: 322.434060ms
[2015.12.19-06.41.42:287][554]LogSavePackage:Display: Finished SavePackage ../../../../../../Keeta/Documents/Unreal Projects/BoardThePlatforms/Content/SideScrollerBP/Maps/SideScrollerExampleMap.umap
[2015.12.19-06.41.45:257][844]LogWindowsTextInputMethodSystem:Display: IME system now deactivated.
[2015.12.19-06.41.45:444][845]Cmd: QUIT_EDITOR
[2015.12.19-06.41.45:552][845]LogExit: Preparing to exit.
[2015.12.19-06.41.45:820][845]LogExit: Editor shut down
[2015.12.19-06.41.45:821][845]LogExit: Transaction tracking system shut down
[2015.12.19-06.41.45:822][845]LogParticles: Destroying 0 GPU particle simulations for FXSystem 0x0000019D2FB8D1C0
[2015.12.19-06.41.45:822][845]LogParticles: Destroying 0 GPU particle simulations for FXSystem 0x0000019D4855B880
[2015.12.19-06.41.45:822][845]LogParticles: Destroying 0 GPU particle simulations for FXSystem 0x0000019D3F52DB20
[2015.12.19-06.41.45:822][845]LogParticles: Destroying 0 GPU particle simulations for FXSystem 0x0000019D48911B20
[2015.12.19-06.41.45:937][845]LogExit: Object subsystem successfully closed.
[2015.12.19-06.41.45:946][845]LogD3D11RHI: Shutdown
[2015.12.19-06.41.45:946][845]LogD3D11RHI: CleanupD3DDevice
[2015.12.19-06.41.46:054][845]LogD3D11RHI: ~FD3D11DynamicRHI
[2015.12.19-06.41.46:072][845]LogModuleManager: Shutting down and abandoning module CookingStats (199)
[2015.12.19-06.41.46:072][845]LogModuleManager: Shutting down and abandoning module CrashTracker (198)
[2015.12.19-06.41.46:072][845]LogModuleManager: Shutting down and abandoning module SceneOutliner (197)
[2015.12.19-06.41.46:072][845]LogModuleManager: Shutting down and abandoning module SuperSearch (196)
[2015.12.19-06.41.46:072][845]LogModuleManager: Shutting down and abandoning module WidgetCarousel (195)
[2015.12.19-06.41.46:072][845]LogModuleManager: Shutting down and abandoning module AddContentDialog (194)
[2015.12.19-06.41.46:073][845]LogModuleManager: Shutting down and abandoning module EditorWidgets (193)
[2015.12.19-06.41.46:073][845]LogModuleManager: Shutting down and abandoning module CollectionManager (192)
[2015.12.19-06.41.46:073][845]LogModuleManager: Shutting down and abandoning module StatsViewer (191)
[2015.12.19-06.41.46:073][845]LogModuleManager: Shutting down and abandoning module FoliageEdit (190)
[2015.12.19-06.41.46:073][845]LogModuleManager: Shutting down and abandoning module LandscapeEditor (189)
[2015.12.19-06.41.46:073][845]LogModuleManager: Shutting down and abandoning module ActorPickerMode (188)
[2015.12.19-06.41.46:073][845]LogModuleManager: Shutting down and abandoning module GeometryMode (187)
[2015.12.19-06.41.46:073][845]LogModuleManager: Shutting down and abandoning module TextureAlignMode (186)
[2015.12.19-06.41.46:073][845]LogModuleManager: Shutting down and abandoning module BspMode (185)
[2015.12.19-06.41.46:073][845]LogModuleManager: Shutting down and abandoning module PlacementMode (184)
[2015.12.19-06.41.46:073][845]LogModuleManager: Shutting down and abandoning module AutomationWorker (183)
[2015.12.19-06.41.46:073][845]LogModuleManager: Shutting down and abandoning module CharacterAI (182)
[2015.12.19-06.41.46:073][845]LogModuleManager: Shutting down and abandoning module SmartSnapping (181)
[2015.12.19-06.41.46:073][845]LogModuleManager: Shutting down and abandoning module ViewportSnapping (180)
[2015.12.19-06.41.46:073][845]LogModuleManager: Shutting down and abandoning module LogVisualizer (179)
[2015.12.19-06.41.46:074][845]LogModuleManager: Shutting down and abandoning module GameProjectGeneration (178)
[2015.12.19-06.41.46:074][845]LogModuleManager: Shutting down and abandoning module IntroTutorials (177)
[2015.12.19-06.41.46:074][845]LogModuleManager: Shutting down and abandoning module EditorLiveStreaming (176)
[2015.12.19-06.41.46:074][845]LogModuleManager: Shutting down and abandoning module IOSPlatformEditor (175)
[2015.12.19-06.41.46:074][845]LogModuleManager: Shutting down and abandoning module HTML5PlatformEditor (174)
[2015.12.19-06.41.46:074][845]LogModuleManager: Shutting down and abandoning module AndroidDeviceDetection (173)
[2015.12.19-06.41.46:664][845]LogModuleManager: Shutting down and abandoning module AndroidPlatformEditor (172)
[2015.12.19-06.41.46:664][845]LogModuleManager: Shutting down and abandoning module IOSRuntimeSettings (171)
[2015.12.19-06.41.46:664][845]LogModuleManager: Shutting down and abandoning module AndroidRuntimeSettings (170)
[2015.12.19-06.41.46:664][845]LogModuleManager: Shutting down and abandoning module MergeActors (169)
[2015.12.19-06.41.46:664][845]LogModuleManager: Shutting down and abandoning module SizeMap (168)
[2015.12.19-06.41.46:664][845]LogModuleManager: Shutting down and abandoning module TreeMap (167)
[2015.12.19-06.41.46:664][845]LogModuleManager: Shutting down and abandoning module ReferenceViewer (166)
[2015.12.19-06.41.46:664][845]LogModuleManager: Shutting down and abandoning module LocalizationService (165)
[2015.12.19-06.41.46:664][845]LogModuleManager: Shutting down and abandoning module LocalizationDashboard (164)
[2015.12.19-06.41.46:664][845]LogModuleManager: Shutting down and abandoning module HardwareTargeting (163)
[2015.12.19-06.41.46:664][845]LogModuleManager: Shutting down and abandoning module DeviceProfileEditor (162)
[2015.12.19-06.41.46:664][845]LogModuleManager: Shutting down and abandoning module UndoHistory (161)
[2015.12.19-06.41.46:664][845]LogModuleManager: Shutting down and abandoning module GameplayTagsEditor (160)
[2015.12.19-06.41.46:664][845]LogModuleManager: Shutting down and abandoning module UserFeedback (159)
[2015.12.19-06.41.46:664][845]LogModuleManager: Shutting down and abandoning module XmlParser (158)
[2015.12.19-06.41.46:664][845]LogModuleManager: Shutting down and abandoning module Blutility (157)
[2015.12.19-06.41.46:664][845]LogModuleManager: Shutting down and abandoning module ProjectTargetPlatformEditor (156)
[2015.12.19-06.41.46:664][845]LogModuleManager: Shutting down and abandoning module ProjectSettingsViewer (155)
[2015.12.19-06.41.46:664][845]LogModuleManager: Shutting down and abandoning module InputBindingEditor (154)
[2015.12.19-06.41.46:664][845]LogModuleManager: Shutting down and abandoning module EditorSettingsViewer (153)
[2015.12.19-06.41.46:664][845]LogModuleManager: Shutting down and abandoning module SettingsEditor (152)
[2015.12.19-06.41.46:664][845]LogModuleManager: Shutting down and abandoning module ProjectLauncher (151)
[2015.12.19-06.41.46:664][845]LogModuleManager: Shutting down and abandoning module SessionFrontend (150)
[2015.12.19-06.41.46:664][845]LogModuleManager: Shutting down and abandoning module ProfilerClient (149)
[2015.12.19-06.41.46:664][845]LogModuleManager: Shutting down and abandoning module TargetDeviceServices (148)
[2015.12.19-06.41.46:665][845]LogModuleManager: Shutting down and abandoning module DeviceManager (147)
[2015.12.19-06.41.46:665][845]LogModuleManager: Shutting down and abandoning module AutomationController (146)
[2015.12.19-06.41.46:665][845]LogModuleManager: Shutting down and abandoning module AutomationWindow (145)
[2015.12.19-06.41.46:665][845]LogModuleManager: Shutting down and abandoning module Layers (144)
[2015.12.19-06.41.46:665][845]LogModuleManager: Shutting down and abandoning module ComponentVisualizers (143)
[2015.12.19-06.41.46:665][845]LogModuleManager: Shutting down and abandoning module DetailCustomizations (142)
[2015.12.19-06.41.46:665][845]LogModuleManager: Shutting down and abandoning module PackagesDialog (141)
[2015.12.19-06.41.46:665][845]LogModuleManager: Shutting down and abandoning module Persona (140)
[2015.12.19-06.41.46:665][845]LogModuleManager: Shutting down and abandoning module Kismet (139)
[2015.12.19-06.41.46:665][845]LogModuleManager: Shutting down and abandoning module GraphEditor (138)
[2015.12.19-06.41.46:665][845]LogModuleManager: Shutting down and abandoning module ClassViewer (137)
[2015.12.19-06.41.46:665][845]LogModuleManager: Shutting down and abandoning module Toolbox (136)
[2015.12.19-06.41.46:665][845]LogModuleManager: Shutting down and abandoning module ModuleUI (135)
[2015.12.19-06.41.46:665][845]LogModuleManager: Shutting down and abandoning module MovieSceneTools (134)
[2015.12.19-06.41.46:665][845]LogModuleManager: Shutting down and abandoning module OutputLog (133)
[2015.12.19-06.41.46:665][845]LogModuleManager: Shutting down and abandoning module GammaUI (132)
[2015.12.19-06.41.46:665][845]LogModuleManager: Shutting down and abandoning module Documentation (131)
[2015.12.19-06.41.46:665][845]LogModuleManager: Shutting down and abandoning module GameLiveStreaming (130)
[2015.12.19-06.41.46:665][845]LogModuleManager: Shutting down and abandoning module StreamingPauseRendering (129)
[2015.12.19-06.41.46:665][845]LogModuleManager: Shutting down and abandoning module AnalyticsET (128)
[2015.12.19-06.41.46:665][845]LogModuleManager: Shutting down and abandoning module Analytics (127)
[2015.12.19-06.41.46:665][845]LogModuleManager: Shutting down and abandoning module AITestSuite (126)
[2015.12.19-06.41.46:665][845]LogModuleManager: Shutting down and abandoning module GameplayDebugger (125)
[2015.12.19-06.41.46:665][845]LogModuleManager: Shutting down and abandoning module AIModule (124)
[2015.12.19-06.41.46:665][845]LogModuleManager: Shutting down and abandoning module ProfilerService (123)
[2015.12.19-06.41.46:665][845]LogModuleManager: Shutting down and abandoning module TaskGraph (122)
[2015.12.19-06.41.46:665][845]LogModuleManager: Shutting down and abandoning module SlateRemote (121)
[2015.12.19-06.41.46:665][845]LogModuleManager: Shutting down and abandoning module SteamVRController (120)
[2015.12.19-06.41.46:665][845]LogModuleManager: Shutting down and abandoning module SteamVR (119)
[2015.12.19-06.41.46:665][845]LogModuleManager: Shutting down and abandoning module ProceduralMeshComponent (118)
[2015.12.19-06.41.46:665][845]LogModuleManager: Shutting down and abandoning module OculusLibrary (117)
[2015.12.19-06.41.46:665][845]LogModuleManager: Shutting down and abandoning module OculusInput (116)
[2015.12.19-06.41.46:665][845]LogModuleManager: Shutting down and abandoning module LeapMotionController (115)
[2015.12.19-06.41.46:680][845]LogModuleManager: Shutting down and abandoning module CustomMeshComponent (114)
[2015.12.19-06.41.46:680][845]LogModuleManager: Shutting down and abandoning module CableComponent (113)
[2015.12.19-06.41.46:680][845]LogModuleManager: Shutting down and abandoning module ArchVisCharacter (112)
[2015.12.19-06.41.46:680][845]LogModuleManager: Shutting down and abandoning module MessagingDebugger (111)
[2015.12.19-06.41.46:680][845]LogModuleManager: Shutting down and abandoning module MediaPlayerEditor (110)
[2015.12.19-06.41.46:680][845]LogModuleManager: Shutting down and abandoning module HTML5Networking (109)
[2015.12.19-06.41.46:680][845]LogModuleManager: Shutting down and abandoning module SpeedTreeImporter (108)
[2015.12.19-06.41.46:680][845]LogModuleManager: Shutting down and abandoning module PluginBrowser (107)
[2015.12.19-06.41.46:680][845]LogModuleManager: Shutting down and abandoning module EpicSurvey (106)
[2015.12.19-06.41.46:680][845]LogModuleManager: Shutting down and abandoning module DesktopPlatform (105)
[2015.12.19-06.41.46:680][845]LogModuleManager: Shutting down and abandoning module VisualStudioSourceCodeAccess (104)
[2015.12.19-06.41.46:680][845]LogModuleManager: Shutting down and abandoning module UObjectPlugin (103)
[2015.12.19-06.41.46:680][845]LogModuleManager: Shutting down and abandoning module SubversionSourceControl (102)
[2015.12.19-06.41.46:680][845]LogModuleManager: Shutting down and abandoning module PerforceSourceControl (101)
[2015.12.19-06.41.46:680][845]LogModuleManager: Shutting down and abandoning module SourceControl (100)
[2015.12.19-06.41.46:680][845]LogModuleManager: Shutting down and abandoning module GitSourceControl (99)
[2015.12.19-06.41.46:680][845]LogModuleManager: Shutting down and abandoning module LightPropagationVolumeEditor (98)
[2015.12.19-06.41.46:680][845]LogModuleManager: Shutting down and abandoning module PaperTiledImporter (97)
[2015.12.19-06.41.46:680][845]LogModuleManager: Shutting down and abandoning module PaperSpriteSheetImporter (96)
[2015.12.19-06.41.46:681][845]LogModuleManager: Shutting down and abandoning module MeshPaint (95)
[2015.12.19-06.41.46:681][845]LogModuleManager: Shutting down and abandoning module SlateReflector (94)
[2015.12.19-06.41.46:681][845]LogModuleManager: Shutting down and abandoning module HotReload (93)
[2015.12.19-06.41.46:681][845]LogModuleManager: Shutting down and abandoning module MainFrame (92)
[2015.12.19-06.41.46:681][845]LogModuleManager: Shutting down and abandoning module LevelEditor (91)
[2015.12.19-06.41.46:682][845]LogModuleManager: Shutting down and abandoning module DirectoryWatcher (90)
[2015.12.19-06.41.46:683][845]LogModuleManager: Shutting down and abandoning module AssetRegistry (89)
[2015.12.19-06.41.46:744][845]LogModuleManager: Shutting down and abandoning module ContentBrowser (88)
[2015.12.19-06.41.46:744][845]LogModuleManager: Shutting down and abandoning module Paper2DEditor (87)
[2015.12.19-06.41.46:744][845]LogModuleManager: Shutting down and abandoning module UdpMessaging (86)
[2015.12.19-06.41.46:845][845]LogModuleManager: Shutting down and abandoning module LightPropagationVolumeRuntime (85)
[2015.12.19-06.41.46:845][845]LogModuleManager: Shutting down and abandoning module Paper2D (84)
[2015.12.19-06.41.46:845][845]LogModuleManager: Shutting down and abandoning module WindowsMoviePlayer (83)
[2015.12.19-06.41.46:848][845]LogModuleManager: Shutting down and abandoning module Media (82)
[2015.12.19-06.41.46:848][845]LogModuleManager: Shutting down and abandoning module WmfMedia (81)
[2015.12.19-06.41.46:848][845]LogModuleManager: Shutting down and abandoning module OnlineBlueprintSupport (80)
[2015.12.19-06.41.46:848][845]LogModuleManager: Shutting down and abandoning module GameplayTasksEditor (79)
[2015.12.19-06.41.46:848][845]LogModuleManager: Shutting down and abandoning module PropertyEditor (78)
[2015.12.19-06.41.46:848][845]LogModuleManager: Shutting down and abandoning module BehaviorTreeEditor (77)
[2015.12.19-06.41.46:848][845]LogModuleManager: Shutting down and abandoning module FunctionalTesting (76)
[2015.12.19-06.41.46:848][845]LogModuleManager: Shutting down and abandoning module CollisionAnalyzer (75)
[2015.12.19-06.41.46:848][845]LogModuleManager: Shutting down and abandoning module WorkspaceMenuStructure (74)
[2015.12.19-06.41.46:848][845]LogModuleManager: Shutting down and abandoning module MessageLog (73)
[2015.12.19-06.41.46:848][845]LogModuleManager: Shutting down and abandoning module Sequencer (72)
[2015.12.19-06.41.46:848][845]LogModuleManager: Shutting down and abandoning module AssetTools (71)
[2015.12.19-06.41.46:848][845]LogModuleManager: Shutting down and abandoning module UMGEditor (70)
[2015.12.19-06.41.46:848][845]LogModuleManager: Shutting down and abandoning module UMG (69)
[2015.12.19-06.41.46:848][845]LogModuleManager: Shutting down and abandoning module Slate (68)
[2015.12.19-06.41.46:848][845]LogModuleManager: Shutting down and abandoning module EditorStyle (67)
[2015.12.19-06.41.46:850][845]LogModuleManager: Shutting down and abandoning module SessionServices (66)
[2015.12.19-06.41.46:850][845]LogModuleManager: Shutting down and abandoning module SourceCodeAccess (65)
[2015.12.19-06.41.46:850][845]LogModuleManager: Shutting down and abandoning module HeadMountedDisplay (64)
[2015.12.19-06.41.46:850][845]LogModuleManager: Shutting down and abandoning module XAudio2 (63)
[2015.12.19-06.41.46:850][845]LogModuleManager: Shutting down and abandoning module Networking (61)
[2015.12.19-06.41.46:850][845]LogModuleManager: Shutting down and abandoning module Core (60)
[2015.12.19-06.41.46:850][845]LogModuleManager: Shutting down and abandoning module KismetCompiler (59)
[2015.12.19-06.41.46:850][845]LogModuleManager: Shutting down and abandoning module PhysXFormats (58)
[2015.12.19-06.41.46:850][845]LogModuleManager: Shutting down and abandoning module MeshUtilities (57)
[2015.12.19-06.41.46:850][845]LogModuleManager: Shutting down and abandoning module DerivedDataCache (56)
[2015.12.19-06.41.46:919][845]LogDerivedDataCache: Shutdown
[2015.12.19-06.41.46:919][845]LogModuleManager: Shutting down and abandoning module ShaderFormatOpenGL (55)
[2015.12.19-06.41.46:919][845]LogModuleManager: Shutting down and abandoning module ShaderFormatD3D (54)
[2015.12.19-06.41.46:919][845]LogModuleManager: Shutting down and abandoning module MetalShaderFormat (53)
[2015.12.19-06.41.46:919][845]LogModuleManager: Shutting down and abandoning module TextureFormatUncompressed (52)
[2015.12.19-06.41.46:919][845]LogModuleManager: Shutting down and abandoning module TextureFormatPVR (51)
[2015.12.19-06.41.46:919][845]LogModuleManager: Shutting down and abandoning module TextureFormatIntelISPCTexComp (50)
[2015.12.19-06.41.46:919][845]LogModuleManager: Shutting down and abandoning module TextureFormatDXT (49)
[2015.12.19-06.41.46:919][845]LogModuleManager: Shutting down and abandoning module ImageWrapper (48)
[2015.12.19-06.41.46:919][845]LogModuleManager: Shutting down and abandoning module TextureFormatASTC (47)
[2015.12.19-06.41.46:919][845]LogModuleManager: Shutting down and abandoning module TextureFormatAndroid (46)
[2015.12.19-06.41.46:919][845]LogModuleManager: Shutting down and abandoning module AudioFormatOpus (45)
[2015.12.19-06.41.46:919][845]LogModuleManager: Shutting down and abandoning module AudioFormatOgg (44)
[2015.12.19-06.41.46:919][845]LogModuleManager: Shutting down and abandoning module AudioFormatADPCM (43)
[2015.12.19-06.41.46:919][845]LogModuleManager: Shutting down and abandoning module LinuxTargetPlatform (42)
[2015.12.19-06.41.46:919][845]LogModuleManager: Shutting down and abandoning module LinuxServerTargetPlatform (41)
[2015.12.19-06.41.46:919][845]LogModuleManager: Shutting down and abandoning module LinuxNoEditorTargetPlatform (40)
[2015.12.19-06.41.46:919][845]LogModuleManager: Shutting down and abandoning module Messaging (39)
[2015.12.19-06.41.46:919][845]LogModuleManager: Shutting down and abandoning module IOSTargetPlatform (38)
[2015.12.19-06.41.46:919][845]LogModuleManager: Shutting down and abandoning module HTML5TargetPlatform (37)
[2015.12.19-06.41.46:919][845]LogModuleManager: Shutting down and abandoning module Android_PVRTCTargetPlatform (36)
[2015.12.19-06.41.46:919][845]LogModuleManager: Shutting down and abandoning module Android_MultiTargetPlatform (35)
[2015.12.19-06.41.46:919][845]LogModuleManager: Shutting down and abandoning module Android_ETC2TargetPlatform (34)
[2015.12.19-06.41.46:919][845]LogModuleManager: Shutting down and abandoning module Android_ETC1TargetPlatform (33)
[2015.12.19-06.41.46:919][845]LogModuleManager: Shutting down and abandoning module Android_DXTTargetPlatform (32)
[2015.12.19-06.41.46:919][845]LogModuleManager: Shutting down and abandoning module Android_ATCTargetPlatform (31)
[2015.12.19-06.41.46:919][845]LogModuleManager: Shutting down and abandoning module Android_ASTCTargetPlatform (30)
[2015.12.19-06.41.46:919][845]LogModuleManager: Shutting down and abandoning module AndroidTargetPlatform (29)
[2015.12.19-06.41.46:919][845]LogModuleManager: Shutting down and abandoning module WindowsTargetPlatform (28)
[2015.12.19-06.41.46:919][845]LogModuleManager: Shutting down and abandoning module WindowsServerTargetPlatform (27)
[2015.12.19-06.41.46:919][845]LogModuleManager: Shutting down and abandoning module WindowsNoEditorTargetPlatform (26)
[2015.12.19-06.41.46:919][845]LogModuleManager: Shutting down and abandoning module WindowsClientTargetPlatform (25)
[2015.12.19-06.41.46:919][845]LogModuleManager: Shutting down and abandoning module AllDesktopTargetPlatform (24)
[2015.12.19-06.41.46:919][845]LogModuleManager: Shutting down and abandoning module TargetPlatform (23)
[2015.12.19-06.41.46:919][845]LogModuleManager: Shutting down and abandoning module InputCore (22)
[2015.12.19-06.41.46:919][845]LogModuleManager: Shutting down and abandoning module Settings (21)
[2015.12.19-06.41.46:919][845]LogModuleManager: Shutting down and abandoning module OnlineSubsystem (19)
[2015.12.19-06.41.46:919][845]LogModuleManager: Shutting down and abandoning module HTTP (18)
[2015.12.19-06.41.47:920][845]LogModuleManager: Shutting down and abandoning module XMPP (17)
[2015.12.19-06.41.47:920][845]LogModuleManager: Shutting down and abandoning module OculusRift (16)
[2015.12.19-06.41.47:920][845]LogModuleManager: Shutting down and abandoning module ExampleDeviceProfileSelector (15)
[2015.12.19-06.41.47:920][845]LogModuleManager: Shutting down and abandoning module TextureCompressor (14)
[2015.12.19-06.41.47:920][845]LogModuleManager: Shutting down and abandoning module ShaderCore (13)
[2015.12.19-06.41.47:920][845]LogModuleManager: Shutting down and abandoning module Landscape (12)
[2015.12.19-06.41.47:920][845]LogModuleManager: Shutting down and abandoning module SlateRHIRenderer (11)
[2015.12.19-06.41.47:922][845]LogModuleManager: Shutting down and abandoning module OpenGLDrv (10)
[2015.12.19-06.41.47:922][845]LogModuleManager: Shutting down and abandoning module D3D11RHI (9)
[2015.12.19-06.41.47:922][845]LogModuleManager: Shutting down and abandoning module AnimGraphRuntime (8)
[2015.12.19-06.41.47:923][845]LogModuleManager: Shutting down and abandoning module Renderer (7)
[2015.12.19-06.41.47:923][845]LogModuleManager: Shutting down and abandoning module Engine (6)
[2015.12.19-06.41.47:923][845]LogModuleManager: Shutting down and abandoning module CoreUObject (5)
[2015.12.19-06.41.47:923][845]LogModuleManager: Shutting down and abandoning module NetworkFile (4)
[2015.12.19-06.41.47:923][845]LogModuleManager: Shutting down and abandoning module StreamingFile (3)
[2015.12.19-06.41.47:923][845]LogModuleManager: Shutting down and abandoning module SandboxFile (2)
[2015.12.19-06.41.47:923][845]LogModuleManager: Shutting down and abandoning module PakFile (1)
[2015.12.19-06.41.47:925][845]LogExit: Exiting.
[2015.12.19-06.41.47:944][845]Log file closed, 12/19/15 01:41:47
