[2015.12.19-06.05.21:302][  0]Log file open, 12/19/15 00:05:21
[2015.12.19-06.05.21:302][  0]LogInit:Display: Running engine for game: Board_The_Platforms
[2015.12.19-06.05.21:302][  0]LogPlatformFile: Not using cached read wrapper
[2015.12.19-06.05.21:302][  0]LogInit:Display: RandInit(-441530700) SRandInit(-441530699).
[2015.12.19-06.05.21:302][  0]LogTaskGraph: Started task graph with 4 named threads and 7 total threads.
[2015.12.19-06.05.21:302][  0]LogStats: Stats thread started at 0.104797
[2015.12.19-06.05.21:302][  0]LogInit: Version: 4.10.1-2791327+++depot+UE4-Releases+4.10
[2015.12.19-06.05.21:302][  0]LogInit: API Version: 2758231
[2015.12.19-06.05.21:302][  0]LogInit: Compiled (64-bit): Dec  4 2015 19:44:40
[2015.12.19-06.05.21:302][  0]LogInit: Compiled with Visual C++: 19.00.23026.00
[2015.12.19-06.05.21:302][  0]LogInit: Build Configuration: Development
[2015.12.19-06.05.21:302][  0]LogInit: Branch Name: ++depot+UE4-Releases+4.10
[2015.12.19-06.05.21:302][  0]LogInit: Command line: 
[2015.12.19-06.05.21:302][  0]LogInit: Base directory: C:/Program Files/Epic Games/4.10/Engine/Binaries/Win64/
[2015.12.19-06.05.21:302][  0]LogInit: Rocket: 1
[2015.12.19-06.05.21:314][  0]LogInit: Using libcurl 7.41.0
[2015.12.19-06.05.21:314][  0]LogInit:  - built for x86_64-pc-win32
[2015.12.19-06.05.21:314][  0]LogInit:  - supports SSL with WinSSL
[2015.12.19-06.05.21:314][  0]LogInit:  - other features:
[2015.12.19-06.05.21:314][  0]LogInit:      CURL_VERSION_SSL
[2015.12.19-06.05.21:314][  0]LogInit:      CURL_VERSION_IPV6
[2015.12.19-06.05.21:314][  0]LogInit:      CURL_VERSION_ASYNCHDNS
[2015.12.19-06.05.21:314][  0]LogInit:      CURL_VERSION_LARGEFILE
[2015.12.19-06.05.21:314][  0]LogInit:      CURL_VERSION_IDN
[2015.12.19-06.05.21:314][  0]LogInit:  CurlRequestOptions (configurable via config and command line):
[2015.12.19-06.05.21:314][  0]LogInit:  - bVerifyPeer = true  - Libcurl will verify peer certificate
[2015.12.19-06.05.21:314][  0]LogInit:  - bUseHttpProxy = false  - Libcurl will NOT use HTTP proxy
[2015.12.19-06.05.21:314][  0]LogInit:  - bDontReuseConnections = false  - Libcurl will reuse connections
[2015.12.19-06.05.21:314][  0]LogInit:  - CertBundlePath = nullptr  - Libcurl will use whatever was configured at build time.
[2015.12.19-06.05.21:323][  0]LogInit: Presizing for 0 objects not considered by GC, pre-allocating 0 bytes.
[2015.12.19-06.05.21:328][  0]LogInit: Object subsystem initialized
[2015.12.19-06.05.21:338][  0]LogInit: Selected Device Profile: [Windows]
[2015.12.19-06.05.21:338][  0]LogInit: Applying CVar settings loaded from the selected device profile: [Windows]
[2015.12.19-06.05.21:353][  0]LogInit: Computer: ROWDY-PC
[2015.12.19-06.05.21:353][  0]LogInit: User: Rowdy
[2015.12.19-06.05.21:353][  0]LogInit: CPU Page size=4096, Cores=4
[2015.12.19-06.05.21:353][  0]LogInit: High frequency timer resolution =3.221757 MHz
[2015.12.19-06.05.21:353][  0]LogMemory: Memory total: Physical=7.9GB (8GB approx)
[2015.12.19-06.05.21:353][  0]LogMemory: Platform Memory Stats for Windows
[2015.12.19-06.05.21:353][  0]LogMemory: Process Physical Memory: 55.68 MB used, 55.68 MB peak
[2015.12.19-06.05.21:353][  0]LogMemory: Process Virtual Memory: 58.75 MB used, 58.75 MB peak
[2015.12.19-06.05.21:353][  0]LogMemory: Physical Memory: 6864.81 MB used, 8127.17 MB total
[2015.12.19-06.05.21:353][  0]LogMemory: Virtual Memory: 354.81 MB used, 8388608.00 MB total
[2015.12.19-06.05.21:453][  0]LogTextLocalizationManager: No specific translations for ('en-US') exist, so ('en') translations will be used.
[2015.12.19-06.05.21:965][  0]LogD3D11RHI: Found D3D11 adapter 0: AMD Radeon R7 200 Series (Feature Level 11_0)
[2015.12.19-06.05.21:965][  0]LogD3D11RHI: Adapter has 2025MB of dedicated video memory, 0MB of dedicated system memory, and 3807MB of shared system memory, 2 output[s]
[2015.12.19-06.05.21:965][  0]LogD3D11RHI: Chosen D3D11 Adapter Id = 0
[2015.12.19-06.05.21:969][  0]LogD3D11RHI: !Direct3DDevice
[2015.12.19-06.05.21:969][  0]LogRHI: Texture pool is 1361 MB (70% of 1945 MB)
[2015.12.19-06.05.21:973][  0]LogD3D11RHI: Async texture creation disabled: no driver support
[2015.12.19-06.05.21:981][  0]LogShaderCompilers: Guid format shader working directory is -29 characters bigger than the processId version (../../../../../../Users/Rowdy/Documents/Unreal Projects/Board_The_Platforms/Intermediate/Shaders/WorkingDirectory/6472/).
[2015.12.19-06.05.21:981][  0]LogShaderCompilers: Cleaned the shader compiler working directory 'C:/Users/Rowdy/AppData/Local/Temp/UnrealShaderWorkingDir/5B1B85B9402F73F7B911E18AE51F1198/'.
[2015.12.19-06.05.21:981][  0]LogShaderCompilers:Display: Using Local Shader Compiler.
[2015.12.19-06.05.23:432][  0]LogTemp:Display: Loaded TP AllDesktopTargetPlatform
[2015.12.19-06.05.23:436][  0]LogTemp:Display: Loaded TP WindowsClientTargetPlatform
[2015.12.19-06.05.23:440][  0]LogTemp:Display: Loaded TP WindowsNoEditorTargetPlatform
[2015.12.19-06.05.23:445][  0]LogTemp:Display: Loaded TP WindowsServerTargetPlatform
[2015.12.19-06.05.23:449][  0]LogTemp:Display: Loaded TP WindowsTargetPlatform
[2015.12.19-06.05.23:455][  0]LogTemp:Display: Loaded TP AndroidTargetPlatform
[2015.12.19-06.05.23:457][  0]LogTemp:Display: Loaded TP Android_ASTCTargetPlatform
[2015.12.19-06.05.23:461][  0]LogTemp:Display: Loaded TP Android_ATCTargetPlatform
[2015.12.19-06.05.23:464][  0]LogTemp:Display: Loaded TP Android_DXTTargetPlatform
[2015.12.19-06.05.23:467][  0]LogTemp:Display: Loaded TP Android_ETC1TargetPlatform
[2015.12.19-06.05.23:470][  0]LogTemp:Display: Loaded TP Android_ETC2TargetPlatform
[2015.12.19-06.05.23:477][  0]LogTemp:Display: Loaded TP Android_MultiTargetPlatform
[2015.12.19-06.05.23:477][  0]LogTemp:Display: Loaded TP Android_PVRTCTargetPlatform
[2015.12.19-06.05.23:477][  0]LogTemp:Display: Loaded TP HTML5TargetPlatform
[2015.12.19-06.05.23:496][  0]LogTemp:Display: Loaded TP IOSTargetPlatform
[2015.12.19-06.05.23:499][  0]LogTemp:Display: Loaded TP LinuxNoEditorTargetPlatform
[2015.12.19-06.05.23:502][  0]LogTemp:Display: Loaded TP LinuxServerTargetPlatform
[2015.12.19-06.05.23:510][  0]LogTemp:Display: Loaded TP LinuxTargetPlatform
[2015.12.19-06.05.23:510][  0]LogTargetPlatformManager:Display: Building Assets For Windows
[2015.12.19-06.05.23:595][  0]LogDerivedDataCache:Display: Max Cache Size: 512 MB
[2015.12.19-06.05.23:759][  0]LogDerivedDataCache: Loaded boot cache 0.16s 41MB C:/Users/Rowdy/AppData/Local/UnrealEngine/4.10/DerivedDataCache/Boot.ddc.
[2015.12.19-06.05.23:759][  0]LogDerivedDataCache:Display: Loaded Boot cache: C:/Users/Rowdy/AppData/Local/UnrealEngine/4.10/DerivedDataCache/Boot.ddc
[2015.12.19-06.05.23:759][  0]LogDerivedDataCache: FDerivedDataBackendGraph:  Pak pak cache file ../../../../../../Users/Rowdy/Documents/Unreal Projects/Board_The_Platforms/DerivedDataCache/DDC.ddp not found, will not use a pak cache.
[2015.12.19-06.05.23:759][  0]LogDerivedDataCache: Unable to find inner node Pak for hierarchical cache Hierarchy.
[2015.12.19-06.05.23:759][  0]LogDerivedDataCache: FDerivedDataBackendGraph:  CompressedPak pak cache file ../../../../../../Users/Rowdy/Documents/Unreal Projects/Board_The_Platforms/DerivedDataCache/Compressed.ddp not found, will not use a pak cache.
[2015.12.19-06.05.23:759][  0]LogDerivedDataCache: Unable to find inner node CompressedPak for hierarchical cache Hierarchy.
[2015.12.19-06.05.23:812][  0]LogDerivedDataCache:Display: Pak cache opened for reading ../../../Engine/DerivedDataCache/Compressed.ddp.
[2015.12.19-06.05.23:823][  0]LogDerivedDataCache: Using Local data cache path C:/Users/Rowdy/AppData/Local/UnrealEngine/Common/DerivedDataCache: Writable
[2015.12.19-06.05.24:908][  0]LogInit: Selected Device Profile: [Windows]
[2015.12.19-06.05.24:908][  0]LogContentStreaming: Texture pool size is 0.000000MB
[2015.12.19-06.05.24:937][  0]LogMeshUtilities: No automatic mesh reduction module available
[2015.12.19-06.05.24:937][  0]LogMeshUtilities: No automatic mesh merging module available
[2015.12.19-06.05.25:265][  0]LogInit: WinSock: version 1.1 (2.2), MaxSocks=32767, MaxUdp=65467
[2015.12.19-06.05.27:065][  0]UdpMessaging: Initializing bridge on interface 0.0.0.0:0 to multicast group 230.0.0.1:6666.
[2015.12.19-06.05.27:181][  0]LogAssetRegistry: FAssetRegistry took 0.0097 seconds to start up
[2015.12.19-06.05.27:329][  0]SourceControl: Info Source control is disabled
[2015.12.19-06.05.27:329][  0]SourceControl: Info Source control is disabled
[2015.12.19-06.05.27:339][  0]SourceControl: Info Source control is disabled
[2015.12.19-06.05.27:348][  0]SourceControl: Info Source control is disabled
[2015.12.19-06.05.27:565][  0]LogObj: 28633 objects as part of root set at end of initial load.
[2015.12.19-06.05.27:565][  0]LogUObjectAllocator: 6099744 out of 0 bytes used by permanent object pool.
[2015.12.19-06.05.27:618][  0]LogEngine: Initializing Engine...
[2015.12.19-06.05.27:620][  0]LogHMD: Can't find Oculus library dev build: is proper Runtime installed? Version: 0.8.0.0
[2015.12.19-06.05.28:754][  0]LogHMD: SteamVR failed to initialize.  Err: 108
[2015.12.19-06.05.28:877][  0]LogAIModule: Creating AISystem for world NewWorld
[2015.12.19-06.05.28:884][  0]LogInit: XAudio2 using 'Speakers (4- Logitech G930 Gaming Headset)' : 2 channels at 44.1 kHz using 16 bits per sample (channel mask 0x3)
[2015.12.19-06.05.28:896][  0]LogInit: FAudioDevice initialized.
[2015.12.19-06.05.28:922][  0]LogDerivedDataCache: Saved boot cache 0.03s 41MB C:/Users/Rowdy/AppData/Local/UnrealEngine/4.10/DerivedDataCache/Boot.ddc.
[2015.12.19-06.05.28:928][  0]LogInit: Texture streaming: Enabled
[2015.12.19-06.05.28:933][  0]LogAnalytics: Creating configured Analytics provider AnalyticsET
[2015.12.19-06.05.28:933][  0]LogAnalytics: [UEEditor.Rocket.Release] APIServer = http://et2.epicgames.com/ET2/. AppVersion = 4.10.1-2791327+++depot+UE4-Releases+4.10
[2015.12.19-06.05.28:933][  0]LogAnalytics: [UEEditor.Rocket.Release] SetUserId 1f6c546949b93488dcf0729ebde9a5be|6b9d099c51af4a0c8c8abd49043c77be|d52bccc4-56ef-470f-9214-2f2d12cda0c4
[2015.12.19-06.05.28:933][  0]LogAnalytics: [UEEditor.Rocket.Release] AnalyticsET::StartSession
[2015.12.19-06.05.28:962][  0]LogInit: Transaction tracking system initialized
[2015.12.19-06.05.28:990][  0]BlueprintLog: New page: Editor Load
[2015.12.19-06.05.29:658][  0]LocalizationService: Info Localization service is disabled
[2015.12.19-06.05.29:804][  0]LogConsoleResponse:Display: 
[2015.12.19-06.05.29:950][  0]LogFileCache: Scanning file cache for directory 'C:/Users/Rowdy/Documents/Unreal Projects/Board_The_Platforms/Content/' took 0.01s
[2015.12.19-06.05.29:950][  0]LogCook:Display: Done creating registry. It took  0.00s.
[2015.12.19-06.05.30:018][  0]SourceControl: Info Source control is disabled
[2015.12.19-06.05.30:019][  0]Cmd: MAP LOAD FILE="../../../../../../Users/Rowdy/Documents/Unreal Projects/Board_The_Platforms/Content/SideScrollerBP/Maps/SideScrollerExampleMap.umap" TEMPLATE=0 SHOWPROGRESS=1 FEATURELEVEL=3
[2015.12.19-06.05.30:019][  0]LightingResults: New page: Lighting Build
[2015.12.19-06.05.30:021][  0]MapCheck: New page: Map Check
[2015.12.19-06.05.30:021][  0]LightingResults: New page: Lighting Build
[2015.12.19-06.05.30:033][  0]LogParticles: Destroying 0 GPU particle simulations for FXSystem 0x0000000020756AC0
[2015.12.19-06.05.30:381][  0]LogAIModule: Creating AISystem for world SideScrollerExampleMap
[2015.12.19-06.05.30:391][  0]LogEditorServer: Finished looking for orphan Actors (0.000 secs)
[2015.12.19-06.05.30:392][  0]Cmd: MAP CHECKDEP NOCLEARLOG
[2015.12.19-06.05.30:428][  0]MapCheck: Info Map check complete: 0 Error(s), 0 Warning(s), took 36.123ms to complete.
[2015.12.19-06.05.30:428][  0]LogFileHelpers: Loading map 'SideScrollerExampleMap' took 0.410
[2015.12.19-06.05.30:554][  0]LogCollectionManager: Loaded 0 collections in 0.001940 seconds
[2015.12.19-06.05.30:600][  0]LogFileCache: Scanning file cache for directory 'C:/Users/Rowdy/Documents/Unreal Projects/Board_The_Platforms/Saved/Collections/' took 0.01s
[2015.12.19-06.05.30:600][  0]LogFileCache: Scanning file cache for directory 'C:/Users/Rowdy/Docu